CRITICAL - 2020-11-30 00:00:10 --> Invalid file: {0}
#0 D:\xampp\htdocs\bltprogram\system\View\View.php(228): CodeIgniter\Exceptions\FrameworkException::forInvalidFile('Register.php')
#1 D:\xampp\htdocs\bltprogram\system\Common.php(1119): CodeIgniter\View\View->render('Register', Array, true)
#2 D:\xampp\htdocs\bltprogram\app\Controllers\Register.php(13): view('Register')
#3 D:\xampp\htdocs\bltprogram\system\CodeIgniter.php(922): App\Controllers\Register->index()
#4 D:\xampp\htdocs\bltprogram\system\CodeIgniter.php(408): CodeIgniter\CodeIgniter->runController(Object(App\Controllers\Register))
#5 D:\xampp\htdocs\bltprogram\system\CodeIgniter.php(316): CodeIgniter\CodeIgniter->handleRequest(NULL, Object(Config\Cache), false)
#6 D:\xampp\htdocs\bltprogram\public\index.php(45): CodeIgniter\CodeIgniter->run()
#7 {main}
CRITICAL - 2020-11-30 00:00:36 --> Invalid file: {0}
#0 D:\xampp\htdocs\bltprogram\system\View\View.php(228): CodeIgniter\Exceptions\FrameworkException::forInvalidFile('Register.php')
#1 D:\xampp\htdocs\bltprogram\system\Common.php(1119): CodeIgniter\View\View->render('Register', Array, true)
#2 D:\xampp\htdocs\bltprogram\app\Controllers\Register.php(13): view('Register')
#3 D:\xampp\htdocs\bltprogram\system\CodeIgniter.php(922): App\Controllers\Register->index()
#4 D:\xampp\htdocs\bltprogram\system\CodeIgniter.php(408): CodeIgniter\CodeIgniter->runController(Object(App\Controllers\Register))
#5 D:\xampp\htdocs\bltprogram\system\CodeIgniter.php(316): CodeIgniter\CodeIgniter->handleRequest(NULL, Object(Config\Cache), false)
#6 D:\xampp\htdocs\bltprogram\public\index.php(45): CodeIgniter\CodeIgniter->run()
#7 {main}
CRITICAL - 2020-11-30 00:08:22 --> Call to undefined function form_open()
#0 D:\xampp\htdocs\bltprogram\system\View\View.php(246): include()
#1 D:\xampp\htdocs\bltprogram\system\Common.php(1119): CodeIgniter\View\View->render('Register/index', Array, true)
#2 D:\xampp\htdocs\bltprogram\app\Controllers\Register.php(24): view('Register/index')
#3 D:\xampp\htdocs\bltprogram\system\CodeIgniter.php(922): App\Controllers\Register->index()
#4 D:\xampp\htdocs\bltprogram\system\CodeIgniter.php(408): CodeIgniter\CodeIgniter->runController(Object(App\Controllers\Register))
#5 D:\xampp\htdocs\bltprogram\system\CodeIgniter.php(316): CodeIgniter\CodeIgniter->handleRequest(NULL, Object(Config\Cache), false)
#6 D:\xampp\htdocs\bltprogram\public\index.php(45): CodeIgniter\CodeIgniter->run()
#7 {main}
CRITICAL - 2020-11-30 00:10:14 --> Call to undefined function form_open()
#0 D:\xampp\htdocs\bltprogram\system\View\View.php(246): include()
#1 D:\xampp\htdocs\bltprogram\system\Common.php(1119): CodeIgniter\View\View->render('Register/index', Array, true)
#2 D:\xampp\htdocs\bltprogram\app\Controllers\Register.php(24): view('Register/index')
#3 D:\xampp\htdocs\bltprogram\system\CodeIgniter.php(922): App\Controllers\Register->index()
#4 D:\xampp\htdocs\bltprogram\system\CodeIgniter.php(408): CodeIgniter\CodeIgniter->runController(Object(App\Controllers\Register))
#5 D:\xampp\htdocs\bltprogram\system\CodeIgniter.php(316): CodeIgniter\CodeIgniter->handleRequest(NULL, Object(Config\Cache), false)
#6 D:\xampp\htdocs\bltprogram\public\index.php(45): CodeIgniter\CodeIgniter->run()
#7 {main}
CRITICAL - 2020-11-30 00:10:33 --> Call to undefined function form_input()
#0 D:\xampp\htdocs\bltprogram\system\View\View.php(246): include()
#1 D:\xampp\htdocs\bltprogram\system\Common.php(1119): CodeIgniter\View\View->render('Register/index', Array, true)
#2 D:\xampp\htdocs\bltprogram\app\Controllers\Register.php(24): view('Register/index')
#3 D:\xampp\htdocs\bltprogram\system\CodeIgniter.php(922): App\Controllers\Register->index()
#4 D:\xampp\htdocs\bltprogram\system\CodeIgniter.php(408): CodeIgniter\CodeIgniter->runController(Object(App\Controllers\Register))
#5 D:\xampp\htdocs\bltprogram\system\CodeIgniter.php(316): CodeIgniter\CodeIgniter->handleRequest(NULL, Object(Config\Cache), false)
#6 D:\xampp\htdocs\bltprogram\public\index.php(45): CodeIgniter\CodeIgniter->run()
#7 {main}
CRITICAL - 2020-11-30 00:10:49 --> Call to undefined function form_input()
#0 D:\xampp\htdocs\bltprogram\system\View\View.php(246): include()
#1 D:\xampp\htdocs\bltprogram\system\Common.php(1119): CodeIgniter\View\View->render('Register/index', Array, true)
#2 D:\xampp\htdocs\bltprogram\app\Controllers\Register.php(24): view('Register/index')
#3 D:\xampp\htdocs\bltprogram\system\CodeIgniter.php(922): App\Controllers\Register->index()
#4 D:\xampp\htdocs\bltprogram\system\CodeIgniter.php(408): CodeIgniter\CodeIgniter->runController(Object(App\Controllers\Register))
#5 D:\xampp\htdocs\bltprogram\system\CodeIgniter.php(316): CodeIgniter\CodeIgniter->handleRequest(NULL, Object(Config\Cache), false)
#6 D:\xampp\htdocs\bltprogram\public\index.php(45): CodeIgniter\CodeIgniter->run()
#7 {main}
CRITICAL - 2020-11-30 00:13:58 --> Call to undefined function form_input()
#0 D:\xampp\htdocs\bltprogram\system\View\View.php(246): include()
#1 D:\xampp\htdocs\bltprogram\system\Common.php(1119): CodeIgniter\View\View->render('Register/index', Array, true)
#2 D:\xampp\htdocs\bltprogram\app\Controllers\Register.php(24): view('Register/index')
#3 D:\xampp\htdocs\bltprogram\system\CodeIgniter.php(922): App\Controllers\Register->index()
#4 D:\xampp\htdocs\bltprogram\system\CodeIgniter.php(408): CodeIgniter\CodeIgniter->runController(Object(App\Controllers\Register))
#5 D:\xampp\htdocs\bltprogram\system\CodeIgniter.php(316): CodeIgniter\CodeIgniter->handleRequest(NULL, Object(Config\Cache), false)
#6 D:\xampp\htdocs\bltprogram\public\index.php(45): CodeIgniter\CodeIgniter->run()
#7 {main}
