CRITICAL - 2020-11-29 03:11:18 --> Call to a member function model() on null
#0 D:\xampp\htdocs\bltprogram\system\CodeIgniter.php(894): App\Controllers\U_user->__construct()
#1 D:\xampp\htdocs\bltprogram\system\CodeIgniter.php(403): CodeIgniter\CodeIgniter->createController()
#2 D:\xampp\htdocs\bltprogram\system\CodeIgniter.php(316): CodeIgniter\CodeIgniter->handleRequest(NULL, Object(Config\Cache), false)
#3 D:\xampp\htdocs\bltprogram\public\index.php(45): CodeIgniter\CodeIgniter->run()
#4 {main}
CRITICAL - 2020-11-29 03:11:30 --> Call to a member function model() on null
#0 D:\xampp\htdocs\bltprogram\system\CodeIgniter.php(894): App\Controllers\U_user->__construct()
#1 D:\xampp\htdocs\bltprogram\system\CodeIgniter.php(403): CodeIgniter\CodeIgniter->createController()
#2 D:\xampp\htdocs\bltprogram\system\CodeIgniter.php(316): CodeIgniter\CodeIgniter->handleRequest(NULL, Object(Config\Cache), false)
#3 D:\xampp\htdocs\bltprogram\public\index.php(45): CodeIgniter\CodeIgniter->run()
#4 {main}
CRITICAL - 2020-11-29 03:12:44 --> Namespace declaration statement has to be the very first statement or after any declare call in the script
#0 [internal function]: CodeIgniter\Debug\Exceptions->shutdownHandler()
#1 {main}
CRITICAL - 2020-11-29 03:14:12 --> Call to a member function model() on null
#0 D:\xampp\htdocs\bltprogram\system\CodeIgniter.php(894): App\Controllers\U_user->__construct()
#1 D:\xampp\htdocs\bltprogram\system\CodeIgniter.php(403): CodeIgniter\CodeIgniter->createController()
#2 D:\xampp\htdocs\bltprogram\system\CodeIgniter.php(316): CodeIgniter\CodeIgniter->handleRequest(NULL, Object(Config\Cache), false)
#3 D:\xampp\htdocs\bltprogram\public\index.php(45): CodeIgniter\CodeIgniter->run()
#4 {main}
CRITICAL - 2020-11-29 03:17:19 --> Call to a member function count_all() on null
#0 D:\xampp\htdocs\bltprogram\system\CodeIgniter.php(922): App\Controllers\User->index()
#1 D:\xampp\htdocs\bltprogram\system\CodeIgniter.php(408): CodeIgniter\CodeIgniter->runController(Object(App\Controllers\User))
#2 D:\xampp\htdocs\bltprogram\system\CodeIgniter.php(316): CodeIgniter\CodeIgniter->handleRequest(NULL, Object(Config\Cache), false)
#3 D:\xampp\htdocs\bltprogram\public\index.php(45): CodeIgniter\CodeIgniter->run()
#4 {main}
CRITICAL - 2020-11-29 03:18:58 --> Call to a member function count_all() on null
#0 D:\xampp\htdocs\bltprogram\system\CodeIgniter.php(922): App\Controllers\User->index()
#1 D:\xampp\htdocs\bltprogram\system\CodeIgniter.php(408): CodeIgniter\CodeIgniter->runController(Object(App\Controllers\User))
#2 D:\xampp\htdocs\bltprogram\system\CodeIgniter.php(316): CodeIgniter\CodeIgniter->handleRequest(NULL, Object(Config\Cache), false)
#3 D:\xampp\htdocs\bltprogram\public\index.php(45): CodeIgniter\CodeIgniter->run()
#4 {main}
CRITICAL - 2020-11-29 03:18:59 --> Call to a member function count_all() on null
#0 D:\xampp\htdocs\bltprogram\system\CodeIgniter.php(922): App\Controllers\User->index()
#1 D:\xampp\htdocs\bltprogram\system\CodeIgniter.php(408): CodeIgniter\CodeIgniter->runController(Object(App\Controllers\User))
#2 D:\xampp\htdocs\bltprogram\system\CodeIgniter.php(316): CodeIgniter\CodeIgniter->handleRequest(NULL, Object(Config\Cache), false)
#3 D:\xampp\htdocs\bltprogram\public\index.php(45): CodeIgniter\CodeIgniter->run()
#4 {main}
CRITICAL - 2020-11-29 03:18:59 --> Call to a member function count_all() on null
#0 D:\xampp\htdocs\bltprogram\system\CodeIgniter.php(922): App\Controllers\User->index()
#1 D:\xampp\htdocs\bltprogram\system\CodeIgniter.php(408): CodeIgniter\CodeIgniter->runController(Object(App\Controllers\User))
#2 D:\xampp\htdocs\bltprogram\system\CodeIgniter.php(316): CodeIgniter\CodeIgniter->handleRequest(NULL, Object(Config\Cache), false)
#3 D:\xampp\htdocs\bltprogram\public\index.php(45): CodeIgniter\CodeIgniter->run()
#4 {main}
CRITICAL - 2020-11-29 03:18:59 --> Call to a member function count_all() on null
#0 D:\xampp\htdocs\bltprogram\system\CodeIgniter.php(922): App\Controllers\User->index()
#1 D:\xampp\htdocs\bltprogram\system\CodeIgniter.php(408): CodeIgniter\CodeIgniter->runController(Object(App\Controllers\User))
#2 D:\xampp\htdocs\bltprogram\system\CodeIgniter.php(316): CodeIgniter\CodeIgniter->handleRequest(NULL, Object(Config\Cache), false)
#3 D:\xampp\htdocs\bltprogram\public\index.php(45): CodeIgniter\CodeIgniter->run()
#4 {main}
CRITICAL - 2020-11-29 03:19:00 --> Call to a member function count_all() on null
#0 D:\xampp\htdocs\bltprogram\system\CodeIgniter.php(922): App\Controllers\User->index()
#1 D:\xampp\htdocs\bltprogram\system\CodeIgniter.php(408): CodeIgniter\CodeIgniter->runController(Object(App\Controllers\User))
#2 D:\xampp\htdocs\bltprogram\system\CodeIgniter.php(316): CodeIgniter\CodeIgniter->handleRequest(NULL, Object(Config\Cache), false)
#3 D:\xampp\htdocs\bltprogram\public\index.php(45): CodeIgniter\CodeIgniter->run()
#4 {main}
CRITICAL - 2020-11-29 03:19:00 --> Call to a member function count_all() on null
#0 D:\xampp\htdocs\bltprogram\system\CodeIgniter.php(922): App\Controllers\User->index()
#1 D:\xampp\htdocs\bltprogram\system\CodeIgniter.php(408): CodeIgniter\CodeIgniter->runController(Object(App\Controllers\User))
#2 D:\xampp\htdocs\bltprogram\system\CodeIgniter.php(316): CodeIgniter\CodeIgniter->handleRequest(NULL, Object(Config\Cache), false)
#3 D:\xampp\htdocs\bltprogram\public\index.php(45): CodeIgniter\CodeIgniter->run()
#4 {main}
CRITICAL - 2020-11-29 03:19:00 --> Call to a member function count_all() on null
#0 D:\xampp\htdocs\bltprogram\system\CodeIgniter.php(922): App\Controllers\User->index()
#1 D:\xampp\htdocs\bltprogram\system\CodeIgniter.php(408): CodeIgniter\CodeIgniter->runController(Object(App\Controllers\User))
#2 D:\xampp\htdocs\bltprogram\system\CodeIgniter.php(316): CodeIgniter\CodeIgniter->handleRequest(NULL, Object(Config\Cache), false)
#3 D:\xampp\htdocs\bltprogram\public\index.php(45): CodeIgniter\CodeIgniter->run()
#4 {main}
CRITICAL - 2020-11-29 03:19:25 --> Call to a member function render() on null
#0 D:\xampp\htdocs\bltprogram\system\CodeIgniter.php(922): App\Controllers\User->index()
#1 D:\xampp\htdocs\bltprogram\system\CodeIgniter.php(408): CodeIgniter\CodeIgniter->runController(Object(App\Controllers\User))
#2 D:\xampp\htdocs\bltprogram\system\CodeIgniter.php(316): CodeIgniter\CodeIgniter->handleRequest(NULL, Object(Config\Cache), false)
#3 D:\xampp\htdocs\bltprogram\public\index.php(45): CodeIgniter\CodeIgniter->run()
#4 {main}
CRITICAL - 2020-11-29 03:19:26 --> Call to a member function render() on null
#0 D:\xampp\htdocs\bltprogram\system\CodeIgniter.php(922): App\Controllers\User->index()
#1 D:\xampp\htdocs\bltprogram\system\CodeIgniter.php(408): CodeIgniter\CodeIgniter->runController(Object(App\Controllers\User))
#2 D:\xampp\htdocs\bltprogram\system\CodeIgniter.php(316): CodeIgniter\CodeIgniter->handleRequest(NULL, Object(Config\Cache), false)
#3 D:\xampp\htdocs\bltprogram\public\index.php(45): CodeIgniter\CodeIgniter->run()
#4 {main}
CRITICAL - 2020-11-29 03:19:59 --> Call to a member function flashdata() on null
#0 D:\xampp\htdocs\bltprogram\system\View\View.php(246): include()
#1 D:\xampp\htdocs\bltprogram\system\Common.php(1119): CodeIgniter\View\View->render('User/view', Array, true)
#2 D:\xampp\htdocs\bltprogram\app\Controllers\User.php(23): view('User/view')
#3 D:\xampp\htdocs\bltprogram\system\CodeIgniter.php(922): App\Controllers\User->index()
#4 D:\xampp\htdocs\bltprogram\system\CodeIgniter.php(408): CodeIgniter\CodeIgniter->runController(Object(App\Controllers\User))
#5 D:\xampp\htdocs\bltprogram\system\CodeIgniter.php(316): CodeIgniter\CodeIgniter->handleRequest(NULL, Object(Config\Cache), false)
#6 D:\xampp\htdocs\bltprogram\public\index.php(45): CodeIgniter\CodeIgniter->run()
#7 {main}
CRITICAL - 2020-11-29 03:20:14 --> Call to a member function flashdata() on null
#0 D:\xampp\htdocs\bltprogram\system\View\View.php(246): include()
#1 D:\xampp\htdocs\bltprogram\system\Common.php(1119): CodeIgniter\View\View->render('User/view', Array, true)
#2 D:\xampp\htdocs\bltprogram\app\Controllers\User.php(23): view('User/view')
#3 D:\xampp\htdocs\bltprogram\system\CodeIgniter.php(922): App\Controllers\User->index()
#4 D:\xampp\htdocs\bltprogram\system\CodeIgniter.php(408): CodeIgniter\CodeIgniter->runController(Object(App\Controllers\User))
#5 D:\xampp\htdocs\bltprogram\system\CodeIgniter.php(316): CodeIgniter\CodeIgniter->handleRequest(NULL, Object(Config\Cache), false)
#6 D:\xampp\htdocs\bltprogram\public\index.php(45): CodeIgniter\CodeIgniter->run()
#7 {main}
CRITICAL - 2020-11-29 03:21:17 --> Call to a member function flashdata() on null
#0 D:\xampp\htdocs\bltprogram\system\View\View.php(246): include()
#1 D:\xampp\htdocs\bltprogram\system\Common.php(1119): CodeIgniter\View\View->render('User/view', Array, true)
#2 D:\xampp\htdocs\bltprogram\app\Controllers\User.php(23): view('User/view')
#3 D:\xampp\htdocs\bltprogram\system\CodeIgniter.php(922): App\Controllers\User->index()
#4 D:\xampp\htdocs\bltprogram\system\CodeIgniter.php(408): CodeIgniter\CodeIgniter->runController(Object(App\Controllers\User))
#5 D:\xampp\htdocs\bltprogram\system\CodeIgniter.php(316): CodeIgniter\CodeIgniter->handleRequest(NULL, Object(Config\Cache), false)
#6 D:\xampp\htdocs\bltprogram\public\index.php(45): CodeIgniter\CodeIgniter->run()
#7 {main}
CRITICAL - 2020-11-29 03:21:54 --> Call to a member function flashdata() on null
#0 D:\xampp\htdocs\bltprogram\system\View\View.php(246): include()
#1 D:\xampp\htdocs\bltprogram\system\Common.php(1119): CodeIgniter\View\View->render('User/newpage', Array, true)
#2 D:\xampp\htdocs\bltprogram\app\Controllers\User.php(23): view('User/newpage')
#3 D:\xampp\htdocs\bltprogram\system\CodeIgniter.php(922): App\Controllers\User->index()
#4 D:\xampp\htdocs\bltprogram\system\CodeIgniter.php(408): CodeIgniter\CodeIgniter->runController(Object(App\Controllers\User))
#5 D:\xampp\htdocs\bltprogram\system\CodeIgniter.php(316): CodeIgniter\CodeIgniter->handleRequest(NULL, Object(Config\Cache), false)
#6 D:\xampp\htdocs\bltprogram\public\index.php(45): CodeIgniter\CodeIgniter->run()
#7 {main}
CRITICAL - 2020-11-29 03:21:55 --> Call to a member function flashdata() on null
#0 D:\xampp\htdocs\bltprogram\system\View\View.php(246): include()
#1 D:\xampp\htdocs\bltprogram\system\Common.php(1119): CodeIgniter\View\View->render('User/newpage', Array, true)
#2 D:\xampp\htdocs\bltprogram\app\Controllers\User.php(23): view('User/newpage')
#3 D:\xampp\htdocs\bltprogram\system\CodeIgniter.php(922): App\Controllers\User->index()
#4 D:\xampp\htdocs\bltprogram\system\CodeIgniter.php(408): CodeIgniter\CodeIgniter->runController(Object(App\Controllers\User))
#5 D:\xampp\htdocs\bltprogram\system\CodeIgniter.php(316): CodeIgniter\CodeIgniter->handleRequest(NULL, Object(Config\Cache), false)
#6 D:\xampp\htdocs\bltprogram\public\index.php(45): CodeIgniter\CodeIgniter->run()
#7 {main}
CRITICAL - 2020-11-29 03:21:55 --> Call to a member function flashdata() on null
#0 D:\xampp\htdocs\bltprogram\system\View\View.php(246): include()
#1 D:\xampp\htdocs\bltprogram\system\Common.php(1119): CodeIgniter\View\View->render('User/newpage', Array, true)
#2 D:\xampp\htdocs\bltprogram\app\Controllers\User.php(23): view('User/newpage')
#3 D:\xampp\htdocs\bltprogram\system\CodeIgniter.php(922): App\Controllers\User->index()
#4 D:\xampp\htdocs\bltprogram\system\CodeIgniter.php(408): CodeIgniter\CodeIgniter->runController(Object(App\Controllers\User))
#5 D:\xampp\htdocs\bltprogram\system\CodeIgniter.php(316): CodeIgniter\CodeIgniter->handleRequest(NULL, Object(Config\Cache), false)
#6 D:\xampp\htdocs\bltprogram\public\index.php(45): CodeIgniter\CodeIgniter->run()
#7 {main}
CRITICAL - 2020-11-29 03:22:38 --> Call to undefined function notify()
#0 D:\xampp\htdocs\bltprogram\system\View\View.php(246): include()
#1 D:\xampp\htdocs\bltprogram\system\Common.php(1119): CodeIgniter\View\View->render('User/newpage', Array, true)
#2 D:\xampp\htdocs\bltprogram\app\Controllers\User.php(23): view('User/newpage')
#3 D:\xampp\htdocs\bltprogram\system\CodeIgniter.php(922): App\Controllers\User->index()
#4 D:\xampp\htdocs\bltprogram\system\CodeIgniter.php(408): CodeIgniter\CodeIgniter->runController(Object(App\Controllers\User))
#5 D:\xampp\htdocs\bltprogram\system\CodeIgniter.php(316): CodeIgniter\CodeIgniter->handleRequest(NULL, Object(Config\Cache), false)
#6 D:\xampp\htdocs\bltprogram\public\index.php(45): CodeIgniter\CodeIgniter->run()
#7 {main}
CRITICAL - 2020-11-29 03:25:01 --> Call to a member function count_all() on null
#0 D:\xampp\htdocs\bltprogram\system\CodeIgniter.php(922): App\Controllers\User->index()
#1 D:\xampp\htdocs\bltprogram\system\CodeIgniter.php(408): CodeIgniter\CodeIgniter->runController(Object(App\Controllers\User))
#2 D:\xampp\htdocs\bltprogram\system\CodeIgniter.php(316): CodeIgniter\CodeIgniter->handleRequest(NULL, Object(Config\Cache), false)
#3 D:\xampp\htdocs\bltprogram\public\index.php(45): CodeIgniter\CodeIgniter->run()
#4 {main}
CRITICAL - 2020-11-29 03:28:05 --> Call to a member function count_all() on null
#0 D:\xampp\htdocs\bltprogram\system\CodeIgniter.php(922): App\Controllers\User->index()
#1 D:\xampp\htdocs\bltprogram\system\CodeIgniter.php(408): CodeIgniter\CodeIgniter->runController(Object(App\Controllers\User))
#2 D:\xampp\htdocs\bltprogram\system\CodeIgniter.php(316): CodeIgniter\CodeIgniter->handleRequest(NULL, Object(Config\Cache), false)
#3 D:\xampp\htdocs\bltprogram\public\index.php(45): CodeIgniter\CodeIgniter->run()
#4 {main}
CRITICAL - 2020-11-29 03:29:44 --> Call to a member function count_all() on null
#0 D:\xampp\htdocs\bltprogram\system\CodeIgniter.php(922): App\Controllers\User->index()
#1 D:\xampp\htdocs\bltprogram\system\CodeIgniter.php(408): CodeIgniter\CodeIgniter->runController(Object(App\Controllers\User))
#2 D:\xampp\htdocs\bltprogram\system\CodeIgniter.php(316): CodeIgniter\CodeIgniter->handleRequest(NULL, Object(Config\Cache), false)
#3 D:\xampp\htdocs\bltprogram\public\index.php(45): CodeIgniter\CodeIgniter->run()
#4 {main}
CRITICAL - 2020-11-29 03:29:45 --> Call to a member function count_all() on null
#0 D:\xampp\htdocs\bltprogram\system\CodeIgniter.php(922): App\Controllers\User->index()
#1 D:\xampp\htdocs\bltprogram\system\CodeIgniter.php(408): CodeIgniter\CodeIgniter->runController(Object(App\Controllers\User))
#2 D:\xampp\htdocs\bltprogram\system\CodeIgniter.php(316): CodeIgniter\CodeIgniter->handleRequest(NULL, Object(Config\Cache), false)
#3 D:\xampp\htdocs\bltprogram\public\index.php(45): CodeIgniter\CodeIgniter->run()
#4 {main}
CRITICAL - 2020-11-29 03:29:45 --> Call to a member function count_all() on null
#0 D:\xampp\htdocs\bltprogram\system\CodeIgniter.php(922): App\Controllers\User->index()
#1 D:\xampp\htdocs\bltprogram\system\CodeIgniter.php(408): CodeIgniter\CodeIgniter->runController(Object(App\Controllers\User))
#2 D:\xampp\htdocs\bltprogram\system\CodeIgniter.php(316): CodeIgniter\CodeIgniter->handleRequest(NULL, Object(Config\Cache), false)
#3 D:\xampp\htdocs\bltprogram\public\index.php(45): CodeIgniter\CodeIgniter->run()
#4 {main}
CRITICAL - 2020-11-29 03:29:45 --> Call to a member function count_all() on null
#0 D:\xampp\htdocs\bltprogram\system\CodeIgniter.php(922): App\Controllers\User->index()
#1 D:\xampp\htdocs\bltprogram\system\CodeIgniter.php(408): CodeIgniter\CodeIgniter->runController(Object(App\Controllers\User))
#2 D:\xampp\htdocs\bltprogram\system\CodeIgniter.php(316): CodeIgniter\CodeIgniter->handleRequest(NULL, Object(Config\Cache), false)
#3 D:\xampp\htdocs\bltprogram\public\index.php(45): CodeIgniter\CodeIgniter->run()
#4 {main}
CRITICAL - 2020-11-29 03:30:25 --> Call to a member function count_all() on null
#0 D:\xampp\htdocs\bltprogram\system\CodeIgniter.php(922): App\Controllers\User->index()
#1 D:\xampp\htdocs\bltprogram\system\CodeIgniter.php(408): CodeIgniter\CodeIgniter->runController(Object(App\Controllers\User))
#2 D:\xampp\htdocs\bltprogram\system\CodeIgniter.php(316): CodeIgniter\CodeIgniter->handleRequest(NULL, Object(Config\Cache), false)
#3 D:\xampp\htdocs\bltprogram\public\index.php(45): CodeIgniter\CodeIgniter->run()
#4 {main}
CRITICAL - 2020-11-29 03:31:21 --> Undefined property: App\Controllers\User::$User
#0 D:\xampp\htdocs\bltprogram\app\Controllers\User.php(9): CodeIgniter\Debug\Exceptions->errorHandler(8, 'Undefined prope...', 'D:\\xampp\\htdocs...', 9, Array)
#1 D:\xampp\htdocs\bltprogram\system\CodeIgniter.php(922): App\Controllers\User->index()
#2 D:\xampp\htdocs\bltprogram\system\CodeIgniter.php(408): CodeIgniter\CodeIgniter->runController(Object(App\Controllers\User))
#3 D:\xampp\htdocs\bltprogram\system\CodeIgniter.php(316): CodeIgniter\CodeIgniter->handleRequest(NULL, Object(Config\Cache), false)
#4 D:\xampp\htdocs\bltprogram\public\index.php(45): CodeIgniter\CodeIgniter->run()
#5 {main}
CRITICAL - 2020-11-29 03:31:59 --> Call to undefined method App\Controllers\User::count_all()
#0 D:\xampp\htdocs\bltprogram\system\CodeIgniter.php(922): App\Controllers\User->index()
#1 D:\xampp\htdocs\bltprogram\system\CodeIgniter.php(408): CodeIgniter\CodeIgniter->runController(Object(App\Controllers\User))
#2 D:\xampp\htdocs\bltprogram\system\CodeIgniter.php(316): CodeIgniter\CodeIgniter->handleRequest(NULL, Object(Config\Cache), false)
#3 D:\xampp\htdocs\bltprogram\public\index.php(45): CodeIgniter\CodeIgniter->run()
#4 {main}
CRITICAL - 2020-11-29 03:32:01 --> Call to undefined method App\Controllers\User::count_all()
#0 D:\xampp\htdocs\bltprogram\system\CodeIgniter.php(922): App\Controllers\User->index()
#1 D:\xampp\htdocs\bltprogram\system\CodeIgniter.php(408): CodeIgniter\CodeIgniter->runController(Object(App\Controllers\User))
#2 D:\xampp\htdocs\bltprogram\system\CodeIgniter.php(316): CodeIgniter\CodeIgniter->handleRequest(NULL, Object(Config\Cache), false)
#3 D:\xampp\htdocs\bltprogram\public\index.php(45): CodeIgniter\CodeIgniter->run()
#4 {main}
CRITICAL - 2020-11-29 03:32:57 --> Undefined property: App\Controllers\User::$U_user
#0 D:\xampp\htdocs\bltprogram\app\Controllers\User.php(9): CodeIgniter\Debug\Exceptions->errorHandler(8, 'Undefined prope...', 'D:\\xampp\\htdocs...', 9, Array)
#1 D:\xampp\htdocs\bltprogram\system\CodeIgniter.php(922): App\Controllers\User->index()
#2 D:\xampp\htdocs\bltprogram\system\CodeIgniter.php(408): CodeIgniter\CodeIgniter->runController(Object(App\Controllers\User))
#3 D:\xampp\htdocs\bltprogram\system\CodeIgniter.php(316): CodeIgniter\CodeIgniter->handleRequest(NULL, Object(Config\Cache), false)
#4 D:\xampp\htdocs\bltprogram\public\index.php(45): CodeIgniter\CodeIgniter->run()
#5 {main}
CRITICAL - 2020-11-29 03:34:31 --> Cannot call constructor
#0 D:\xampp\htdocs\bltprogram\system\CodeIgniter.php(894): App\Controllers\User->__construct()
#1 D:\xampp\htdocs\bltprogram\system\CodeIgniter.php(403): CodeIgniter\CodeIgniter->createController()
#2 D:\xampp\htdocs\bltprogram\system\CodeIgniter.php(316): CodeIgniter\CodeIgniter->handleRequest(NULL, Object(Config\Cache), false)
#3 D:\xampp\htdocs\bltprogram\public\index.php(45): CodeIgniter\CodeIgniter->run()
#4 {main}
CRITICAL - 2020-11-29 03:34:55 --> Undefined property: App\Controllers\User::$load
#0 D:\xampp\htdocs\bltprogram\app\Controllers\User.php(8): CodeIgniter\Debug\Exceptions->errorHandler(8, 'Undefined prope...', 'D:\\xampp\\htdocs...', 8, Array)
#1 D:\xampp\htdocs\bltprogram\system\CodeIgniter.php(894): App\Controllers\User->__construct()
#2 D:\xampp\htdocs\bltprogram\system\CodeIgniter.php(403): CodeIgniter\CodeIgniter->createController()
#3 D:\xampp\htdocs\bltprogram\system\CodeIgniter.php(316): CodeIgniter\CodeIgniter->handleRequest(NULL, Object(Config\Cache), false)
#4 D:\xampp\htdocs\bltprogram\public\index.php(45): CodeIgniter\CodeIgniter->run()
#5 {main}
CRITICAL - 2020-11-29 03:42:18 --> Undefined property: App\Controllers\User::$load
#0 D:\xampp\htdocs\bltprogram\app\Controllers\User.php(8): CodeIgniter\Debug\Exceptions->errorHandler(8, 'Undefined prope...', 'D:\\xampp\\htdocs...', 8, Array)
#1 D:\xampp\htdocs\bltprogram\system\CodeIgniter.php(894): App\Controllers\User->__construct()
#2 D:\xampp\htdocs\bltprogram\system\CodeIgniter.php(403): CodeIgniter\CodeIgniter->createController()
#3 D:\xampp\htdocs\bltprogram\system\CodeIgniter.php(316): CodeIgniter\CodeIgniter->handleRequest(NULL, Object(Config\Cache), false)
#4 D:\xampp\htdocs\bltprogram\public\index.php(45): CodeIgniter\CodeIgniter->run()
#5 {main}
CRITICAL - 2020-11-29 03:46:38 --> syntax error, unexpected '/', expecting ',' or ';'
#0 D:\xampp\htdocs\bltprogram\system\Router\Router.php(195): CodeIgniter\Router\Router->autoRoute('User')
#1 D:\xampp\htdocs\bltprogram\system\CodeIgniter.php(797): CodeIgniter\Router\Router->handle('User')
#2 D:\xampp\htdocs\bltprogram\system\CodeIgniter.php(368): CodeIgniter\CodeIgniter->tryToRouteIt(Object(CodeIgniter\Router\RouteCollection))
#3 D:\xampp\htdocs\bltprogram\system\CodeIgniter.php(316): CodeIgniter\CodeIgniter->handleRequest(NULL, Object(Config\Cache), false)
#4 D:\xampp\htdocs\bltprogram\public\index.php(45): CodeIgniter\CodeIgniter->run()
#5 {main}
CRITICAL - 2020-11-29 04:14:27 --> syntax error, unexpected '$userdata' (T_VARIABLE)
#0 D:\xampp\htdocs\bltprogram\system\Router\Router.php(195): CodeIgniter\Router\Router->autoRoute('User')
#1 D:\xampp\htdocs\bltprogram\system\CodeIgniter.php(797): CodeIgniter\Router\Router->handle('User')
#2 D:\xampp\htdocs\bltprogram\system\CodeIgniter.php(368): CodeIgniter\CodeIgniter->tryToRouteIt(Object(CodeIgniter\Router\RouteCollection))
#3 D:\xampp\htdocs\bltprogram\system\CodeIgniter.php(316): CodeIgniter\CodeIgniter->handleRequest(NULL, Object(Config\Cache), false)
#4 D:\xampp\htdocs\bltprogram\public\index.php(45): CodeIgniter\CodeIgniter->run()
#5 {main}
CRITICAL - 2020-11-29 04:14:28 --> syntax error, unexpected '$userdata' (T_VARIABLE)
#0 D:\xampp\htdocs\bltprogram\system\Router\Router.php(195): CodeIgniter\Router\Router->autoRoute('User')
#1 D:\xampp\htdocs\bltprogram\system\CodeIgniter.php(797): CodeIgniter\Router\Router->handle('User')
#2 D:\xampp\htdocs\bltprogram\system\CodeIgniter.php(368): CodeIgniter\CodeIgniter->tryToRouteIt(Object(CodeIgniter\Router\RouteCollection))
#3 D:\xampp\htdocs\bltprogram\system\CodeIgniter.php(316): CodeIgniter\CodeIgniter->handleRequest(NULL, Object(Config\Cache), false)
#4 D:\xampp\htdocs\bltprogram\public\index.php(45): CodeIgniter\CodeIgniter->run()
#5 {main}
CRITICAL - 2020-11-29 04:16:03 --> syntax error, unexpected '$data' (T_VARIABLE)
#0 D:\xampp\htdocs\bltprogram\system\Router\Router.php(195): CodeIgniter\Router\Router->autoRoute('User')
#1 D:\xampp\htdocs\bltprogram\system\CodeIgniter.php(797): CodeIgniter\Router\Router->handle('User')
#2 D:\xampp\htdocs\bltprogram\system\CodeIgniter.php(368): CodeIgniter\CodeIgniter->tryToRouteIt(Object(CodeIgniter\Router\RouteCollection))
#3 D:\xampp\htdocs\bltprogram\system\CodeIgniter.php(316): CodeIgniter\CodeIgniter->handleRequest(NULL, Object(Config\Cache), false)
#4 D:\xampp\htdocs\bltprogram\public\index.php(45): CodeIgniter\CodeIgniter->run()
#5 {main}
CRITICAL - 2020-11-29 04:17:42 --> syntax error, unexpected '$data' (T_VARIABLE)
#0 D:\xampp\htdocs\bltprogram\system\Router\Router.php(195): CodeIgniter\Router\Router->autoRoute('User')
#1 D:\xampp\htdocs\bltprogram\system\CodeIgniter.php(797): CodeIgniter\Router\Router->handle('User')
#2 D:\xampp\htdocs\bltprogram\system\CodeIgniter.php(368): CodeIgniter\CodeIgniter->tryToRouteIt(Object(CodeIgniter\Router\RouteCollection))
#3 D:\xampp\htdocs\bltprogram\system\CodeIgniter.php(316): CodeIgniter\CodeIgniter->handleRequest(NULL, Object(Config\Cache), false)
#4 D:\xampp\htdocs\bltprogram\public\index.php(45): CodeIgniter\CodeIgniter->run()
#5 {main}
CRITICAL - 2020-11-29 04:18:49 --> Unknown column 'u_user.deleted_at' in 'where clause'
#0 D:\xampp\htdocs\bltprogram\system\Database\MySQLi\Connection.php(331): mysqli->query('SELECT *\nFROM `...')
#1 D:\xampp\htdocs\bltprogram\system\Database\BaseConnection.php(741): CodeIgniter\Database\MySQLi\Connection->execute('SELECT *\nFROM `...')
#2 D:\xampp\htdocs\bltprogram\system\Database\BaseConnection.php(669): CodeIgniter\Database\BaseConnection->simpleQuery('SELECT *\nFROM `...')
#3 D:\xampp\htdocs\bltprogram\system\Database\BaseBuilder.php(1860): CodeIgniter\Database\BaseConnection->query('SELECT *\nFROM `...', Array, false)
#4 D:\xampp\htdocs\bltprogram\system\Model.php(462): CodeIgniter\Database\BaseBuilder->get()
#5 D:\xampp\htdocs\bltprogram\app\Controllers\User.php(10): CodeIgniter\Model->findAll()
#6 D:\xampp\htdocs\bltprogram\system\CodeIgniter.php(922): App\Controllers\User->index()
#7 D:\xampp\htdocs\bltprogram\system\CodeIgniter.php(408): CodeIgniter\CodeIgniter->runController(Object(App\Controllers\User))
#8 D:\xampp\htdocs\bltprogram\system\CodeIgniter.php(316): CodeIgniter\CodeIgniter->handleRequest(NULL, Object(Config\Cache), false)
#9 D:\xampp\htdocs\bltprogram\public\index.php(45): CodeIgniter\CodeIgniter->run()
#10 {main}
CRITICAL - 2020-11-29 04:19:12 --> Undefined variable: userdata
#0 D:\xampp\htdocs\bltprogram\app\Controllers\User.php(11): CodeIgniter\Debug\Exceptions->errorHandler(8, 'Undefined varia...', 'D:\\xampp\\htdocs...', 11, Array)
#1 D:\xampp\htdocs\bltprogram\system\CodeIgniter.php(922): App\Controllers\User->index()
#2 D:\xampp\htdocs\bltprogram\system\CodeIgniter.php(408): CodeIgniter\CodeIgniter->runController(Object(App\Controllers\User))
#3 D:\xampp\htdocs\bltprogram\system\CodeIgniter.php(316): CodeIgniter\CodeIgniter->handleRequest(NULL, Object(Config\Cache), false)
#4 D:\xampp\htdocs\bltprogram\public\index.php(45): CodeIgniter\CodeIgniter->run()
#5 {main}
CRITICAL - 2020-11-29 04:22:14 --> Undefined variable: query
#0 D:\xampp\htdocs\bltprogram\app\Views\User\newpage.php(19): CodeIgniter\Debug\Exceptions->errorHandler(8, 'Undefined varia...', 'D:\\xampp\\htdocs...', 19, Array)
#1 D:\xampp\htdocs\bltprogram\system\View\View.php(246): include('D:\\xampp\\htdocs...')
#2 D:\xampp\htdocs\bltprogram\system\Common.php(1119): CodeIgniter\View\View->render('User/newpage', Array, true)
#3 D:\xampp\htdocs\bltprogram\app\Controllers\User.php(11): view('User/newpage', Array)
#4 D:\xampp\htdocs\bltprogram\system\CodeIgniter.php(922): App\Controllers\User->index()
#5 D:\xampp\htdocs\bltprogram\system\CodeIgniter.php(408): CodeIgniter\CodeIgniter->runController(Object(App\Controllers\User))
#6 D:\xampp\htdocs\bltprogram\system\CodeIgniter.php(316): CodeIgniter\CodeIgniter->handleRequest(NULL, Object(Config\Cache), false)
#7 D:\xampp\htdocs\bltprogram\public\index.php(45): CodeIgniter\CodeIgniter->run()
#8 {main}
CRITICAL - 2020-11-29 04:22:29 --> Undefined variable: data
#0 D:\xampp\htdocs\bltprogram\app\Views\User\newpage.php(19): CodeIgniter\Debug\Exceptions->errorHandler(8, 'Undefined varia...', 'D:\\xampp\\htdocs...', 19, Array)
#1 D:\xampp\htdocs\bltprogram\system\View\View.php(246): include('D:\\xampp\\htdocs...')
#2 D:\xampp\htdocs\bltprogram\system\Common.php(1119): CodeIgniter\View\View->render('User/newpage', Array, true)
#3 D:\xampp\htdocs\bltprogram\app\Controllers\User.php(11): view('User/newpage', Array)
#4 D:\xampp\htdocs\bltprogram\system\CodeIgniter.php(922): App\Controllers\User->index()
#5 D:\xampp\htdocs\bltprogram\system\CodeIgniter.php(408): CodeIgniter\CodeIgniter->runController(Object(App\Controllers\User))
#6 D:\xampp\htdocs\bltprogram\system\CodeIgniter.php(316): CodeIgniter\CodeIgniter->handleRequest(NULL, Object(Config\Cache), false)
#7 D:\xampp\htdocs\bltprogram\public\index.php(45): CodeIgniter\CodeIgniter->run()
#8 {main}
CRITICAL - 2020-11-29 04:22:57 --> Trying to get property 'Username' of non-object
#0 D:\xampp\htdocs\bltprogram\app\Views\User\newpage.php(24): CodeIgniter\Debug\Exceptions->errorHandler(8, 'Trying to get p...', 'D:\\xampp\\htdocs...', 24, Array)
#1 D:\xampp\htdocs\bltprogram\system\View\View.php(246): include('D:\\xampp\\htdocs...')
#2 D:\xampp\htdocs\bltprogram\system\Common.php(1119): CodeIgniter\View\View->render('User/newpage', Array, true)
#3 D:\xampp\htdocs\bltprogram\app\Controllers\User.php(11): view('User/newpage', Array)
#4 D:\xampp\htdocs\bltprogram\system\CodeIgniter.php(922): App\Controllers\User->index()
#5 D:\xampp\htdocs\bltprogram\system\CodeIgniter.php(408): CodeIgniter\CodeIgniter->runController(Object(App\Controllers\User))
#6 D:\xampp\htdocs\bltprogram\system\CodeIgniter.php(316): CodeIgniter\CodeIgniter->handleRequest(NULL, Object(Config\Cache), false)
#7 D:\xampp\htdocs\bltprogram\public\index.php(45): CodeIgniter\CodeIgniter->run()
#8 {main}
CRITICAL - 2020-11-29 04:24:07 --> Trying to get property 'Username' of non-object
#0 D:\xampp\htdocs\bltprogram\app\Views\User\newpage.php(24): CodeIgniter\Debug\Exceptions->errorHandler(8, 'Trying to get p...', 'D:\\xampp\\htdocs...', 24, Array)
#1 D:\xampp\htdocs\bltprogram\system\View\View.php(246): include('D:\\xampp\\htdocs...')
#2 D:\xampp\htdocs\bltprogram\system\Common.php(1119): CodeIgniter\View\View->render('User/newpage', Array, true)
#3 D:\xampp\htdocs\bltprogram\app\Controllers\User.php(12): view('User/newpage', Array)
#4 D:\xampp\htdocs\bltprogram\system\CodeIgniter.php(922): App\Controllers\User->index()
#5 D:\xampp\htdocs\bltprogram\system\CodeIgniter.php(408): CodeIgniter\CodeIgniter->runController(Object(App\Controllers\User))
#6 D:\xampp\htdocs\bltprogram\system\CodeIgniter.php(316): CodeIgniter\CodeIgniter->handleRequest(NULL, Object(Config\Cache), false)
#7 D:\xampp\htdocs\bltprogram\public\index.php(45): CodeIgniter\CodeIgniter->run()
#8 {main}
CRITICAL - 2020-11-29 04:27:31 --> Object of class App\Models\UserModel could not be converted to string
#0 D:\xampp\htdocs\bltprogram\app\Controllers\User.php(15): CodeIgniter\Debug\Exceptions->errorHandler(4096, 'Object of class...', 'D:\\xampp\\htdocs...', 15, Array)
#1 D:\xampp\htdocs\bltprogram\system\CodeIgniter.php(922): App\Controllers\User->index()
#2 D:\xampp\htdocs\bltprogram\system\CodeIgniter.php(408): CodeIgniter\CodeIgniter->runController(Object(App\Controllers\User))
#3 D:\xampp\htdocs\bltprogram\system\CodeIgniter.php(316): CodeIgniter\CodeIgniter->handleRequest(NULL, Object(Config\Cache), false)
#4 D:\xampp\htdocs\bltprogram\public\index.php(45): CodeIgniter\CodeIgniter->run()
#5 {main}
CRITICAL - 2020-11-29 04:27:39 --> Undefined property: App\Controllers\User::$userModel
#0 D:\xampp\htdocs\bltprogram\app\Controllers\User.php(15): CodeIgniter\Debug\Exceptions->errorHandler(8, 'Undefined prope...', 'D:\\xampp\\htdocs...', 15, Array)
#1 D:\xampp\htdocs\bltprogram\system\CodeIgniter.php(922): App\Controllers\User->index()
#2 D:\xampp\htdocs\bltprogram\system\CodeIgniter.php(408): CodeIgniter\CodeIgniter->runController(Object(App\Controllers\User))
#3 D:\xampp\htdocs\bltprogram\system\CodeIgniter.php(316): CodeIgniter\CodeIgniter->handleRequest(NULL, Object(Config\Cache), false)
#4 D:\xampp\htdocs\bltprogram\public\index.php(45): CodeIgniter\CodeIgniter->run()
#5 {main}
CRITICAL - 2020-11-29 04:28:03 --> Call to a member function findAll() on null
#0 D:\xampp\htdocs\bltprogram\system\CodeIgniter.php(922): App\Controllers\User->index()
#1 D:\xampp\htdocs\bltprogram\system\CodeIgniter.php(408): CodeIgniter\CodeIgniter->runController(Object(App\Controllers\User))
#2 D:\xampp\htdocs\bltprogram\system\CodeIgniter.php(316): CodeIgniter\CodeIgniter->handleRequest(NULL, Object(Config\Cache), false)
#3 D:\xampp\htdocs\bltprogram\public\index.php(45): CodeIgniter\CodeIgniter->run()
#4 {main}
CRITICAL - 2020-11-29 04:34:10 --> Call to a member function findAll() on null
#0 D:\xampp\htdocs\bltprogram\system\CodeIgniter.php(922): App\Controllers\User->index()
#1 D:\xampp\htdocs\bltprogram\system\CodeIgniter.php(408): CodeIgniter\CodeIgniter->runController(Object(App\Controllers\User))
#2 D:\xampp\htdocs\bltprogram\system\CodeIgniter.php(316): CodeIgniter\CodeIgniter->handleRequest(NULL, Object(Config\Cache), false)
#3 D:\xampp\htdocs\bltprogram\public\index.php(45): CodeIgniter\CodeIgniter->run()
#4 {main}
CRITICAL - 2020-11-29 04:34:29 --> Call to a member function findAll() on null
#0 D:\xampp\htdocs\bltprogram\system\CodeIgniter.php(922): App\Controllers\User->index()
#1 D:\xampp\htdocs\bltprogram\system\CodeIgniter.php(408): CodeIgniter\CodeIgniter->runController(Object(App\Controllers\User))
#2 D:\xampp\htdocs\bltprogram\system\CodeIgniter.php(316): CodeIgniter\CodeIgniter->handleRequest(NULL, Object(Config\Cache), false)
#3 D:\xampp\htdocs\bltprogram\public\index.php(45): CodeIgniter\CodeIgniter->run()
#4 {main}
CRITICAL - 2020-11-29 04:35:11 --> Call to a member function findAll() on null
#0 D:\xampp\htdocs\bltprogram\system\CodeIgniter.php(922): App\Controllers\User->index()
#1 D:\xampp\htdocs\bltprogram\system\CodeIgniter.php(408): CodeIgniter\CodeIgniter->runController(Object(App\Controllers\User))
#2 D:\xampp\htdocs\bltprogram\system\CodeIgniter.php(316): CodeIgniter\CodeIgniter->handleRequest(NULL, Object(Config\Cache), false)
#3 D:\xampp\htdocs\bltprogram\public\index.php(45): CodeIgniter\CodeIgniter->run()
#4 {main}
CRITICAL - 2020-11-29 04:40:13 --> Undefined variable: datauser
#0 D:\xampp\htdocs\bltprogram\app\Views\User\newpage.php(19): CodeIgniter\Debug\Exceptions->errorHandler(8, 'Undefined varia...', 'D:\\xampp\\htdocs...', 19, Array)
#1 D:\xampp\htdocs\bltprogram\system\View\View.php(246): include('D:\\xampp\\htdocs...')
#2 D:\xampp\htdocs\bltprogram\system\Common.php(1119): CodeIgniter\View\View->render('User/newpage', Array, true)
#3 D:\xampp\htdocs\bltprogram\app\Controllers\User.php(22): view('User/newpage', Array)
#4 D:\xampp\htdocs\bltprogram\system\CodeIgniter.php(922): App\Controllers\User->index()
#5 D:\xampp\htdocs\bltprogram\system\CodeIgniter.php(408): CodeIgniter\CodeIgniter->runController(Object(App\Controllers\User))
#6 D:\xampp\htdocs\bltprogram\system\CodeIgniter.php(316): CodeIgniter\CodeIgniter->handleRequest(NULL, Object(Config\Cache), false)
#7 D:\xampp\htdocs\bltprogram\public\index.php(45): CodeIgniter\CodeIgniter->run()
#8 {main}
CRITICAL - 2020-11-29 04:41:14 --> Undefined variable: datauser
#0 D:\xampp\htdocs\bltprogram\app\Views\User\newpage.php(19): CodeIgniter\Debug\Exceptions->errorHandler(8, 'Undefined varia...', 'D:\\xampp\\htdocs...', 19, Array)
#1 D:\xampp\htdocs\bltprogram\system\View\View.php(246): include('D:\\xampp\\htdocs...')
#2 D:\xampp\htdocs\bltprogram\system\Common.php(1119): CodeIgniter\View\View->render('User/newpage', Array, true)
#3 D:\xampp\htdocs\bltprogram\app\Controllers\User.php(22): view('User/newpage', Array)
#4 D:\xampp\htdocs\bltprogram\system\CodeIgniter.php(922): App\Controllers\User->index()
#5 D:\xampp\htdocs\bltprogram\system\CodeIgniter.php(408): CodeIgniter\CodeIgniter->runController(Object(App\Controllers\User))
#6 D:\xampp\htdocs\bltprogram\system\CodeIgniter.php(316): CodeIgniter\CodeIgniter->handleRequest(NULL, Object(Config\Cache), false)
#7 D:\xampp\htdocs\bltprogram\public\index.php(45): CodeIgniter\CodeIgniter->run()
#8 {main}
CRITICAL - 2020-11-29 04:47:39 --> Call to undefined method App\Models\UserModel::count_all
#0 D:\xampp\htdocs\bltprogram\app\Controllers\User.php(18): CodeIgniter\Model->__call('count_all', Array)
#1 D:\xampp\htdocs\bltprogram\system\CodeIgniter.php(922): App\Controllers\User->index()
#2 D:\xampp\htdocs\bltprogram\system\CodeIgniter.php(408): CodeIgniter\CodeIgniter->runController(Object(App\Controllers\User))
#3 D:\xampp\htdocs\bltprogram\system\CodeIgniter.php(316): CodeIgniter\CodeIgniter->handleRequest(NULL, Object(Config\Cache), false)
#4 D:\xampp\htdocs\bltprogram\public\index.php(45): CodeIgniter\CodeIgniter->run()
#5 {main}
CRITICAL - 2020-11-29 04:48:03 --> Array to string conversion
#0 D:\xampp\htdocs\bltprogram\app\Controllers\User.php(37): CodeIgniter\Debug\Exceptions->errorHandler(8, 'Array to string...', 'D:\\xampp\\htdocs...', 37, Array)
#1 D:\xampp\htdocs\bltprogram\system\CodeIgniter.php(922): App\Controllers\User->index()
#2 D:\xampp\htdocs\bltprogram\system\CodeIgniter.php(408): CodeIgniter\CodeIgniter->runController(Object(App\Controllers\User))
#3 D:\xampp\htdocs\bltprogram\system\CodeIgniter.php(316): CodeIgniter\CodeIgniter->handleRequest(NULL, Object(Config\Cache), false)
#4 D:\xampp\htdocs\bltprogram\public\index.php(45): CodeIgniter\CodeIgniter->run()
#5 {main}
CRITICAL - 2020-11-29 04:49:17 --> syntax error, unexpected ''App\Models\UserModel'' (T_CONSTANT_ENCAPSED_STRING), expecting identifier (T_STRING) or function (T_FUNCTION) or const (T_CONST) or \\ (T_NS_SEPARATOR)
#0 D:\xampp\htdocs\bltprogram\system\Router\Router.php(195): CodeIgniter\Router\Router->autoRoute('User')
#1 D:\xampp\htdocs\bltprogram\system\CodeIgniter.php(797): CodeIgniter\Router\Router->handle('User')
#2 D:\xampp\htdocs\bltprogram\system\CodeIgniter.php(368): CodeIgniter\CodeIgniter->tryToRouteIt(Object(CodeIgniter\Router\RouteCollection))
#3 D:\xampp\htdocs\bltprogram\system\CodeIgniter.php(316): CodeIgniter\CodeIgniter->handleRequest(NULL, Object(Config\Cache), false)
#4 D:\xampp\htdocs\bltprogram\public\index.php(45): CodeIgniter\CodeIgniter->run()
#5 {main}
CRITICAL - 2020-11-29 04:50:17 --> Call to a member function countAll() on null
#0 D:\xampp\htdocs\bltprogram\system\CodeIgniter.php(922): App\Controllers\User->index()
#1 D:\xampp\htdocs\bltprogram\system\CodeIgniter.php(408): CodeIgniter\CodeIgniter->runController(Object(App\Controllers\User))
#2 D:\xampp\htdocs\bltprogram\system\CodeIgniter.php(316): CodeIgniter\CodeIgniter->handleRequest(NULL, Object(Config\Cache), false)
#3 D:\xampp\htdocs\bltprogram\public\index.php(45): CodeIgniter\CodeIgniter->run()
#4 {main}
CRITICAL - 2020-11-29 04:50:32 --> Undefined variable: userModel
#0 D:\xampp\htdocs\bltprogram\app\Controllers\User.php(19): CodeIgniter\Debug\Exceptions->errorHandler(8, 'Undefined varia...', 'D:\\xampp\\htdocs...', 19, Array)
#1 D:\xampp\htdocs\bltprogram\system\CodeIgniter.php(922): App\Controllers\User->index()
#2 D:\xampp\htdocs\bltprogram\system\CodeIgniter.php(408): CodeIgniter\CodeIgniter->runController(Object(App\Controllers\User))
#3 D:\xampp\htdocs\bltprogram\system\CodeIgniter.php(316): CodeIgniter\CodeIgniter->handleRequest(NULL, Object(Config\Cache), false)
#4 D:\xampp\htdocs\bltprogram\public\index.php(45): CodeIgniter\CodeIgniter->run()
#5 {main}
CRITICAL - 2020-11-29 04:52:34 --> Cannot call constructor
#0 D:\xampp\htdocs\bltprogram\system\CodeIgniter.php(894): App\Controllers\User->__construct()
#1 D:\xampp\htdocs\bltprogram\system\CodeIgniter.php(403): CodeIgniter\CodeIgniter->createController()
#2 D:\xampp\htdocs\bltprogram\system\CodeIgniter.php(316): CodeIgniter\CodeIgniter->handleRequest(NULL, Object(Config\Cache), false)
#3 D:\xampp\htdocs\bltprogram\public\index.php(45): CodeIgniter\CodeIgniter->run()
#4 {main}
CRITICAL - 2020-11-29 04:53:43 --> Undefined property: App\Controllers\User::$config
#0 D:\xampp\htdocs\bltprogram\app\Controllers\User.php(21): CodeIgniter\Debug\Exceptions->errorHandler(8, 'Undefined prope...', 'D:\\xampp\\htdocs...', 21, Array)
#1 D:\xampp\htdocs\bltprogram\system\CodeIgniter.php(922): App\Controllers\User->index()
#2 D:\xampp\htdocs\bltprogram\system\CodeIgniter.php(408): CodeIgniter\CodeIgniter->runController(Object(App\Controllers\User))
#3 D:\xampp\htdocs\bltprogram\system\CodeIgniter.php(316): CodeIgniter\CodeIgniter->handleRequest(NULL, Object(Config\Cache), false)
#4 D:\xampp\htdocs\bltprogram\public\index.php(45): CodeIgniter\CodeIgniter->run()
#5 {main}
CRITICAL - 2020-11-29 04:59:49 --> Undefined property: App\Controllers\User::$config
#0 D:\xampp\htdocs\bltprogram\app\Controllers\User.php(21): CodeIgniter\Debug\Exceptions->errorHandler(8, 'Undefined prope...', 'D:\\xampp\\htdocs...', 21, Array)
#1 D:\xampp\htdocs\bltprogram\system\CodeIgniter.php(922): App\Controllers\User->index()
#2 D:\xampp\htdocs\bltprogram\system\CodeIgniter.php(408): CodeIgniter\CodeIgniter->runController(Object(App\Controllers\User))
#3 D:\xampp\htdocs\bltprogram\system\CodeIgniter.php(316): CodeIgniter\CodeIgniter->handleRequest(NULL, Object(Config\Cache), false)
#4 D:\xampp\htdocs\bltprogram\public\index.php(45): CodeIgniter\CodeIgniter->run()
#5 {main}
CRITICAL - 2020-11-29 10:32:32 --> syntax error, unexpected '?>', expecting ')'
#0 D:\xampp\htdocs\bltprogram\system\Common.php(1119): CodeIgniter\View\View->render('Login', Array, true)
#1 D:\xampp\htdocs\bltprogram\app\Controllers\Login.php(34): view('Login', Array)
#2 D:\xampp\htdocs\bltprogram\system\CodeIgniter.php(922): App\Controllers\Login->index()
#3 D:\xampp\htdocs\bltprogram\system\CodeIgniter.php(408): CodeIgniter\CodeIgniter->runController(Object(App\Controllers\Login))
#4 D:\xampp\htdocs\bltprogram\system\CodeIgniter.php(316): CodeIgniter\CodeIgniter->handleRequest(NULL, Object(Config\Cache), false)
#5 D:\xampp\htdocs\bltprogram\public\index.php(45): CodeIgniter\CodeIgniter->run()
#6 {main}
CRITICAL - 2020-11-29 16:57:07 --> Argument 2 passed to view() must be of the type array, null given, called in D:\xampp\htdocs\bltprogram\app\Controllers\Login.php on line 64
#0 D:\xampp\htdocs\bltprogram\app\Controllers\Login.php(64): view('Login', NULL)
#1 D:\xampp\htdocs\bltprogram\system\CodeIgniter.php(922): App\Controllers\Login->auth()
#2 D:\xampp\htdocs\bltprogram\system\CodeIgniter.php(408): CodeIgniter\CodeIgniter->runController(Object(App\Controllers\Login))
#3 D:\xampp\htdocs\bltprogram\system\CodeIgniter.php(316): CodeIgniter\CodeIgniter->handleRequest(NULL, Object(Config\Cache), false)
#4 D:\xampp\htdocs\bltprogram\public\index.php(45): CodeIgniter\CodeIgniter->run()
#5 {main}
CRITICAL - 2020-11-29 17:20:06 --> Undefined index: password
#0 D:\xampp\htdocs\bltprogram\app\Controllers\Login.php(46): CodeIgniter\Debug\Exceptions->errorHandler(8, 'Undefined index...', 'D:\\xampp\\htdocs...', 46, Array)
#1 D:\xampp\htdocs\bltprogram\system\CodeIgniter.php(922): App\Controllers\Login->auth()
#2 D:\xampp\htdocs\bltprogram\system\CodeIgniter.php(408): CodeIgniter\CodeIgniter->runController(Object(App\Controllers\Login))
#3 D:\xampp\htdocs\bltprogram\system\CodeIgniter.php(316): CodeIgniter\CodeIgniter->handleRequest(NULL, Object(Config\Cache), false)
#4 D:\xampp\htdocs\bltprogram\public\index.php(45): CodeIgniter\CodeIgniter->run()
#5 {main}
CRITICAL - 2020-11-29 18:13:19 --> Undefined index: password
#0 D:\xampp\htdocs\bltprogram\app\Controllers\Login.php(46): CodeIgniter\Debug\Exceptions->errorHandler(8, 'Undefined index...', 'D:\\xampp\\htdocs...', 46, Array)
#1 D:\xampp\htdocs\bltprogram\system\CodeIgniter.php(922): App\Controllers\Login->auth()
#2 D:\xampp\htdocs\bltprogram\system\CodeIgniter.php(408): CodeIgniter\CodeIgniter->runController(Object(App\Controllers\Login))
#3 D:\xampp\htdocs\bltprogram\system\CodeIgniter.php(316): CodeIgniter\CodeIgniter->handleRequest(NULL, Object(Config\Cache), false)
#4 D:\xampp\htdocs\bltprogram\public\index.php(45): CodeIgniter\CodeIgniter->run()
#5 {main}
CRITICAL - 2020-11-29 18:14:35 --> Undefined index: password
#0 D:\xampp\htdocs\bltprogram\app\Controllers\Login.php(46): CodeIgniter\Debug\Exceptions->errorHandler(8, 'Undefined index...', 'D:\\xampp\\htdocs...', 46, Array)
#1 D:\xampp\htdocs\bltprogram\system\CodeIgniter.php(922): App\Controllers\Login->auth()
#2 D:\xampp\htdocs\bltprogram\system\CodeIgniter.php(408): CodeIgniter\CodeIgniter->runController(Object(App\Controllers\Login))
#3 D:\xampp\htdocs\bltprogram\system\CodeIgniter.php(316): CodeIgniter\CodeIgniter->handleRequest(NULL, Object(Config\Cache), false)
#4 D:\xampp\htdocs\bltprogram\public\index.php(45): CodeIgniter\CodeIgniter->run()
#5 {main}
CRITICAL - 2020-11-29 18:14:39 --> Undefined index: password
#0 D:\xampp\htdocs\bltprogram\app\Controllers\Login.php(46): CodeIgniter\Debug\Exceptions->errorHandler(8, 'Undefined index...', 'D:\\xampp\\htdocs...', 46, Array)
#1 D:\xampp\htdocs\bltprogram\system\CodeIgniter.php(922): App\Controllers\Login->auth()
#2 D:\xampp\htdocs\bltprogram\system\CodeIgniter.php(408): CodeIgniter\CodeIgniter->runController(Object(App\Controllers\Login))
#3 D:\xampp\htdocs\bltprogram\system\CodeIgniter.php(316): CodeIgniter\CodeIgniter->handleRequest(NULL, Object(Config\Cache), false)
#4 D:\xampp\htdocs\bltprogram\public\index.php(45): CodeIgniter\CodeIgniter->run()
#5 {main}
CRITICAL - 2020-11-29 18:16:14 --> Undefined index: password
#0 D:\xampp\htdocs\bltprogram\app\Controllers\Login.php(46): CodeIgniter\Debug\Exceptions->errorHandler(8, 'Undefined index...', 'D:\\xampp\\htdocs...', 46, Array)
#1 D:\xampp\htdocs\bltprogram\system\CodeIgniter.php(922): App\Controllers\Login->auth()
#2 D:\xampp\htdocs\bltprogram\system\CodeIgniter.php(408): CodeIgniter\CodeIgniter->runController(Object(App\Controllers\Login))
#3 D:\xampp\htdocs\bltprogram\system\CodeIgniter.php(316): CodeIgniter\CodeIgniter->handleRequest(NULL, Object(Config\Cache), false)
#4 D:\xampp\htdocs\bltprogram\public\index.php(45): CodeIgniter\CodeIgniter->run()
#5 {main}
CRITICAL - 2020-11-29 18:19:53 --> syntax error, unexpected 'else' (T_ELSE), expecting function (T_FUNCTION) or const (T_CONST)
#0 D:\xampp\htdocs\bltprogram\system\Router\Router.php(195): CodeIgniter\Router\Router->autoRoute('login/auth')
#1 D:\xampp\htdocs\bltprogram\system\CodeIgniter.php(797): CodeIgniter\Router\Router->handle('login/auth')
#2 D:\xampp\htdocs\bltprogram\system\CodeIgniter.php(368): CodeIgniter\CodeIgniter->tryToRouteIt(Object(CodeIgniter\Router\RouteCollection))
#3 D:\xampp\htdocs\bltprogram\system\CodeIgniter.php(316): CodeIgniter\CodeIgniter->handleRequest(NULL, Object(Config\Cache), false)
#4 D:\xampp\htdocs\bltprogram\public\index.php(45): CodeIgniter\CodeIgniter->run()
#5 {main}
CRITICAL - 2020-11-29 18:22:30 --> syntax error, unexpected 'else' (T_ELSE)
#0 D:\xampp\htdocs\bltprogram\system\Router\Router.php(195): CodeIgniter\Router\Router->autoRoute('login')
#1 D:\xampp\htdocs\bltprogram\system\CodeIgniter.php(797): CodeIgniter\Router\Router->handle('login')
#2 D:\xampp\htdocs\bltprogram\system\CodeIgniter.php(368): CodeIgniter\CodeIgniter->tryToRouteIt(Object(CodeIgniter\Router\RouteCollection))
#3 D:\xampp\htdocs\bltprogram\system\CodeIgniter.php(316): CodeIgniter\CodeIgniter->handleRequest(NULL, Object(Config\Cache), false)
#4 D:\xampp\htdocs\bltprogram\public\index.php(45): CodeIgniter\CodeIgniter->run()
#5 {main}
CRITICAL - 2020-11-29 18:22:32 --> syntax error, unexpected 'else' (T_ELSE)
#0 D:\xampp\htdocs\bltprogram\system\Router\Router.php(195): CodeIgniter\Router\Router->autoRoute('login')
#1 D:\xampp\htdocs\bltprogram\system\CodeIgniter.php(797): CodeIgniter\Router\Router->handle('login')
#2 D:\xampp\htdocs\bltprogram\system\CodeIgniter.php(368): CodeIgniter\CodeIgniter->tryToRouteIt(Object(CodeIgniter\Router\RouteCollection))
#3 D:\xampp\htdocs\bltprogram\system\CodeIgniter.php(316): CodeIgniter\CodeIgniter->handleRequest(NULL, Object(Config\Cache), false)
#4 D:\xampp\htdocs\bltprogram\public\index.php(45): CodeIgniter\CodeIgniter->run()
#5 {main}
CRITICAL - 2020-11-29 18:54:28 --> Undefined variable: _SESSION
#0 D:\xampp\htdocs\bltprogram\app\Controllers\MasterProgram.php(7): CodeIgniter\Debug\Exceptions->errorHandler(8, 'Undefined varia...', 'D:\\xampp\\htdocs...', 7, Array)
#1 D:\xampp\htdocs\bltprogram\system\CodeIgniter.php(922): App\Controllers\MasterProgram->index()
#2 D:\xampp\htdocs\bltprogram\system\CodeIgniter.php(408): CodeIgniter\CodeIgniter->runController(Object(App\Controllers\MasterProgram))
#3 D:\xampp\htdocs\bltprogram\system\CodeIgniter.php(316): CodeIgniter\CodeIgniter->handleRequest(NULL, Object(Config\Cache), false)
#4 D:\xampp\htdocs\bltprogram\public\index.php(45): CodeIgniter\CodeIgniter->run()
#5 {main}
CRITICAL - 2020-11-29 18:55:41 --> Undefined variable: _SESSION
#0 D:\xampp\htdocs\bltprogram\app\Controllers\MasterProgram.php(7): CodeIgniter\Debug\Exceptions->errorHandler(8, 'Undefined varia...', 'D:\\xampp\\htdocs...', 7, Array)
#1 D:\xampp\htdocs\bltprogram\system\CodeIgniter.php(922): App\Controllers\MasterProgram->index()
#2 D:\xampp\htdocs\bltprogram\system\CodeIgniter.php(408): CodeIgniter\CodeIgniter->runController(Object(App\Controllers\MasterProgram))
#3 D:\xampp\htdocs\bltprogram\system\CodeIgniter.php(316): CodeIgniter\CodeIgniter->handleRequest(NULL, Object(Config\Cache), false)
#4 D:\xampp\htdocs\bltprogram\public\index.php(45): CodeIgniter\CodeIgniter->run()
#5 {main}
CRITICAL - 2020-11-29 18:55:42 --> Undefined variable: _SESSION
#0 D:\xampp\htdocs\bltprogram\app\Controllers\MasterProgram.php(7): CodeIgniter\Debug\Exceptions->errorHandler(8, 'Undefined varia...', 'D:\\xampp\\htdocs...', 7, Array)
#1 D:\xampp\htdocs\bltprogram\system\CodeIgniter.php(922): App\Controllers\MasterProgram->index()
#2 D:\xampp\htdocs\bltprogram\system\CodeIgniter.php(408): CodeIgniter\CodeIgniter->runController(Object(App\Controllers\MasterProgram))
#3 D:\xampp\htdocs\bltprogram\system\CodeIgniter.php(316): CodeIgniter\CodeIgniter->handleRequest(NULL, Object(Config\Cache), false)
#4 D:\xampp\htdocs\bltprogram\public\index.php(45): CodeIgniter\CodeIgniter->run()
#5 {main}
CRITICAL - 2020-11-29 18:57:13 --> Cannot use object of type CodeIgniter\Session\Session as array
#0 D:\xampp\htdocs\bltprogram\system\CodeIgniter.php(922): App\Controllers\MasterProgram->index()
#1 D:\xampp\htdocs\bltprogram\system\CodeIgniter.php(408): CodeIgniter\CodeIgniter->runController(Object(App\Controllers\MasterProgram))
#2 D:\xampp\htdocs\bltprogram\system\CodeIgniter.php(316): CodeIgniter\CodeIgniter->handleRequest(NULL, Object(Config\Cache), false)
#3 D:\xampp\htdocs\bltprogram\public\index.php(45): CodeIgniter\CodeIgniter->run()
#4 {main}
CRITICAL - 2020-11-29 18:57:13 --> Cannot use object of type CodeIgniter\Session\Session as array
#0 D:\xampp\htdocs\bltprogram\system\CodeIgniter.php(922): App\Controllers\MasterProgram->index()
#1 D:\xampp\htdocs\bltprogram\system\CodeIgniter.php(408): CodeIgniter\CodeIgniter->runController(Object(App\Controllers\MasterProgram))
#2 D:\xampp\htdocs\bltprogram\system\CodeIgniter.php(316): CodeIgniter\CodeIgniter->handleRequest(NULL, Object(Config\Cache), false)
#3 D:\xampp\htdocs\bltprogram\public\index.php(45): CodeIgniter\CodeIgniter->run()
#4 {main}
CRITICAL - 2020-11-29 19:46:09 --> Undefined variable: _SESSION
#0 D:\xampp\htdocs\bltprogram\app\Controllers\MasterProgram.php(7): CodeIgniter\Debug\Exceptions->errorHandler(8, 'Undefined varia...', 'D:\\xampp\\htdocs...', 7, Array)
#1 D:\xampp\htdocs\bltprogram\system\CodeIgniter.php(922): App\Controllers\MasterProgram->index()
#2 D:\xampp\htdocs\bltprogram\system\CodeIgniter.php(408): CodeIgniter\CodeIgniter->runController(Object(App\Controllers\MasterProgram))
#3 D:\xampp\htdocs\bltprogram\system\CodeIgniter.php(316): CodeIgniter\CodeIgniter->handleRequest(NULL, Object(Config\Cache), false)
#4 D:\xampp\htdocs\bltprogram\public\index.php(45): CodeIgniter\CodeIgniter->run()
#5 {main}
CRITICAL - 2020-11-29 19:46:33 --> Undefined index: logged_in
#0 D:\xampp\htdocs\bltprogram\app\Controllers\MasterProgram.php(8): CodeIgniter\Debug\Exceptions->errorHandler(8, 'Undefined index...', 'D:\\xampp\\htdocs...', 8, Array)
#1 D:\xampp\htdocs\bltprogram\system\CodeIgniter.php(922): App\Controllers\MasterProgram->index()
#2 D:\xampp\htdocs\bltprogram\system\CodeIgniter.php(408): CodeIgniter\CodeIgniter->runController(Object(App\Controllers\MasterProgram))
#3 D:\xampp\htdocs\bltprogram\system\CodeIgniter.php(316): CodeIgniter\CodeIgniter->handleRequest(NULL, Object(Config\Cache), false)
#4 D:\xampp\htdocs\bltprogram\public\index.php(45): CodeIgniter\CodeIgniter->run()
#5 {main}
CRITICAL - 2020-11-29 19:46:34 --> Undefined index: logged_in
#0 D:\xampp\htdocs\bltprogram\app\Controllers\MasterProgram.php(8): CodeIgniter\Debug\Exceptions->errorHandler(8, 'Undefined index...', 'D:\\xampp\\htdocs...', 8, Array)
#1 D:\xampp\htdocs\bltprogram\system\CodeIgniter.php(922): App\Controllers\MasterProgram->index()
#2 D:\xampp\htdocs\bltprogram\system\CodeIgniter.php(408): CodeIgniter\CodeIgniter->runController(Object(App\Controllers\MasterProgram))
#3 D:\xampp\htdocs\bltprogram\system\CodeIgniter.php(316): CodeIgniter\CodeIgniter->handleRequest(NULL, Object(Config\Cache), false)
#4 D:\xampp\htdocs\bltprogram\public\index.php(45): CodeIgniter\CodeIgniter->run()
#5 {main}
CRITICAL - 2020-11-29 19:48:41 --> Array to string conversion
#0 D:\xampp\htdocs\bltprogram\app\Controllers\MasterProgram.php(8): CodeIgniter\Debug\Exceptions->errorHandler(8, 'Array to string...', 'D:\\xampp\\htdocs...', 8, Array)
#1 D:\xampp\htdocs\bltprogram\system\CodeIgniter.php(922): App\Controllers\MasterProgram->index()
#2 D:\xampp\htdocs\bltprogram\system\CodeIgniter.php(408): CodeIgniter\CodeIgniter->runController(Object(App\Controllers\MasterProgram))
#3 D:\xampp\htdocs\bltprogram\system\CodeIgniter.php(316): CodeIgniter\CodeIgniter->handleRequest(NULL, Object(Config\Cache), false)
#4 D:\xampp\htdocs\bltprogram\public\index.php(45): CodeIgniter\CodeIgniter->run()
#5 {main}
CRITICAL - 2020-11-29 19:48:51 --> syntax error, unexpected ')', expecting ',' or ';'
#0 D:\xampp\htdocs\bltprogram\system\Router\Router.php(195): CodeIgniter\Router\Router->autoRoute('masterprogram')
#1 D:\xampp\htdocs\bltprogram\system\CodeIgniter.php(797): CodeIgniter\Router\Router->handle('masterprogram')
#2 D:\xampp\htdocs\bltprogram\system\CodeIgniter.php(368): CodeIgniter\CodeIgniter->tryToRouteIt(Object(CodeIgniter\Router\RouteCollection))
#3 D:\xampp\htdocs\bltprogram\system\CodeIgniter.php(316): CodeIgniter\CodeIgniter->handleRequest(NULL, Object(Config\Cache), false)
#4 D:\xampp\htdocs\bltprogram\public\index.php(45): CodeIgniter\CodeIgniter->run()
#5 {main}
CRITICAL - 2020-11-29 19:49:00 --> syntax error, unexpected ')', expecting ',' or ';'
#0 D:\xampp\htdocs\bltprogram\system\Router\Router.php(195): CodeIgniter\Router\Router->autoRoute('masterprogram')
#1 D:\xampp\htdocs\bltprogram\system\CodeIgniter.php(797): CodeIgniter\Router\Router->handle('masterprogram')
#2 D:\xampp\htdocs\bltprogram\system\CodeIgniter.php(368): CodeIgniter\CodeIgniter->tryToRouteIt(Object(CodeIgniter\Router\RouteCollection))
#3 D:\xampp\htdocs\bltprogram\system\CodeIgniter.php(316): CodeIgniter\CodeIgniter->handleRequest(NULL, Object(Config\Cache), false)
#4 D:\xampp\htdocs\bltprogram\public\index.php(45): CodeIgniter\CodeIgniter->run()
#5 {main}
CRITICAL - 2020-11-29 19:49:11 --> Undefined index: logged_in
#0 D:\xampp\htdocs\bltprogram\app\Controllers\MasterProgram.php(8): CodeIgniter\Debug\Exceptions->errorHandler(8, 'Undefined index...', 'D:\\xampp\\htdocs...', 8, Array)
#1 D:\xampp\htdocs\bltprogram\system\CodeIgniter.php(922): App\Controllers\MasterProgram->index()
#2 D:\xampp\htdocs\bltprogram\system\CodeIgniter.php(408): CodeIgniter\CodeIgniter->runController(Object(App\Controllers\MasterProgram))
#3 D:\xampp\htdocs\bltprogram\system\CodeIgniter.php(316): CodeIgniter\CodeIgniter->handleRequest(NULL, Object(Config\Cache), false)
#4 D:\xampp\htdocs\bltprogram\public\index.php(45): CodeIgniter\CodeIgniter->run()
#5 {main}
CRITICAL - 2020-11-29 19:49:35 --> ini_set(): A session is active. You cannot change the session module's ini settings at this time
#0 [internal function]: CodeIgniter\Debug\Exceptions->errorHandler(2, 'ini_set(): A se...', 'D:\\xampp\\htdocs...', 101, Array)
#1 D:\xampp\htdocs\bltprogram\system\Session\Handlers\FileHandler.php(101): ini_set('session.save_pa...', 'D:\\xampp\\htdocs...')
#2 D:\xampp\htdocs\bltprogram\system\Config\Services.php(780): CodeIgniter\Session\Handlers\FileHandler->__construct(Object(Config\App), '::1')
#3 D:\xampp\htdocs\bltprogram\system\Config\BaseService.php(123): CodeIgniter\Config\Services::session(Object(Config\App), false)
#4 D:\xampp\htdocs\bltprogram\system\Config\Services.php(769): CodeIgniter\Config\BaseService::getSharedInstance('session', NULL)
#5 D:\xampp\htdocs\bltprogram\system\Common.php(926): CodeIgniter\Config\Services::session()
#6 D:\xampp\htdocs\bltprogram\app\Controllers\Login.php(39): session()
#7 D:\xampp\htdocs\bltprogram\system\CodeIgniter.php(922): App\Controllers\Login->auth()
#8 D:\xampp\htdocs\bltprogram\system\CodeIgniter.php(408): CodeIgniter\CodeIgniter->runController(Object(App\Controllers\Login))
#9 D:\xampp\htdocs\bltprogram\system\CodeIgniter.php(316): CodeIgniter\CodeIgniter->handleRequest(NULL, Object(Config\Cache), false)
#10 D:\xampp\htdocs\bltprogram\public\index.php(45): CodeIgniter\CodeIgniter->run()
#11 {main}
CRITICAL - 2020-11-29 20:33:28 --> Argument 2 passed to base_url() must be of the type string or null, object given, called in D:\xampp\htdocs\bltprogram\app\Controllers\Login.php on line 60
#0 D:\xampp\htdocs\bltprogram\app\Controllers\Login.php(60): base_url('public/masterpr...', Object(CodeIgniter\Session\Session))
#1 D:\xampp\htdocs\bltprogram\system\CodeIgniter.php(922): App\Controllers\Login->auth()
#2 D:\xampp\htdocs\bltprogram\system\CodeIgniter.php(408): CodeIgniter\CodeIgniter->runController(Object(App\Controllers\Login))
#3 D:\xampp\htdocs\bltprogram\system\CodeIgniter.php(316): CodeIgniter\CodeIgniter->handleRequest(NULL, Object(Config\Cache), false)
#4 D:\xampp\htdocs\bltprogram\public\index.php(45): CodeIgniter\CodeIgniter->run()
#5 {main}
CRITICAL - 2020-11-29 20:33:55 --> syntax error, unexpected '$session' (T_VARIABLE), expecting ')'
#0 D:\xampp\htdocs\bltprogram\system\Router\Router.php(195): CodeIgniter\Router\Router->autoRoute('login')
#1 D:\xampp\htdocs\bltprogram\system\CodeIgniter.php(797): CodeIgniter\Router\Router->handle('login')
#2 D:\xampp\htdocs\bltprogram\system\CodeIgniter.php(368): CodeIgniter\CodeIgniter->tryToRouteIt(Object(CodeIgniter\Router\RouteCollection))
#3 D:\xampp\htdocs\bltprogram\system\CodeIgniter.php(316): CodeIgniter\CodeIgniter->handleRequest(NULL, Object(Config\Cache), false)
#4 D:\xampp\htdocs\bltprogram\public\index.php(45): CodeIgniter\CodeIgniter->run()
#5 {main}
CRITICAL - 2020-11-29 20:33:59 --> syntax error, unexpected '$session' (T_VARIABLE), expecting ')'
#0 D:\xampp\htdocs\bltprogram\system\Router\Router.php(195): CodeIgniter\Router\Router->autoRoute('login')
#1 D:\xampp\htdocs\bltprogram\system\CodeIgniter.php(797): CodeIgniter\Router\Router->handle('login')
#2 D:\xampp\htdocs\bltprogram\system\CodeIgniter.php(368): CodeIgniter\CodeIgniter->tryToRouteIt(Object(CodeIgniter\Router\RouteCollection))
#3 D:\xampp\htdocs\bltprogram\system\CodeIgniter.php(316): CodeIgniter\CodeIgniter->handleRequest(NULL, Object(Config\Cache), false)
#4 D:\xampp\htdocs\bltprogram\public\index.php(45): CodeIgniter\CodeIgniter->run()
#5 {main}
CRITICAL - 2020-11-29 20:34:09 --> Object of class CodeIgniter\Session\Session could not be converted to string
#0 D:\xampp\htdocs\bltprogram\app\Controllers\Login.php(60): CodeIgniter\Debug\Exceptions->errorHandler(4096, 'Object of class...', 'D:\\xampp\\htdocs...', 60, Array)
#1 D:\xampp\htdocs\bltprogram\system\CodeIgniter.php(922): App\Controllers\Login->auth()
#2 D:\xampp\htdocs\bltprogram\system\CodeIgniter.php(408): CodeIgniter\CodeIgniter->runController(Object(App\Controllers\Login))
#3 D:\xampp\htdocs\bltprogram\system\CodeIgniter.php(316): CodeIgniter\CodeIgniter->handleRequest(NULL, Object(Config\Cache), false)
#4 D:\xampp\htdocs\bltprogram\public\index.php(45): CodeIgniter\CodeIgniter->run()
#5 {main}
CRITICAL - 2020-11-29 20:36:50 --> Undefined variable: _SESSION
#0 D:\xampp\htdocs\bltprogram\app\Views\MasterProgram\index.php(13): CodeIgniter\Debug\Exceptions->errorHandler(8, 'Undefined varia...', 'D:\\xampp\\htdocs...', 13, Array)
#1 D:\xampp\htdocs\bltprogram\system\View\View.php(246): include('D:\\xampp\\htdocs...')
#2 D:\xampp\htdocs\bltprogram\system\Common.php(1119): CodeIgniter\View\View->render('MasterProgram/i...', Array, true)
#3 D:\xampp\htdocs\bltprogram\app\Controllers\MasterProgram.php(27): view('MasterProgram/i...', Array)
#4 D:\xampp\htdocs\bltprogram\system\CodeIgniter.php(922): App\Controllers\MasterProgram->index()
#5 D:\xampp\htdocs\bltprogram\system\CodeIgniter.php(408): CodeIgniter\CodeIgniter->runController(Object(App\Controllers\MasterProgram))
#6 D:\xampp\htdocs\bltprogram\system\CodeIgniter.php(316): CodeIgniter\CodeIgniter->handleRequest(NULL, Object(Config\Cache), false)
#7 D:\xampp\htdocs\bltprogram\public\index.php(45): CodeIgniter\CodeIgniter->run()
#8 {main}
CRITICAL - 2020-11-29 20:40:45 --> Undefined index: Username
#0 D:\xampp\htdocs\bltprogram\app\Controllers\MasterProgram.php(8): CodeIgniter\Debug\Exceptions->errorHandler(8, 'Undefined index...', 'D:\\xampp\\htdocs...', 8, Array)
#1 D:\xampp\htdocs\bltprogram\system\CodeIgniter.php(922): App\Controllers\MasterProgram->index()
#2 D:\xampp\htdocs\bltprogram\system\CodeIgniter.php(408): CodeIgniter\CodeIgniter->runController(Object(App\Controllers\MasterProgram))
#3 D:\xampp\htdocs\bltprogram\system\CodeIgniter.php(316): CodeIgniter\CodeIgniter->handleRequest(NULL, Object(Config\Cache), false)
#4 D:\xampp\htdocs\bltprogram\public\index.php(45): CodeIgniter\CodeIgniter->run()
#5 {main}
CRITICAL - 2020-11-29 23:22:33 --> Invalid file: {0}
#0 D:\xampp\htdocs\bltprogram\system\View\View.php(228): CodeIgniter\Exceptions\FrameworkException::forInvalidFile('MasterProgram.p...')
#1 D:\xampp\htdocs\bltprogram\system\Common.php(1119): CodeIgniter\View\View->render('MasterProgram', Array, true)
#2 D:\xampp\htdocs\bltprogram\app\Controllers\Home.php(18): view('MasterProgram', Array)
#3 D:\xampp\htdocs\bltprogram\system\CodeIgniter.php(922): App\Controllers\Home->index()
#4 D:\xampp\htdocs\bltprogram\system\CodeIgniter.php(408): CodeIgniter\CodeIgniter->runController(Object(App\Controllers\Home))
#5 D:\xampp\htdocs\bltprogram\system\CodeIgniter.php(316): CodeIgniter\CodeIgniter->handleRequest(NULL, Object(Config\Cache), false)
#6 D:\xampp\htdocs\bltprogram\public\index.php(45): CodeIgniter\CodeIgniter->run()
#7 {main}
CRITICAL - 2020-11-29 23:22:47 --> Invalid file: {0}
#0 D:\xampp\htdocs\bltprogram\system\View\View.php(228): CodeIgniter\Exceptions\FrameworkException::forInvalidFile('Register.php')
#1 D:\xampp\htdocs\bltprogram\system\Common.php(1119): CodeIgniter\View\View->render('Register', Array, true)
#2 D:\xampp\htdocs\bltprogram\app\Controllers\Home.php(18): view('Register', Array)
#3 D:\xampp\htdocs\bltprogram\system\CodeIgniter.php(922): App\Controllers\Home->index()
#4 D:\xampp\htdocs\bltprogram\system\CodeIgniter.php(408): CodeIgniter\CodeIgniter->runController(Object(App\Controllers\Home))
#5 D:\xampp\htdocs\bltprogram\system\CodeIgniter.php(316): CodeIgniter\CodeIgniter->handleRequest(NULL, Object(Config\Cache), false)
#6 D:\xampp\htdocs\bltprogram\public\index.php(45): CodeIgniter\CodeIgniter->run()
#7 {main}
CRITICAL - 2020-11-29 23:23:05 --> Undefined variable: query
#0 D:\xampp\htdocs\bltprogram\app\Controllers\Home.php(18): CodeIgniter\Debug\Exceptions->errorHandler(8, 'Undefined varia...', 'D:\\xampp\\htdocs...', 18, Array)
#1 D:\xampp\htdocs\bltprogram\system\CodeIgniter.php(922): App\Controllers\Home->index()
#2 D:\xampp\htdocs\bltprogram\system\CodeIgniter.php(408): CodeIgniter\CodeIgniter->runController(Object(App\Controllers\Home))
#3 D:\xampp\htdocs\bltprogram\system\CodeIgniter.php(316): CodeIgniter\CodeIgniter->handleRequest(NULL, Object(Config\Cache), false)
#4 D:\xampp\htdocs\bltprogram\public\index.php(45): CodeIgniter\CodeIgniter->run()
#5 {main}
CRITICAL - 2020-11-29 23:23:13 --> Invalid file: {0}
#0 D:\xampp\htdocs\bltprogram\system\View\View.php(228): CodeIgniter\Exceptions\FrameworkException::forInvalidFile('Register.php')
#1 D:\xampp\htdocs\bltprogram\system\Common.php(1119): CodeIgniter\View\View->render('Register', Array, true)
#2 D:\xampp\htdocs\bltprogram\app\Controllers\Home.php(18): view('Register')
#3 D:\xampp\htdocs\bltprogram\system\CodeIgniter.php(922): App\Controllers\Home->index()
#4 D:\xampp\htdocs\bltprogram\system\CodeIgniter.php(408): CodeIgniter\CodeIgniter->runController(Object(App\Controllers\Home))
#5 D:\xampp\htdocs\bltprogram\system\CodeIgniter.php(316): CodeIgniter\CodeIgniter->handleRequest(NULL, Object(Config\Cache), false)
#6 D:\xampp\htdocs\bltprogram\public\index.php(45): CodeIgniter\CodeIgniter->run()
#7 {main}
CRITICAL - 2020-11-29 23:56:38 --> Invalid file: {0}
#0 D:\xampp\htdocs\bltprogram\system\View\View.php(228): CodeIgniter\Exceptions\FrameworkException::forInvalidFile('Register.php')
#1 D:\xampp\htdocs\bltprogram\system\Common.php(1119): CodeIgniter\View\View->render('Register', Array, true)
#2 D:\xampp\htdocs\bltprogram\app\Controllers\Home.php(18): view('Register')
#3 D:\xampp\htdocs\bltprogram\system\CodeIgniter.php(922): App\Controllers\Home->index()
#4 D:\xampp\htdocs\bltprogram\system\CodeIgniter.php(408): CodeIgniter\CodeIgniter->runController(Object(App\Controllers\Home))
#5 D:\xampp\htdocs\bltprogram\system\CodeIgniter.php(316): CodeIgniter\CodeIgniter->handleRequest(NULL, Object(Config\Cache), false)
#6 D:\xampp\htdocs\bltprogram\public\index.php(45): CodeIgniter\CodeIgniter->run()
#7 {main}
CRITICAL - 2020-11-29 23:57:01 --> Invalid file: {0}
#0 D:\xampp\htdocs\bltprogram\system\View\View.php(228): CodeIgniter\Exceptions\FrameworkException::forInvalidFile('Register.php')
#1 D:\xampp\htdocs\bltprogram\system\Common.php(1119): CodeIgniter\View\View->render('Register', Array, true)
#2 D:\xampp\htdocs\bltprogram\app\Controllers\Home.php(18): view('Register')
#3 D:\xampp\htdocs\bltprogram\system\CodeIgniter.php(922): App\Controllers\Home->index()
#4 D:\xampp\htdocs\bltprogram\system\CodeIgniter.php(408): CodeIgniter\CodeIgniter->runController(Object(App\Controllers\Home))
#5 D:\xampp\htdocs\bltprogram\system\CodeIgniter.php(316): CodeIgniter\CodeIgniter->handleRequest(NULL, Object(Config\Cache), false)
#6 D:\xampp\htdocs\bltprogram\public\index.php(45): CodeIgniter\CodeIgniter->run()
#7 {main}
