CRITICAL - 2020-12-09 00:59:28 --> syntax error, unexpected 'else' (T_ELSE)
#0 D:\xampp\htdocs\bltprogram\system\Router\Router.php(195): CodeIgniter\Router\Router->autoRoute('Register/index')
#1 D:\xampp\htdocs\bltprogram\system\CodeIgniter.php(797): CodeIgniter\Router\Router->handle('Register/index')
#2 D:\xampp\htdocs\bltprogram\system\CodeIgniter.php(368): CodeIgniter\CodeIgniter->tryToRouteIt(Object(CodeIgniter\Router\RouteCollection))
#3 D:\xampp\htdocs\bltprogram\system\CodeIgniter.php(316): CodeIgniter\CodeIgniter->handleRequest(NULL, Object(Config\Cache), false)
#4 D:\xampp\htdocs\bltprogram\public\index.php(45): CodeIgniter\CodeIgniter->run()
#5 {main}
CRITICAL - 2020-12-09 00:59:37 --> syntax error, unexpected ')'
#0 D:\xampp\htdocs\bltprogram\system\Router\Router.php(195): CodeIgniter\Router\Router->autoRoute('Register/index')
#1 D:\xampp\htdocs\bltprogram\system\CodeIgniter.php(797): CodeIgniter\Router\Router->handle('Register/index')
#2 D:\xampp\htdocs\bltprogram\system\CodeIgniter.php(368): CodeIgniter\CodeIgniter->tryToRouteIt(Object(CodeIgniter\Router\RouteCollection))
#3 D:\xampp\htdocs\bltprogram\system\CodeIgniter.php(316): CodeIgniter\CodeIgniter->handleRequest(NULL, Object(Config\Cache), false)
#4 D:\xampp\htdocs\bltprogram\public\index.php(45): CodeIgniter\CodeIgniter->run()
#5 {main}
CRITICAL - 2020-12-09 01:18:32 --> Undefined variable: pass
#0 D:\xampp\htdocs\bltprogram\app\Controllers\Login.php(45): CodeIgniter\Debug\Exceptions->errorHandler(8, 'Undefined varia...', 'D:\\xampp\\htdocs...', 45, Array)
#1 D:\xampp\htdocs\bltprogram\system\CodeIgniter.php(922): App\Controllers\Login->auth()
#2 D:\xampp\htdocs\bltprogram\system\CodeIgniter.php(408): CodeIgniter\CodeIgniter->runController(Object(App\Controllers\Login))
#3 D:\xampp\htdocs\bltprogram\system\CodeIgniter.php(316): CodeIgniter\CodeIgniter->handleRequest(NULL, Object(Config\Cache), false)
#4 D:\xampp\htdocs\bltprogram\public\index.php(45): CodeIgniter\CodeIgniter->run()
#5 {main}
CRITICAL - 2020-12-09 01:26:18 --> Call to undefined method CodeIgniter\Database\MySQLi\Result::getFirstResult()
#0 D:\xampp\htdocs\bltprogram\system\CodeIgniter.php(922): App\Controllers\Login->auth()
#1 D:\xampp\htdocs\bltprogram\system\CodeIgniter.php(408): CodeIgniter\CodeIgniter->runController(Object(App\Controllers\Login))
#2 D:\xampp\htdocs\bltprogram\system\CodeIgniter.php(316): CodeIgniter\CodeIgniter->handleRequest(NULL, Object(Config\Cache), false)
#3 D:\xampp\htdocs\bltprogram\public\index.php(45): CodeIgniter\CodeIgniter->run()
#4 {main}
CRITICAL - 2020-12-09 01:27:57 --> Cannot use object of type stdClass as array
#0 D:\xampp\htdocs\bltprogram\system\CodeIgniter.php(922): App\Controllers\Login->auth()
#1 D:\xampp\htdocs\bltprogram\system\CodeIgniter.php(408): CodeIgniter\CodeIgniter->runController(Object(App\Controllers\Login))
#2 D:\xampp\htdocs\bltprogram\system\CodeIgniter.php(316): CodeIgniter\CodeIgniter->handleRequest(NULL, Object(Config\Cache), false)
#3 D:\xampp\htdocs\bltprogram\public\index.php(45): CodeIgniter\CodeIgniter->run()
#4 {main}
CRITICAL - 2020-12-09 01:28:38 --> Object of class stdClass could not be converted to string
#0 D:\xampp\htdocs\bltprogram\app\Controllers\Login.php(63): CodeIgniter\Debug\Exceptions->errorHandler(4096, 'Object of class...', 'D:\\xampp\\htdocs...', 63, Array)
#1 D:\xampp\htdocs\bltprogram\system\CodeIgniter.php(922): App\Controllers\Login->auth()
#2 D:\xampp\htdocs\bltprogram\system\CodeIgniter.php(408): CodeIgniter\CodeIgniter->runController(Object(App\Controllers\Login))
#3 D:\xampp\htdocs\bltprogram\system\CodeIgniter.php(316): CodeIgniter\CodeIgniter->handleRequest(NULL, Object(Config\Cache), false)
#4 D:\xampp\htdocs\bltprogram\public\index.php(45): CodeIgniter\CodeIgniter->run()
#5 {main}
CRITICAL - 2020-12-09 01:41:35 --> Undefined property: stdClass::$inputTanggalLahir
#0 D:\xampp\htdocs\bltprogram\app\Views\User\dashboard.php(113): CodeIgniter\Debug\Exceptions->errorHandler(8, 'Undefined prope...', 'D:\\xampp\\htdocs...', 113, Array)
#1 D:\xampp\htdocs\bltprogram\system\View\View.php(246): include('D:\\xampp\\htdocs...')
#2 D:\xampp\htdocs\bltprogram\system\Common.php(1119): CodeIgniter\View\View->render('User/dashboard', Array, true)
#3 D:\xampp\htdocs\bltprogram\app\Controllers\User.php(149): view('User/dashboard', Array)
#4 D:\xampp\htdocs\bltprogram\system\CodeIgniter.php(922): App\Controllers\User->dashboard()
#5 D:\xampp\htdocs\bltprogram\system\CodeIgniter.php(408): CodeIgniter\CodeIgniter->runController(Object(App\Controllers\User))
#6 D:\xampp\htdocs\bltprogram\system\CodeIgniter.php(316): CodeIgniter\CodeIgniter->handleRequest(NULL, Object(Config\Cache), false)
#7 D:\xampp\htdocs\bltprogram\public\index.php(45): CodeIgniter\CodeIgniter->run()
#8 {main}
CRITICAL - 2020-12-09 01:44:39 --> The original file is not a valid file.
#0 D:\xampp\htdocs\bltprogram\system\HTTP\Files\UploadedFile.php(172): CodeIgniter\HTTP\Exceptions\HTTPException::forInvalidFile()
#1 D:\xampp\htdocs\bltprogram\app\Controllers\Register.php(252): CodeIgniter\HTTP\Files\UploadedFile->move('D:/xampp/htdocs...', '1607499879_14ab...')
#2 D:\xampp\htdocs\bltprogram\system\CodeIgniter.php(922): App\Controllers\Register->SimpanRegister()
#3 D:\xampp\htdocs\bltprogram\system\CodeIgniter.php(408): CodeIgniter\CodeIgniter->runController(Object(App\Controllers\Register))
#4 D:\xampp\htdocs\bltprogram\system\CodeIgniter.php(316): CodeIgniter\CodeIgniter->handleRequest(NULL, Object(Config\Cache), false)
#5 D:\xampp\htdocs\bltprogram\public\index.php(45): CodeIgniter\CodeIgniter->run()
#6 {main}
CRITICAL - 2020-12-09 02:07:37 --> Invalid file: {0}
#0 D:\xampp\htdocs\bltprogram\system\View\View.php(228): CodeIgniter\Exceptions\FrameworkException::forInvalidFile('Login/index.php')
#1 D:\xampp\htdocs\bltprogram\system\Common.php(1119): CodeIgniter\View\View->render('Login/index', Array, true)
#2 D:\xampp\htdocs\bltprogram\app\Controllers\Home.php(18): view('Login/index')
#3 D:\xampp\htdocs\bltprogram\system\CodeIgniter.php(922): App\Controllers\Home->index()
#4 D:\xampp\htdocs\bltprogram\system\CodeIgniter.php(408): CodeIgniter\CodeIgniter->runController(Object(App\Controllers\Home))
#5 D:\xampp\htdocs\bltprogram\system\CodeIgniter.php(316): CodeIgniter\CodeIgniter->handleRequest(NULL, Object(Config\Cache), false)
#6 D:\xampp\htdocs\bltprogram\public\index.php(45): CodeIgniter\CodeIgniter->run()
#7 {main}
CRITICAL - 2020-12-09 02:22:15 --> Call to undefined method App\Controllers\Register::getUserID()
#0 D:\xampp\htdocs\bltprogram\system\CodeIgniter.php(922): App\Controllers\Register->editProfile()
#1 D:\xampp\htdocs\bltprogram\system\CodeIgniter.php(408): CodeIgniter\CodeIgniter->runController(Object(App\Controllers\Register))
#2 D:\xampp\htdocs\bltprogram\system\CodeIgniter.php(316): CodeIgniter\CodeIgniter->handleRequest(NULL, Object(Config\Cache), false)
#3 D:\xampp\htdocs\bltprogram\public\index.php(45): CodeIgniter\CodeIgniter->run()
#4 {main}
CRITICAL - 2020-12-09 02:24:16 --> Call to undefined method App\Controllers\Register::getUserID()
#0 D:\xampp\htdocs\bltprogram\system\CodeIgniter.php(922): App\Controllers\Register->editProfile()
#1 D:\xampp\htdocs\bltprogram\system\CodeIgniter.php(408): CodeIgniter\CodeIgniter->runController(Object(App\Controllers\Register))
#2 D:\xampp\htdocs\bltprogram\system\CodeIgniter.php(316): CodeIgniter\CodeIgniter->handleRequest(NULL, Object(Config\Cache), false)
#3 D:\xampp\htdocs\bltprogram\public\index.php(45): CodeIgniter\CodeIgniter->run()
#4 {main}
CRITICAL - 2020-12-09 02:26:29 --> Invalid file: {0}
#0 D:\xampp\htdocs\bltprogram\system\View\View.php(228): CodeIgniter\Exceptions\FrameworkException::forInvalidFile('User/EditProfil...')
#1 D:\xampp\htdocs\bltprogram\system\Common.php(1119): CodeIgniter\View\View->render('User/EditProfil...', Array, true)
#2 D:\xampp\htdocs\bltprogram\app\Controllers\User.php(170): view('User/EditProfil...', Array)
#3 D:\xampp\htdocs\bltprogram\system\CodeIgniter.php(922): App\Controllers\User->editProfile()
#4 D:\xampp\htdocs\bltprogram\system\CodeIgniter.php(408): CodeIgniter\CodeIgniter->runController(Object(App\Controllers\User))
#5 D:\xampp\htdocs\bltprogram\system\CodeIgniter.php(316): CodeIgniter\CodeIgniter->handleRequest(NULL, Object(Config\Cache), false)
#6 D:\xampp\htdocs\bltprogram\public\index.php(45): CodeIgniter\CodeIgniter->run()
#7 {main}
CRITICAL - 2020-12-09 02:27:52 --> Undefined variable: data
#0 D:\xampp\htdocs\bltprogram\app\Views\User\EditProfile.php(24): CodeIgniter\Debug\Exceptions->errorHandler(8, 'Undefined varia...', 'D:\\xampp\\htdocs...', 24, Array)
#1 D:\xampp\htdocs\bltprogram\system\View\View.php(246): include('D:\\xampp\\htdocs...')
#2 D:\xampp\htdocs\bltprogram\system\Common.php(1119): CodeIgniter\View\View->render('User/EditProfil...', Array, true)
#3 D:\xampp\htdocs\bltprogram\app\Controllers\User.php(170): view('User/EditProfil...', Array)
#4 D:\xampp\htdocs\bltprogram\system\CodeIgniter.php(922): App\Controllers\User->editProfile()
#5 D:\xampp\htdocs\bltprogram\system\CodeIgniter.php(408): CodeIgniter\CodeIgniter->runController(Object(App\Controllers\User))
#6 D:\xampp\htdocs\bltprogram\system\CodeIgniter.php(316): CodeIgniter\CodeIgniter->handleRequest(NULL, Object(Config\Cache), false)
#7 D:\xampp\htdocs\bltprogram\public\index.php(45): CodeIgniter\CodeIgniter->run()
#8 {main}
CRITICAL - 2020-12-09 02:48:19 --> syntax error, unexpected '=', expecting end of file
#0 D:\xampp\htdocs\bltprogram\system\Common.php(1119): CodeIgniter\View\View->render('User/Profile', Array, true)
#1 D:\xampp\htdocs\bltprogram\app\Controllers\User.php(182): view('User/Profile', Array)
#2 D:\xampp\htdocs\bltprogram\system\CodeIgniter.php(922): App\Controllers\User->Profile()
#3 D:\xampp\htdocs\bltprogram\system\CodeIgniter.php(408): CodeIgniter\CodeIgniter->runController(Object(App\Controllers\User))
#4 D:\xampp\htdocs\bltprogram\system\CodeIgniter.php(316): CodeIgniter\CodeIgniter->handleRequest(NULL, Object(Config\Cache), false)
#5 D:\xampp\htdocs\bltprogram\public\index.php(45): CodeIgniter\CodeIgniter->run()
#6 {main}
CRITICAL - 2020-12-09 02:48:42 --> Undefined variable: data
#0 D:\xampp\htdocs\bltprogram\app\Views\User\Profile.php(5): CodeIgniter\Debug\Exceptions->errorHandler(8, 'Undefined varia...', 'D:\\xampp\\htdocs...', 5, Array)
#1 D:\xampp\htdocs\bltprogram\system\View\View.php(246): include('D:\\xampp\\htdocs...')
#2 D:\xampp\htdocs\bltprogram\system\Common.php(1119): CodeIgniter\View\View->render('User/Profile', Array, true)
#3 D:\xampp\htdocs\bltprogram\app\Controllers\User.php(182): view('User/Profile', Array)
#4 D:\xampp\htdocs\bltprogram\system\CodeIgniter.php(922): App\Controllers\User->Profile()
#5 D:\xampp\htdocs\bltprogram\system\CodeIgniter.php(408): CodeIgniter\CodeIgniter->runController(Object(App\Controllers\User))
#6 D:\xampp\htdocs\bltprogram\system\CodeIgniter.php(316): CodeIgniter\CodeIgniter->handleRequest(NULL, Object(Config\Cache), false)
#7 D:\xampp\htdocs\bltprogram\public\index.php(45): CodeIgniter\CodeIgniter->run()
#8 {main}
CRITICAL - 2020-12-09 02:48:42 --> Undefined variable: data
#0 D:\xampp\htdocs\bltprogram\app\Views\User\Profile.php(5): CodeIgniter\Debug\Exceptions->errorHandler(8, 'Undefined varia...', 'D:\\xampp\\htdocs...', 5, Array)
#1 D:\xampp\htdocs\bltprogram\system\View\View.php(246): include('D:\\xampp\\htdocs...')
#2 D:\xampp\htdocs\bltprogram\system\Common.php(1119): CodeIgniter\View\View->render('User/Profile', Array, true)
#3 D:\xampp\htdocs\bltprogram\app\Controllers\User.php(182): view('User/Profile', Array)
#4 D:\xampp\htdocs\bltprogram\system\CodeIgniter.php(922): App\Controllers\User->Profile()
#5 D:\xampp\htdocs\bltprogram\system\CodeIgniter.php(408): CodeIgniter\CodeIgniter->runController(Object(App\Controllers\User))
#6 D:\xampp\htdocs\bltprogram\system\CodeIgniter.php(316): CodeIgniter\CodeIgniter->handleRequest(NULL, Object(Config\Cache), false)
#7 D:\xampp\htdocs\bltprogram\public\index.php(45): CodeIgniter\CodeIgniter->run()
#8 {main}
CRITICAL - 2020-12-09 03:15:51 --> syntax error, unexpected '?>'
#0 D:\xampp\htdocs\bltprogram\system\View\View.php(257): CodeIgniter\View\View->render('MainLayout.php', Array, true)
#1 D:\xampp\htdocs\bltprogram\system\Common.php(1119): CodeIgniter\View\View->render('User/Profile', Array, true)
#2 D:\xampp\htdocs\bltprogram\app\Controllers\User.php(182): view('User/Profile', Array)
#3 D:\xampp\htdocs\bltprogram\system\CodeIgniter.php(922): App\Controllers\User->Profile()
#4 D:\xampp\htdocs\bltprogram\system\CodeIgniter.php(408): CodeIgniter\CodeIgniter->runController(Object(App\Controllers\User))
#5 D:\xampp\htdocs\bltprogram\system\CodeIgniter.php(316): CodeIgniter\CodeIgniter->handleRequest(NULL, Object(Config\Cache), false)
#6 D:\xampp\htdocs\bltprogram\public\index.php(45): CodeIgniter\CodeIgniter->run()
#7 {main}
CRITICAL - 2020-12-09 04:32:30 --> syntax error, unexpected '?>'
#0 D:\xampp\htdocs\bltprogram\system\View\View.php(257): CodeIgniter\View\View->render('MainLayout.php', Array, true)
#1 D:\xampp\htdocs\bltprogram\system\Common.php(1119): CodeIgniter\View\View->render('User/Profile', Array, true)
#2 D:\xampp\htdocs\bltprogram\app\Controllers\User.php(182): view('User/Profile', Array)
#3 D:\xampp\htdocs\bltprogram\system\CodeIgniter.php(922): App\Controllers\User->Profile()
#4 D:\xampp\htdocs\bltprogram\system\CodeIgniter.php(408): CodeIgniter\CodeIgniter->runController(Object(App\Controllers\User))
#5 D:\xampp\htdocs\bltprogram\system\CodeIgniter.php(316): CodeIgniter\CodeIgniter->handleRequest(NULL, Object(Config\Cache), false)
#6 D:\xampp\htdocs\bltprogram\public\index.php(45): CodeIgniter\CodeIgniter->run()
#7 {main}
CRITICAL - 2020-12-09 04:35:39 --> View themes, no current section.
#0 D:\xampp\htdocs\bltprogram\app\Views\User\Profile.php(394): CodeIgniter\View\View->endSection()
#1 D:\xampp\htdocs\bltprogram\system\View\View.php(246): include('D:\\xampp\\htdocs...')
#2 D:\xampp\htdocs\bltprogram\system\Common.php(1119): CodeIgniter\View\View->render('User/Profile', Array, true)
#3 D:\xampp\htdocs\bltprogram\app\Controllers\User.php(182): view('User/Profile', Array)
#4 D:\xampp\htdocs\bltprogram\system\CodeIgniter.php(922): App\Controllers\User->Profile()
#5 D:\xampp\htdocs\bltprogram\system\CodeIgniter.php(408): CodeIgniter\CodeIgniter->runController(Object(App\Controllers\User))
#6 D:\xampp\htdocs\bltprogram\system\CodeIgniter.php(316): CodeIgniter\CodeIgniter->handleRequest(NULL, Object(Config\Cache), false)
#7 D:\xampp\htdocs\bltprogram\public\index.php(45): CodeIgniter\CodeIgniter->run()
#8 {main}
CRITICAL - 2020-12-09 04:38:57 --> View themes, no current section.
#0 D:\xampp\htdocs\bltprogram\app\Views\User\Profile.php(411): CodeIgniter\View\View->endSection()
#1 D:\xampp\htdocs\bltprogram\system\View\View.php(246): include('D:\\xampp\\htdocs...')
#2 D:\xampp\htdocs\bltprogram\system\Common.php(1119): CodeIgniter\View\View->render('User/Profile', Array, true)
#3 D:\xampp\htdocs\bltprogram\app\Controllers\User.php(182): view('User/Profile', Array)
#4 D:\xampp\htdocs\bltprogram\system\CodeIgniter.php(922): App\Controllers\User->Profile()
#5 D:\xampp\htdocs\bltprogram\system\CodeIgniter.php(408): CodeIgniter\CodeIgniter->runController(Object(App\Controllers\User))
#6 D:\xampp\htdocs\bltprogram\system\CodeIgniter.php(316): CodeIgniter\CodeIgniter->handleRequest(NULL, Object(Config\Cache), false)
#7 D:\xampp\htdocs\bltprogram\public\index.php(45): CodeIgniter\CodeIgniter->run()
#8 {main}
CRITICAL - 2020-12-09 04:39:38 --> syntax error, unexpected '=', expecting end of file
#0 D:\xampp\htdocs\bltprogram\system\Common.php(1119): CodeIgniter\View\View->render('User/Profile', Array, true)
#1 D:\xampp\htdocs\bltprogram\app\Controllers\User.php(182): view('User/Profile', Array)
#2 D:\xampp\htdocs\bltprogram\system\CodeIgniter.php(922): App\Controllers\User->Profile()
#3 D:\xampp\htdocs\bltprogram\system\CodeIgniter.php(408): CodeIgniter\CodeIgniter->runController(Object(App\Controllers\User))
#4 D:\xampp\htdocs\bltprogram\system\CodeIgniter.php(316): CodeIgniter\CodeIgniter->handleRequest(NULL, Object(Config\Cache), false)
#5 D:\xampp\htdocs\bltprogram\public\index.php(45): CodeIgniter\CodeIgniter->run()
#6 {main}
CRITICAL - 2020-12-09 04:39:55 --> syntax error, unexpected '=', expecting end of file
#0 D:\xampp\htdocs\bltprogram\system\Common.php(1119): CodeIgniter\View\View->render('User/Profile', Array, true)
#1 D:\xampp\htdocs\bltprogram\app\Controllers\User.php(182): view('User/Profile', Array)
#2 D:\xampp\htdocs\bltprogram\system\CodeIgniter.php(922): App\Controllers\User->Profile()
#3 D:\xampp\htdocs\bltprogram\system\CodeIgniter.php(408): CodeIgniter\CodeIgniter->runController(Object(App\Controllers\User))
#4 D:\xampp\htdocs\bltprogram\system\CodeIgniter.php(316): CodeIgniter\CodeIgniter->handleRequest(NULL, Object(Config\Cache), false)
#5 D:\xampp\htdocs\bltprogram\public\index.php(45): CodeIgniter\CodeIgniter->run()
#6 {main}
CRITICAL - 2020-12-09 05:05:49 --> Undefined variable: dataQuery
#0 D:\xampp\htdocs\bltprogram\app\Views\User\Profile.php(123): CodeIgniter\Debug\Exceptions->errorHandler(8, 'Undefined varia...', 'D:\\xampp\\htdocs...', 123, Array)
#1 D:\xampp\htdocs\bltprogram\system\View\View.php(246): include('D:\\xampp\\htdocs...')
#2 D:\xampp\htdocs\bltprogram\system\Common.php(1119): CodeIgniter\View\View->render('User/Profile', Array, true)
#3 D:\xampp\htdocs\bltprogram\app\Controllers\User.php(182): view('User/Profile', Array)
#4 D:\xampp\htdocs\bltprogram\system\CodeIgniter.php(922): App\Controllers\User->Profile()
#5 D:\xampp\htdocs\bltprogram\system\CodeIgniter.php(408): CodeIgniter\CodeIgniter->runController(Object(App\Controllers\User))
#6 D:\xampp\htdocs\bltprogram\system\CodeIgniter.php(316): CodeIgniter\CodeIgniter->handleRequest(NULL, Object(Config\Cache), false)
#7 D:\xampp\htdocs\bltprogram\public\index.php(45): CodeIgniter\CodeIgniter->run()
#8 {main}
CRITICAL - 2020-12-09 05:07:01 --> Undefined variable: dataQuery
#0 D:\xampp\htdocs\bltprogram\app\Views\User\Profile.php(123): CodeIgniter\Debug\Exceptions->errorHandler(8, 'Undefined varia...', 'D:\\xampp\\htdocs...', 123, Array)
#1 D:\xampp\htdocs\bltprogram\system\View\View.php(246): include('D:\\xampp\\htdocs...')
#2 D:\xampp\htdocs\bltprogram\system\Common.php(1119): CodeIgniter\View\View->render('User/Profile', Array, true)
#3 D:\xampp\htdocs\bltprogram\app\Controllers\User.php(183): view('User/Profile', Array)
#4 D:\xampp\htdocs\bltprogram\system\CodeIgniter.php(922): App\Controllers\User->Profile()
#5 D:\xampp\htdocs\bltprogram\system\CodeIgniter.php(408): CodeIgniter\CodeIgniter->runController(Object(App\Controllers\User))
#6 D:\xampp\htdocs\bltprogram\system\CodeIgniter.php(316): CodeIgniter\CodeIgniter->handleRequest(NULL, Object(Config\Cache), false)
#7 D:\xampp\htdocs\bltprogram\public\index.php(45): CodeIgniter\CodeIgniter->run()
#8 {main}
CRITICAL - 2020-12-09 05:07:36 --> Undefined variable: query
#0 D:\xampp\htdocs\bltprogram\app\Views\User\Profile.php(8): CodeIgniter\Debug\Exceptions->errorHandler(8, 'Undefined varia...', 'D:\\xampp\\htdocs...', 8, Array)
#1 D:\xampp\htdocs\bltprogram\system\View\View.php(246): include('D:\\xampp\\htdocs...')
#2 D:\xampp\htdocs\bltprogram\system\Common.php(1119): CodeIgniter\View\View->render('User/Profile', Array, true)
#3 D:\xampp\htdocs\bltprogram\app\Controllers\User.php(183): view('User/Profile', Array)
#4 D:\xampp\htdocs\bltprogram\system\CodeIgniter.php(922): App\Controllers\User->Profile()
#5 D:\xampp\htdocs\bltprogram\system\CodeIgniter.php(408): CodeIgniter\CodeIgniter->runController(Object(App\Controllers\User))
#6 D:\xampp\htdocs\bltprogram\system\CodeIgniter.php(316): CodeIgniter\CodeIgniter->handleRequest(NULL, Object(Config\Cache), false)
#7 D:\xampp\htdocs\bltprogram\public\index.php(45): CodeIgniter\CodeIgniter->run()
#8 {main}
CRITICAL - 2020-12-09 05:17:35 --> syntax error, unexpected '?>'
#0 D:\xampp\htdocs\bltprogram\system\View\View.php(257): CodeIgniter\View\View->render('MainLayout.php', Array, true)
#1 D:\xampp\htdocs\bltprogram\system\Common.php(1119): CodeIgniter\View\View->render('User/Profile', Array, true)
#2 D:\xampp\htdocs\bltprogram\app\Controllers\User.php(183): view('User/Profile', Array)
#3 D:\xampp\htdocs\bltprogram\system\CodeIgniter.php(922): App\Controllers\User->Profile()
#4 D:\xampp\htdocs\bltprogram\system\CodeIgniter.php(408): CodeIgniter\CodeIgniter->runController(Object(App\Controllers\User))
#5 D:\xampp\htdocs\bltprogram\system\CodeIgniter.php(316): CodeIgniter\CodeIgniter->handleRequest(NULL, Object(Config\Cache), false)
#6 D:\xampp\htdocs\bltprogram\public\index.php(45): CodeIgniter\CodeIgniter->run()
#7 {main}
CRITICAL - 2020-12-09 05:28:27 --> syntax error, unexpected '/', expecting end of file
#0 D:\xampp\htdocs\bltprogram\system\View\View.php(257): CodeIgniter\View\View->render('MainLayout.php', Array, true)
#1 D:\xampp\htdocs\bltprogram\system\Common.php(1119): CodeIgniter\View\View->render('User/Profile', Array, true)
#2 D:\xampp\htdocs\bltprogram\app\Controllers\User.php(183): view('User/Profile', Array)
#3 D:\xampp\htdocs\bltprogram\system\CodeIgniter.php(922): App\Controllers\User->Profile()
#4 D:\xampp\htdocs\bltprogram\system\CodeIgniter.php(408): CodeIgniter\CodeIgniter->runController(Object(App\Controllers\User))
#5 D:\xampp\htdocs\bltprogram\system\CodeIgniter.php(316): CodeIgniter\CodeIgniter->handleRequest(NULL, Object(Config\Cache), false)
#6 D:\xampp\htdocs\bltprogram\public\index.php(45): CodeIgniter\CodeIgniter->run()
#7 {main}
CRITICAL - 2020-12-09 05:29:49 --> syntax error, unexpected '?>'
#0 D:\xampp\htdocs\bltprogram\system\View\View.php(257): CodeIgniter\View\View->render('MainLayout.php', Array, true)
#1 D:\xampp\htdocs\bltprogram\system\Common.php(1119): CodeIgniter\View\View->render('User/Profile', Array, true)
#2 D:\xampp\htdocs\bltprogram\app\Controllers\User.php(183): view('User/Profile', Array)
#3 D:\xampp\htdocs\bltprogram\system\CodeIgniter.php(922): App\Controllers\User->Profile()
#4 D:\xampp\htdocs\bltprogram\system\CodeIgniter.php(408): CodeIgniter\CodeIgniter->runController(Object(App\Controllers\User))
#5 D:\xampp\htdocs\bltprogram\system\CodeIgniter.php(316): CodeIgniter\CodeIgniter->handleRequest(NULL, Object(Config\Cache), false)
#6 D:\xampp\htdocs\bltprogram\public\index.php(45): CodeIgniter\CodeIgniter->run()
#7 {main}
CRITICAL - 2020-12-09 06:30:41 --> syntax error, unexpected '?>'
#0 D:\xampp\htdocs\bltprogram\system\View\View.php(257): CodeIgniter\View\View->render('MainLayout.php', Array, true)
#1 D:\xampp\htdocs\bltprogram\system\Common.php(1119): CodeIgniter\View\View->render('User/Profile', Array, true)
#2 D:\xampp\htdocs\bltprogram\app\Controllers\User.php(183): view('User/Profile', Array)
#3 D:\xampp\htdocs\bltprogram\system\CodeIgniter.php(922): App\Controllers\User->Profile()
#4 D:\xampp\htdocs\bltprogram\system\CodeIgniter.php(408): CodeIgniter\CodeIgniter->runController(Object(App\Controllers\User))
#5 D:\xampp\htdocs\bltprogram\system\CodeIgniter.php(316): CodeIgniter\CodeIgniter->handleRequest(NULL, Object(Config\Cache), false)
#6 D:\xampp\htdocs\bltprogram\public\index.php(45): CodeIgniter\CodeIgniter->run()
#7 {main}
CRITICAL - 2020-12-09 08:53:37 --> syntax error, unexpected '=>' (T_DOUBLE_ARROW), expecting ')'
#0 D:\xampp\htdocs\bltprogram\system\Router\Router.php(195): CodeIgniter\Router\Router->autoRoute('Register/getKec...')
#1 D:\xampp\htdocs\bltprogram\system\CodeIgniter.php(797): CodeIgniter\Router\Router->handle('Register/getKec...')
#2 D:\xampp\htdocs\bltprogram\system\CodeIgniter.php(368): CodeIgniter\CodeIgniter->tryToRouteIt(Object(CodeIgniter\Router\RouteCollection))
#3 D:\xampp\htdocs\bltprogram\system\CodeIgniter.php(316): CodeIgniter\CodeIgniter->handleRequest(NULL, Object(Config\Cache), false)
#4 D:\xampp\htdocs\bltprogram\public\index.php(45): CodeIgniter\CodeIgniter->run()
#5 {main}
CRITICAL - 2020-12-09 09:16:41 --> Undefined property: stdClass::$KTP
#0 D:\xampp\htdocs\bltprogram\app\Views\User\Profile.php(323): CodeIgniter\Debug\Exceptions->errorHandler(8, 'Undefined prope...', 'D:\\xampp\\htdocs...', 323, Array)
#1 D:\xampp\htdocs\bltprogram\system\View\View.php(246): include('D:\\xampp\\htdocs...')
#2 D:\xampp\htdocs\bltprogram\system\Common.php(1119): CodeIgniter\View\View->render('User/Profile', Array, true)
#3 D:\xampp\htdocs\bltprogram\app\Controllers\User.php(183): view('User/Profile', Array)
#4 D:\xampp\htdocs\bltprogram\system\CodeIgniter.php(922): App\Controllers\User->Profile()
#5 D:\xampp\htdocs\bltprogram\system\CodeIgniter.php(408): CodeIgniter\CodeIgniter->runController(Object(App\Controllers\User))
#6 D:\xampp\htdocs\bltprogram\system\CodeIgniter.php(316): CodeIgniter\CodeIgniter->handleRequest(NULL, Object(Config\Cache), false)
#7 D:\xampp\htdocs\bltprogram\public\index.php(45): CodeIgniter\CodeIgniter->run()
#8 {main}
CRITICAL - 2020-12-09 09:17:01 --> Undefined property: stdClass::$ScanKtp
#0 D:\xampp\htdocs\bltprogram\app\Views\User\Profile.php(323): CodeIgniter\Debug\Exceptions->errorHandler(8, 'Undefined prope...', 'D:\\xampp\\htdocs...', 323, Array)
#1 D:\xampp\htdocs\bltprogram\system\View\View.php(246): include('D:\\xampp\\htdocs...')
#2 D:\xampp\htdocs\bltprogram\system\Common.php(1119): CodeIgniter\View\View->render('User/Profile', Array, true)
#3 D:\xampp\htdocs\bltprogram\app\Controllers\User.php(183): view('User/Profile', Array)
#4 D:\xampp\htdocs\bltprogram\system\CodeIgniter.php(922): App\Controllers\User->Profile()
#5 D:\xampp\htdocs\bltprogram\system\CodeIgniter.php(408): CodeIgniter\CodeIgniter->runController(Object(App\Controllers\User))
#6 D:\xampp\htdocs\bltprogram\system\CodeIgniter.php(316): CodeIgniter\CodeIgniter->handleRequest(NULL, Object(Config\Cache), false)
#7 D:\xampp\htdocs\bltprogram\public\index.php(45): CodeIgniter\CodeIgniter->run()
#8 {main}
CRITICAL - 2020-12-09 09:25:46 --> Undefined property: stdClass::$RentangGaji
#0 D:\xampp\htdocs\bltprogram\app\Views\User\Profile.php(31): CodeIgniter\Debug\Exceptions->errorHandler(8, 'Undefined prope...', 'D:\\xampp\\htdocs...', 31, Array)
#1 D:\xampp\htdocs\bltprogram\system\View\View.php(246): include('D:\\xampp\\htdocs...')
#2 D:\xampp\htdocs\bltprogram\system\Common.php(1119): CodeIgniter\View\View->render('User/Profile', Array, true)
#3 D:\xampp\htdocs\bltprogram\app\Controllers\User.php(183): view('User/Profile', Array)
#4 D:\xampp\htdocs\bltprogram\system\CodeIgniter.php(922): App\Controllers\User->Profile()
#5 D:\xampp\htdocs\bltprogram\system\CodeIgniter.php(408): CodeIgniter\CodeIgniter->runController(Object(App\Controllers\User))
#6 D:\xampp\htdocs\bltprogram\system\CodeIgniter.php(316): CodeIgniter\CodeIgniter->handleRequest(NULL, Object(Config\Cache), false)
#7 D:\xampp\htdocs\bltprogram\public\index.php(45): CodeIgniter\CodeIgniter->run()
#8 {main}
CRITICAL - 2020-12-09 09:26:02 --> Undefined property: stdClass::$RentangGaji
#0 D:\xampp\htdocs\bltprogram\app\Views\User\Profile.php(31): CodeIgniter\Debug\Exceptions->errorHandler(8, 'Undefined prope...', 'D:\\xampp\\htdocs...', 31, Array)
#1 D:\xampp\htdocs\bltprogram\system\View\View.php(246): include('D:\\xampp\\htdocs...')
#2 D:\xampp\htdocs\bltprogram\system\Common.php(1119): CodeIgniter\View\View->render('User/Profile', Array, true)
#3 D:\xampp\htdocs\bltprogram\app\Controllers\User.php(183): view('User/Profile', Array)
#4 D:\xampp\htdocs\bltprogram\system\CodeIgniter.php(922): App\Controllers\User->Profile()
#5 D:\xampp\htdocs\bltprogram\system\CodeIgniter.php(408): CodeIgniter\CodeIgniter->runController(Object(App\Controllers\User))
#6 D:\xampp\htdocs\bltprogram\system\CodeIgniter.php(316): CodeIgniter\CodeIgniter->handleRequest(NULL, Object(Config\Cache), false)
#7 D:\xampp\htdocs\bltprogram\public\index.php(45): CodeIgniter\CodeIgniter->run()
#8 {main}
CRITICAL - 2020-12-09 09:26:18 --> Undefined property: stdClass::$RentangGaji
#0 D:\xampp\htdocs\bltprogram\app\Views\User\Profile.php(31): CodeIgniter\Debug\Exceptions->errorHandler(8, 'Undefined prope...', 'D:\\xampp\\htdocs...', 31, Array)
#1 D:\xampp\htdocs\bltprogram\system\View\View.php(246): include('D:\\xampp\\htdocs...')
#2 D:\xampp\htdocs\bltprogram\system\Common.php(1119): CodeIgniter\View\View->render('User/Profile', Array, true)
#3 D:\xampp\htdocs\bltprogram\app\Controllers\User.php(183): view('User/Profile', Array)
#4 D:\xampp\htdocs\bltprogram\system\CodeIgniter.php(922): App\Controllers\User->Profile()
#5 D:\xampp\htdocs\bltprogram\system\CodeIgniter.php(408): CodeIgniter\CodeIgniter->runController(Object(App\Controllers\User))
#6 D:\xampp\htdocs\bltprogram\system\CodeIgniter.php(316): CodeIgniter\CodeIgniter->handleRequest(NULL, Object(Config\Cache), false)
#7 D:\xampp\htdocs\bltprogram\public\index.php(45): CodeIgniter\CodeIgniter->run()
#8 {main}
CRITICAL - 2020-12-09 09:26:36 --> Undefined property: stdClass::$RentangGaji
#0 D:\xampp\htdocs\bltprogram\app\Views\User\Profile.php(31): CodeIgniter\Debug\Exceptions->errorHandler(8, 'Undefined prope...', 'D:\\xampp\\htdocs...', 31, Array)
#1 D:\xampp\htdocs\bltprogram\system\View\View.php(246): include('D:\\xampp\\htdocs...')
#2 D:\xampp\htdocs\bltprogram\system\Common.php(1119): CodeIgniter\View\View->render('User/Profile', Array, true)
#3 D:\xampp\htdocs\bltprogram\app\Controllers\User.php(183): view('User/Profile', Array)
#4 D:\xampp\htdocs\bltprogram\system\CodeIgniter.php(922): App\Controllers\User->Profile()
#5 D:\xampp\htdocs\bltprogram\system\CodeIgniter.php(408): CodeIgniter\CodeIgniter->runController(Object(App\Controllers\User))
#6 D:\xampp\htdocs\bltprogram\system\CodeIgniter.php(316): CodeIgniter\CodeIgniter->handleRequest(NULL, Object(Config\Cache), false)
#7 D:\xampp\htdocs\bltprogram\public\index.php(45): CodeIgniter\CodeIgniter->run()
#8 {main}
CRITICAL - 2020-12-09 09:33:27 --> Undefined property: stdClass::$Username
#0 D:\xampp\htdocs\bltprogram\app\Views\User\Profile.php(166): CodeIgniter\Debug\Exceptions->errorHandler(8, 'Undefined prope...', 'D:\\xampp\\htdocs...', 166, Array)
#1 D:\xampp\htdocs\bltprogram\system\View\View.php(246): include('D:\\xampp\\htdocs...')
#2 D:\xampp\htdocs\bltprogram\system\Common.php(1119): CodeIgniter\View\View->render('User/Profile', Array, true)
#3 D:\xampp\htdocs\bltprogram\app\Controllers\User.php(183): view('User/Profile', Array)
#4 D:\xampp\htdocs\bltprogram\system\CodeIgniter.php(922): App\Controllers\User->Profile()
#5 D:\xampp\htdocs\bltprogram\system\CodeIgniter.php(408): CodeIgniter\CodeIgniter->runController(Object(App\Controllers\User))
#6 D:\xampp\htdocs\bltprogram\system\CodeIgniter.php(316): CodeIgniter\CodeIgniter->handleRequest(NULL, Object(Config\Cache), false)
#7 D:\xampp\htdocs\bltprogram\public\index.php(45): CodeIgniter\CodeIgniter->run()
#8 {main}
CRITICAL - 2020-12-09 09:33:54 --> Undefined property: stdClass::$Username
#0 D:\xampp\htdocs\bltprogram\app\Views\User\Profile.php(166): CodeIgniter\Debug\Exceptions->errorHandler(8, 'Undefined prope...', 'D:\\xampp\\htdocs...', 166, Array)
#1 D:\xampp\htdocs\bltprogram\system\View\View.php(246): include('D:\\xampp\\htdocs...')
#2 D:\xampp\htdocs\bltprogram\system\Common.php(1119): CodeIgniter\View\View->render('User/Profile', Array, true)
#3 D:\xampp\htdocs\bltprogram\app\Controllers\User.php(183): view('User/Profile', Array)
#4 D:\xampp\htdocs\bltprogram\system\CodeIgniter.php(922): App\Controllers\User->Profile()
#5 D:\xampp\htdocs\bltprogram\system\CodeIgniter.php(408): CodeIgniter\CodeIgniter->runController(Object(App\Controllers\User))
#6 D:\xampp\htdocs\bltprogram\system\CodeIgniter.php(316): CodeIgniter\CodeIgniter->handleRequest(NULL, Object(Config\Cache), false)
#7 D:\xampp\htdocs\bltprogram\public\index.php(45): CodeIgniter\CodeIgniter->run()
#8 {main}
CRITICAL - 2020-12-09 09:37:10 --> Call to undefined method stdClass::getFirstRow()
#0 D:\xampp\htdocs\bltprogram\system\View\View.php(246): include()
#1 D:\xampp\htdocs\bltprogram\system\Common.php(1119): CodeIgniter\View\View->render('User/Profile', Array, true)
#2 D:\xampp\htdocs\bltprogram\app\Controllers\User.php(185): view('User/Profile', Array)
#3 D:\xampp\htdocs\bltprogram\system\CodeIgniter.php(922): App\Controllers\User->Profile()
#4 D:\xampp\htdocs\bltprogram\system\CodeIgniter.php(408): CodeIgniter\CodeIgniter->runController(Object(App\Controllers\User))
#5 D:\xampp\htdocs\bltprogram\system\CodeIgniter.php(316): CodeIgniter\CodeIgniter->handleRequest(NULL, Object(Config\Cache), false)
#6 D:\xampp\htdocs\bltprogram\public\index.php(45): CodeIgniter\CodeIgniter->run()
#7 {main}
CRITICAL - 2020-12-09 10:20:57 --> syntax error, unexpected 'if' (T_IF)
#0 D:\xampp\htdocs\bltprogram\system\Common.php(1119): CodeIgniter\View\View->render('User/Profile', Array, true)
#1 D:\xampp\htdocs\bltprogram\app\Controllers\User.php(185): view('User/Profile', Array)
#2 D:\xampp\htdocs\bltprogram\system\CodeIgniter.php(922): App\Controllers\User->Profile()
#3 D:\xampp\htdocs\bltprogram\system\CodeIgniter.php(408): CodeIgniter\CodeIgniter->runController(Object(App\Controllers\User))
#4 D:\xampp\htdocs\bltprogram\system\CodeIgniter.php(316): CodeIgniter\CodeIgniter->handleRequest(NULL, Object(Config\Cache), false)
#5 D:\xampp\htdocs\bltprogram\public\index.php(45): CodeIgniter\CodeIgniter->run()
#6 {main}
CRITICAL - 2020-12-09 10:24:53 --> Undefined variable: userIDGuid
#0 D:\xampp\htdocs\bltprogram\app\Controllers\Register.php(327): CodeIgniter\Debug\Exceptions->errorHandler(8, 'Undefined varia...', 'D:\\xampp\\htdocs...', 327, Array)
#1 D:\xampp\htdocs\bltprogram\system\CodeIgniter.php(922): App\Controllers\Register->UpdateProfile()
#2 D:\xampp\htdocs\bltprogram\system\CodeIgniter.php(408): CodeIgniter\CodeIgniter->runController(Object(App\Controllers\Register))
#3 D:\xampp\htdocs\bltprogram\system\CodeIgniter.php(316): CodeIgniter\CodeIgniter->handleRequest(NULL, Object(Config\Cache), false)
#4 D:\xampp\htdocs\bltprogram\public\index.php(45): CodeIgniter\CodeIgniter->run()
#5 {main}
CRITICAL - 2020-12-09 10:25:28 --> Undefined variable: userIDGuid
#0 D:\xampp\htdocs\bltprogram\app\Controllers\Register.php(327): CodeIgniter\Debug\Exceptions->errorHandler(8, 'Undefined varia...', 'D:\\xampp\\htdocs...', 327, Array)
#1 D:\xampp\htdocs\bltprogram\system\CodeIgniter.php(922): App\Controllers\Register->UpdateProfile()
#2 D:\xampp\htdocs\bltprogram\system\CodeIgniter.php(408): CodeIgniter\CodeIgniter->runController(Object(App\Controllers\Register))
#3 D:\xampp\htdocs\bltprogram\system\CodeIgniter.php(316): CodeIgniter\CodeIgniter->handleRequest(NULL, Object(Config\Cache), false)
#4 D:\xampp\htdocs\bltprogram\public\index.php(45): CodeIgniter\CodeIgniter->run()
#5 {main}
CRITICAL - 2020-12-09 10:25:42 --> Undefined variable: inputUserID
#0 D:\xampp\htdocs\bltprogram\app\Controllers\Register.php(355): CodeIgniter\Debug\Exceptions->errorHandler(8, 'Undefined varia...', 'D:\\xampp\\htdocs...', 355, Array)
#1 D:\xampp\htdocs\bltprogram\system\CodeIgniter.php(922): App\Controllers\Register->UpdateProfile()
#2 D:\xampp\htdocs\bltprogram\system\CodeIgniter.php(408): CodeIgniter\CodeIgniter->runController(Object(App\Controllers\Register))
#3 D:\xampp\htdocs\bltprogram\system\CodeIgniter.php(316): CodeIgniter\CodeIgniter->handleRequest(NULL, Object(Config\Cache), false)
#4 D:\xampp\htdocs\bltprogram\public\index.php(45): CodeIgniter\CodeIgniter->run()
#5 {main}
CRITICAL - 2020-12-09 10:25:52 --> Undefined variable: PendudukID
#0 D:\xampp\htdocs\bltprogram\app\Controllers\Register.php(371): CodeIgniter\Debug\Exceptions->errorHandler(8, 'Undefined varia...', 'D:\\xampp\\htdocs...', 371, Array)
#1 D:\xampp\htdocs\bltprogram\system\CodeIgniter.php(922): App\Controllers\Register->UpdateProfile()
#2 D:\xampp\htdocs\bltprogram\system\CodeIgniter.php(408): CodeIgniter\CodeIgniter->runController(Object(App\Controllers\Register))
#3 D:\xampp\htdocs\bltprogram\system\CodeIgniter.php(316): CodeIgniter\CodeIgniter->handleRequest(NULL, Object(Config\Cache), false)
#4 D:\xampp\htdocs\bltprogram\public\index.php(45): CodeIgniter\CodeIgniter->run()
#5 {main}
CRITICAL - 2020-12-09 10:26:37 --> Undefined variable: PendudukID
#0 D:\xampp\htdocs\bltprogram\app\Controllers\Register.php(370): CodeIgniter\Debug\Exceptions->errorHandler(8, 'Undefined varia...', 'D:\\xampp\\htdocs...', 370, Array)
#1 D:\xampp\htdocs\bltprogram\system\CodeIgniter.php(922): App\Controllers\Register->UpdateProfile()
#2 D:\xampp\htdocs\bltprogram\system\CodeIgniter.php(408): CodeIgniter\CodeIgniter->runController(Object(App\Controllers\Register))
#3 D:\xampp\htdocs\bltprogram\system\CodeIgniter.php(316): CodeIgniter\CodeIgniter->handleRequest(NULL, Object(Config\Cache), false)
#4 D:\xampp\htdocs\bltprogram\public\index.php(45): CodeIgniter\CodeIgniter->run()
#5 {main}
CRITICAL - 2020-12-09 10:26:43 --> Undefined variable: PendudukID
#0 D:\xampp\htdocs\bltprogram\app\Controllers\Register.php(370): CodeIgniter\Debug\Exceptions->errorHandler(8, 'Undefined varia...', 'D:\\xampp\\htdocs...', 370, Array)
#1 D:\xampp\htdocs\bltprogram\system\CodeIgniter.php(922): App\Controllers\Register->UpdateProfile()
#2 D:\xampp\htdocs\bltprogram\system\CodeIgniter.php(408): CodeIgniter\CodeIgniter->runController(Object(App\Controllers\Register))
#3 D:\xampp\htdocs\bltprogram\system\CodeIgniter.php(316): CodeIgniter\CodeIgniter->handleRequest(NULL, Object(Config\Cache), false)
#4 D:\xampp\htdocs\bltprogram\public\index.php(45): CodeIgniter\CodeIgniter->run()
#5 {main}
CRITICAL - 2020-12-09 10:27:54 --> Undefined variable: PendudukID
#0 D:\xampp\htdocs\bltprogram\app\Controllers\Register.php(370): CodeIgniter\Debug\Exceptions->errorHandler(8, 'Undefined varia...', 'D:\\xampp\\htdocs...', 370, Array)
#1 D:\xampp\htdocs\bltprogram\system\CodeIgniter.php(922): App\Controllers\Register->UpdateProfile()
#2 D:\xampp\htdocs\bltprogram\system\CodeIgniter.php(408): CodeIgniter\CodeIgniter->runController(Object(App\Controllers\Register))
#3 D:\xampp\htdocs\bltprogram\system\CodeIgniter.php(316): CodeIgniter\CodeIgniter->handleRequest(NULL, Object(Config\Cache), false)
#4 D:\xampp\htdocs\bltprogram\public\index.php(45): CodeIgniter\CodeIgniter->run()
#5 {main}
CRITICAL - 2020-12-09 10:30:51 --> Undefined variable: PendudukID
#0 D:\xampp\htdocs\bltprogram\app\Controllers\Register.php(369): CodeIgniter\Debug\Exceptions->errorHandler(8, 'Undefined varia...', 'D:\\xampp\\htdocs...', 369, Array)
#1 D:\xampp\htdocs\bltprogram\system\CodeIgniter.php(922): App\Controllers\Register->UpdateProfile()
#2 D:\xampp\htdocs\bltprogram\system\CodeIgniter.php(408): CodeIgniter\CodeIgniter->runController(Object(App\Controllers\Register))
#3 D:\xampp\htdocs\bltprogram\system\CodeIgniter.php(316): CodeIgniter\CodeIgniter->handleRequest(NULL, Object(Config\Cache), false)
#4 D:\xampp\htdocs\bltprogram\public\index.php(45): CodeIgniter\CodeIgniter->run()
#5 {main}
CRITICAL - 2020-12-09 10:35:14 --> Use of undefined constant queryUpdateFoto - assumed 'queryUpdateFoto' (this will throw an Error in a future version of PHP)
#0 D:\xampp\htdocs\bltprogram\app\Controllers\Register.php(354): CodeIgniter\Debug\Exceptions->errorHandler(2, 'Use of undefine...', 'D:\\xampp\\htdocs...', 354, Array)
#1 D:\xampp\htdocs\bltprogram\system\CodeIgniter.php(922): App\Controllers\Register->UpdateProfile()
#2 D:\xampp\htdocs\bltprogram\system\CodeIgniter.php(408): CodeIgniter\CodeIgniter->runController(Object(App\Controllers\Register))
#3 D:\xampp\htdocs\bltprogram\system\CodeIgniter.php(316): CodeIgniter\CodeIgniter->handleRequest(NULL, Object(Config\Cache), false)
#4 D:\xampp\htdocs\bltprogram\public\index.php(45): CodeIgniter\CodeIgniter->run()
#5 {main}
CRITICAL - 2020-12-09 10:35:28 --> Use of undefined constant queryUpdateFoto - assumed 'queryUpdateFoto' (this will throw an Error in a future version of PHP)
#0 D:\xampp\htdocs\bltprogram\app\Controllers\Register.php(354): CodeIgniter\Debug\Exceptions->errorHandler(2, 'Use of undefine...', 'D:\\xampp\\htdocs...', 354, Array)
#1 D:\xampp\htdocs\bltprogram\system\CodeIgniter.php(922): App\Controllers\Register->UpdateProfile()
#2 D:\xampp\htdocs\bltprogram\system\CodeIgniter.php(408): CodeIgniter\CodeIgniter->runController(Object(App\Controllers\Register))
#3 D:\xampp\htdocs\bltprogram\system\CodeIgniter.php(316): CodeIgniter\CodeIgniter->handleRequest(NULL, Object(Config\Cache), false)
#4 D:\xampp\htdocs\bltprogram\public\index.php(45): CodeIgniter\CodeIgniter->run()
#5 {main}
CRITICAL - 2020-12-09 10:38:18 --> syntax error, unexpected '='
#0 D:\xampp\htdocs\bltprogram\system\Autoloader\Autoloader.php(296): CodeIgniter\Autoloader\Autoloader->requireFile('D:\\xampp\\htdocs...')
#1 D:\xampp\htdocs\bltprogram\system\Autoloader\Autoloader.php(258): CodeIgniter\Autoloader\Autoloader->loadInNamespace('App\\Controllers...')
#2 [internal function]: CodeIgniter\Autoloader\Autoloader->loadClass('App\\Controllers...')
#3 [internal function]: spl_autoload_call('App\\Controllers...')
#4 D:\xampp\htdocs\bltprogram\system\Database\ModelFactory.php(74): class_exists('App\\Controllers...')
#5 D:\xampp\htdocs\bltprogram\system\Database\ModelFactory.php(40): CodeIgniter\Database\ModelFactory::createClass('App\\Controllers...', NULL)
#6 D:\xampp\htdocs\bltprogram\system\Common.php(774): CodeIgniter\Database\ModelFactory::get('App\\Controllers...', true, NULL)
#7 D:\xampp\htdocs\bltprogram\app\Controllers\User.php(13): model('App\\Controllers...')
#8 D:\xampp\htdocs\bltprogram\system\CodeIgniter.php(894): App\Controllers\User->__construct()
#9 D:\xampp\htdocs\bltprogram\system\CodeIgniter.php(403): CodeIgniter\CodeIgniter->createController()
#10 D:\xampp\htdocs\bltprogram\system\CodeIgniter.php(316): CodeIgniter\CodeIgniter->handleRequest(NULL, Object(Config\Cache), false)
#11 D:\xampp\htdocs\bltprogram\public\index.php(45): CodeIgniter\CodeIgniter->run()
#12 {main}
CRITICAL - 2020-12-09 10:38:20 --> syntax error, unexpected '='
#0 D:\xampp\htdocs\bltprogram\system\Autoloader\Autoloader.php(296): CodeIgniter\Autoloader\Autoloader->requireFile('D:\\xampp\\htdocs...')
#1 D:\xampp\htdocs\bltprogram\system\Autoloader\Autoloader.php(258): CodeIgniter\Autoloader\Autoloader->loadInNamespace('App\\Controllers...')
#2 [internal function]: CodeIgniter\Autoloader\Autoloader->loadClass('App\\Controllers...')
#3 [internal function]: spl_autoload_call('App\\Controllers...')
#4 D:\xampp\htdocs\bltprogram\system\Database\ModelFactory.php(74): class_exists('App\\Controllers...')
#5 D:\xampp\htdocs\bltprogram\system\Database\ModelFactory.php(40): CodeIgniter\Database\ModelFactory::createClass('App\\Controllers...', NULL)
#6 D:\xampp\htdocs\bltprogram\system\Common.php(774): CodeIgniter\Database\ModelFactory::get('App\\Controllers...', true, NULL)
#7 D:\xampp\htdocs\bltprogram\app\Controllers\User.php(13): model('App\\Controllers...')
#8 D:\xampp\htdocs\bltprogram\system\CodeIgniter.php(894): App\Controllers\User->__construct()
#9 D:\xampp\htdocs\bltprogram\system\CodeIgniter.php(403): CodeIgniter\CodeIgniter->createController()
#10 D:\xampp\htdocs\bltprogram\system\CodeIgniter.php(316): CodeIgniter\CodeIgniter->handleRequest(NULL, Object(Config\Cache), false)
#11 D:\xampp\htdocs\bltprogram\public\index.php(45): CodeIgniter\CodeIgniter->run()
#12 {main}
CRITICAL - 2020-12-09 10:38:22 --> syntax error, unexpected '='
#0 D:\xampp\htdocs\bltprogram\system\Autoloader\Autoloader.php(296): CodeIgniter\Autoloader\Autoloader->requireFile('D:\\xampp\\htdocs...')
#1 D:\xampp\htdocs\bltprogram\system\Autoloader\Autoloader.php(258): CodeIgniter\Autoloader\Autoloader->loadInNamespace('App\\Controllers...')
#2 [internal function]: CodeIgniter\Autoloader\Autoloader->loadClass('App\\Controllers...')
#3 [internal function]: spl_autoload_call('App\\Controllers...')
#4 D:\xampp\htdocs\bltprogram\system\Database\ModelFactory.php(74): class_exists('App\\Controllers...')
#5 D:\xampp\htdocs\bltprogram\system\Database\ModelFactory.php(40): CodeIgniter\Database\ModelFactory::createClass('App\\Controllers...', NULL)
#6 D:\xampp\htdocs\bltprogram\system\Common.php(774): CodeIgniter\Database\ModelFactory::get('App\\Controllers...', true, NULL)
#7 D:\xampp\htdocs\bltprogram\app\Controllers\User.php(13): model('App\\Controllers...')
#8 D:\xampp\htdocs\bltprogram\system\CodeIgniter.php(894): App\Controllers\User->__construct()
#9 D:\xampp\htdocs\bltprogram\system\CodeIgniter.php(403): CodeIgniter\CodeIgniter->createController()
#10 D:\xampp\htdocs\bltprogram\system\CodeIgniter.php(316): CodeIgniter\CodeIgniter->handleRequest(NULL, Object(Config\Cache), false)
#11 D:\xampp\htdocs\bltprogram\public\index.php(45): CodeIgniter\CodeIgniter->run()
#12 {main}
CRITICAL - 2020-12-09 10:39:03 --> The original file is not a valid file.
#0 D:\xampp\htdocs\bltprogram\system\HTTP\Files\UploadedFile.php(172): CodeIgniter\HTTP\Exceptions\HTTPException::forInvalidFile()
#1 D:\xampp\htdocs\bltprogram\app\Controllers\Register.php(378): CodeIgniter\HTTP\Files\UploadedFile->move('D:/xampp/htdocs...', '1607531943_c20d...')
#2 D:\xampp\htdocs\bltprogram\system\CodeIgniter.php(922): App\Controllers\Register->UpdateProfile()
#3 D:\xampp\htdocs\bltprogram\system\CodeIgniter.php(408): CodeIgniter\CodeIgniter->runController(Object(App\Controllers\Register))
#4 D:\xampp\htdocs\bltprogram\system\CodeIgniter.php(316): CodeIgniter\CodeIgniter->handleRequest(NULL, Object(Config\Cache), false)
#5 D:\xampp\htdocs\bltprogram\public\index.php(45): CodeIgniter\CodeIgniter->run()
#6 {main}
CRITICAL - 2020-12-09 10:53:04 --> The original file is not a valid file.
#0 D:\xampp\htdocs\bltprogram\system\HTTP\Files\UploadedFile.php(172): CodeIgniter\HTTP\Exceptions\HTTPException::forInvalidFile()
#1 D:\xampp\htdocs\bltprogram\app\Controllers\Register.php(378): CodeIgniter\HTTP\Files\UploadedFile->move('D:/xampp/htdocs...', '1607532784_ba67...')
#2 D:\xampp\htdocs\bltprogram\system\CodeIgniter.php(922): App\Controllers\Register->UpdateProfile()
#3 D:\xampp\htdocs\bltprogram\system\CodeIgniter.php(408): CodeIgniter\CodeIgniter->runController(Object(App\Controllers\Register))
#4 D:\xampp\htdocs\bltprogram\system\CodeIgniter.php(316): CodeIgniter\CodeIgniter->handleRequest(NULL, Object(Config\Cache), false)
#5 D:\xampp\htdocs\bltprogram\public\index.php(45): CodeIgniter\CodeIgniter->run()
#6 {main}
CRITICAL - 2020-12-09 10:54:08 --> The original file is not a valid file.
#0 D:\xampp\htdocs\bltprogram\system\HTTP\Files\UploadedFile.php(172): CodeIgniter\HTTP\Exceptions\HTTPException::forInvalidFile()
#1 D:\xampp\htdocs\bltprogram\app\Controllers\Register.php(378): CodeIgniter\HTTP\Files\UploadedFile->move('D:/xampp/htdocs...', '1607532848_d1ea...')
#2 D:\xampp\htdocs\bltprogram\system\CodeIgniter.php(922): App\Controllers\Register->UpdateProfile()
#3 D:\xampp\htdocs\bltprogram\system\CodeIgniter.php(408): CodeIgniter\CodeIgniter->runController(Object(App\Controllers\Register))
#4 D:\xampp\htdocs\bltprogram\system\CodeIgniter.php(316): CodeIgniter\CodeIgniter->handleRequest(NULL, Object(Config\Cache), false)
#5 D:\xampp\htdocs\bltprogram\public\index.php(45): CodeIgniter\CodeIgniter->run()
#6 {main}
CRITICAL - 2020-12-09 10:55:30 --> Undefined variable: Password
#0 D:\xampp\htdocs\bltprogram\app\Controllers\Register.php(392): CodeIgniter\Debug\Exceptions->errorHandler(8, 'Undefined varia...', 'D:\\xampp\\htdocs...', 392, Array)
#1 D:\xampp\htdocs\bltprogram\system\CodeIgniter.php(922): App\Controllers\Register->UpdateProfile()
#2 D:\xampp\htdocs\bltprogram\system\CodeIgniter.php(408): CodeIgniter\CodeIgniter->runController(Object(App\Controllers\Register))
#3 D:\xampp\htdocs\bltprogram\system\CodeIgniter.php(316): CodeIgniter\CodeIgniter->handleRequest(NULL, Object(Config\Cache), false)
#4 D:\xampp\htdocs\bltprogram\public\index.php(45): CodeIgniter\CodeIgniter->run()
#5 {main}
CRITICAL - 2020-12-09 10:55:30 --> Uncaught ErrorException: print_r(): Property access is not allowed yet in D:\xampp\htdocs\bltprogram\app\Views\errors\html\error_exception.php:100
Stack trace:
#0 [internal function]: CodeIgniter\Debug\Exceptions->errorHandler(2, 'print_r(): Prop...', 'D:\\xampp\\htdocs...', 100, Array)
#1 D:\xampp\htdocs\bltprogram\app\Views\errors\html\error_exception.php(100): print_r(Array, true)
#2 D:\xampp\htdocs\bltprogram\system\Debug\Exceptions.php(308): include('D:\\xampp\\htdocs...')
#3 D:\xampp\htdocs\bltprogram\system\Debug\Exceptions.php(174): CodeIgniter\Debug\Exceptions->render(Object(ErrorException), 500)
#4 [internal function]: CodeIgniter\Debug\Exceptions->exceptionHandler(Object(ErrorException))
#5 {main}
  thrown
#0 [internal function]: CodeIgniter\Debug\Exceptions->shutdownHandler()
#1 {main}
CRITICAL - 2020-12-09 10:55:40 --> Undefined variable: Password
#0 D:\xampp\htdocs\bltprogram\app\Controllers\Register.php(392): CodeIgniter\Debug\Exceptions->errorHandler(8, 'Undefined varia...', 'D:\\xampp\\htdocs...', 392, Array)
#1 D:\xampp\htdocs\bltprogram\system\CodeIgniter.php(922): App\Controllers\Register->UpdateProfile()
#2 D:\xampp\htdocs\bltprogram\system\CodeIgniter.php(408): CodeIgniter\CodeIgniter->runController(Object(App\Controllers\Register))
#3 D:\xampp\htdocs\bltprogram\system\CodeIgniter.php(316): CodeIgniter\CodeIgniter->handleRequest(NULL, Object(Config\Cache), false)
#4 D:\xampp\htdocs\bltprogram\public\index.php(45): CodeIgniter\CodeIgniter->run()
#5 {main}
CRITICAL - 2020-12-09 10:55:40 --> Uncaught ErrorException: print_r(): Property access is not allowed yet in D:\xampp\htdocs\bltprogram\app\Views\errors\html\error_exception.php:100
Stack trace:
#0 [internal function]: CodeIgniter\Debug\Exceptions->errorHandler(2, 'print_r(): Prop...', 'D:\\xampp\\htdocs...', 100, Array)
#1 D:\xampp\htdocs\bltprogram\app\Views\errors\html\error_exception.php(100): print_r(Array, true)
#2 D:\xampp\htdocs\bltprogram\system\Debug\Exceptions.php(308): include('D:\\xampp\\htdocs...')
#3 D:\xampp\htdocs\bltprogram\system\Debug\Exceptions.php(174): CodeIgniter\Debug\Exceptions->render(Object(ErrorException), 500)
#4 [internal function]: CodeIgniter\Debug\Exceptions->exceptionHandler(Object(ErrorException))
#5 {main}
  thrown
#0 [internal function]: CodeIgniter\Debug\Exceptions->shutdownHandler()
#1 {main}
CRITICAL - 2020-12-09 10:56:33 --> Undefined variable: Password
#0 D:\xampp\htdocs\bltprogram\app\Controllers\Register.php(392): CodeIgniter\Debug\Exceptions->errorHandler(8, 'Undefined varia...', 'D:\\xampp\\htdocs...', 392, Array)
#1 D:\xampp\htdocs\bltprogram\system\CodeIgniter.php(922): App\Controllers\Register->UpdateProfile()
#2 D:\xampp\htdocs\bltprogram\system\CodeIgniter.php(408): CodeIgniter\CodeIgniter->runController(Object(App\Controllers\Register))
#3 D:\xampp\htdocs\bltprogram\system\CodeIgniter.php(316): CodeIgniter\CodeIgniter->handleRequest(NULL, Object(Config\Cache), false)
#4 D:\xampp\htdocs\bltprogram\public\index.php(45): CodeIgniter\CodeIgniter->run()
#5 {main}
CRITICAL - 2020-12-09 10:56:33 --> Uncaught ErrorException: print_r(): Property access is not allowed yet in D:\xampp\htdocs\bltprogram\app\Views\errors\html\error_exception.php:100
Stack trace:
#0 [internal function]: CodeIgniter\Debug\Exceptions->errorHandler(2, 'print_r(): Prop...', 'D:\\xampp\\htdocs...', 100, Array)
#1 D:\xampp\htdocs\bltprogram\app\Views\errors\html\error_exception.php(100): print_r(Array, true)
#2 D:\xampp\htdocs\bltprogram\system\Debug\Exceptions.php(308): include('D:\\xampp\\htdocs...')
#3 D:\xampp\htdocs\bltprogram\system\Debug\Exceptions.php(174): CodeIgniter\Debug\Exceptions->render(Object(ErrorException), 500)
#4 [internal function]: CodeIgniter\Debug\Exceptions->exceptionHandler(Object(ErrorException))
#5 {main}
  thrown
#0 [internal function]: CodeIgniter\Debug\Exceptions->shutdownHandler()
#1 {main}
CRITICAL - 2020-12-09 10:56:36 --> Undefined variable: Password
#0 D:\xampp\htdocs\bltprogram\app\Controllers\Register.php(392): CodeIgniter\Debug\Exceptions->errorHandler(8, 'Undefined varia...', 'D:\\xampp\\htdocs...', 392, Array)
#1 D:\xampp\htdocs\bltprogram\system\CodeIgniter.php(922): App\Controllers\Register->UpdateProfile()
#2 D:\xampp\htdocs\bltprogram\system\CodeIgniter.php(408): CodeIgniter\CodeIgniter->runController(Object(App\Controllers\Register))
#3 D:\xampp\htdocs\bltprogram\system\CodeIgniter.php(316): CodeIgniter\CodeIgniter->handleRequest(NULL, Object(Config\Cache), false)
#4 D:\xampp\htdocs\bltprogram\public\index.php(45): CodeIgniter\CodeIgniter->run()
#5 {main}
CRITICAL - 2020-12-09 10:56:36 --> Uncaught ErrorException: print_r(): Property access is not allowed yet in D:\xampp\htdocs\bltprogram\app\Views\errors\html\error_exception.php:100
Stack trace:
#0 [internal function]: CodeIgniter\Debug\Exceptions->errorHandler(2, 'print_r(): Prop...', 'D:\\xampp\\htdocs...', 100, Array)
#1 D:\xampp\htdocs\bltprogram\app\Views\errors\html\error_exception.php(100): print_r(Array, true)
#2 D:\xampp\htdocs\bltprogram\system\Debug\Exceptions.php(308): include('D:\\xampp\\htdocs...')
#3 D:\xampp\htdocs\bltprogram\system\Debug\Exceptions.php(174): CodeIgniter\Debug\Exceptions->render(Object(ErrorException), 500)
#4 [internal function]: CodeIgniter\Debug\Exceptions->exceptionHandler(Object(ErrorException))
#5 {main}
  thrown
#0 [internal function]: CodeIgniter\Debug\Exceptions->shutdownHandler()
#1 {main}
CRITICAL - 2020-12-09 10:57:58 --> The original file is not a valid file.
#0 D:\xampp\htdocs\bltprogram\system\HTTP\Files\UploadedFile.php(172): CodeIgniter\HTTP\Exceptions\HTTPException::forInvalidFile()
#1 D:\xampp\htdocs\bltprogram\app\Controllers\Register.php(382): CodeIgniter\HTTP\Files\UploadedFile->move('D:/xampp/htdocs...', '1607533078_6a51...')
#2 D:\xampp\htdocs\bltprogram\system\CodeIgniter.php(922): App\Controllers\Register->UpdateProfile()
#3 D:\xampp\htdocs\bltprogram\system\CodeIgniter.php(408): CodeIgniter\CodeIgniter->runController(Object(App\Controllers\Register))
#4 D:\xampp\htdocs\bltprogram\system\CodeIgniter.php(316): CodeIgniter\CodeIgniter->handleRequest(NULL, Object(Config\Cache), false)
#5 D:\xampp\htdocs\bltprogram\public\index.php(45): CodeIgniter\CodeIgniter->run()
#6 {main}
CRITICAL - 2020-12-09 10:58:38 --> The original file is not a valid file.
#0 D:\xampp\htdocs\bltprogram\system\HTTP\Files\UploadedFile.php(172): CodeIgniter\HTTP\Exceptions\HTTPException::forInvalidFile()
#1 D:\xampp\htdocs\bltprogram\app\Controllers\Register.php(379): CodeIgniter\HTTP\Files\UploadedFile->move('D:/xampp/htdocs...', '1607533118_c4f2...')
#2 D:\xampp\htdocs\bltprogram\system\CodeIgniter.php(922): App\Controllers\Register->UpdateProfile()
#3 D:\xampp\htdocs\bltprogram\system\CodeIgniter.php(408): CodeIgniter\CodeIgniter->runController(Object(App\Controllers\Register))
#4 D:\xampp\htdocs\bltprogram\system\CodeIgniter.php(316): CodeIgniter\CodeIgniter->handleRequest(NULL, Object(Config\Cache), false)
#5 D:\xampp\htdocs\bltprogram\public\index.php(45): CodeIgniter\CodeIgniter->run()
#6 {main}
CRITICAL - 2020-12-09 10:58:46 --> The original file is not a valid file.
#0 D:\xampp\htdocs\bltprogram\system\HTTP\Files\UploadedFile.php(172): CodeIgniter\HTTP\Exceptions\HTTPException::forInvalidFile()
#1 D:\xampp\htdocs\bltprogram\app\Controllers\Register.php(379): CodeIgniter\HTTP\Files\UploadedFile->move('D:/xampp/htdocs...', '1607533126_45bc...')
#2 D:\xampp\htdocs\bltprogram\system\CodeIgniter.php(922): App\Controllers\Register->UpdateProfile()
#3 D:\xampp\htdocs\bltprogram\system\CodeIgniter.php(408): CodeIgniter\CodeIgniter->runController(Object(App\Controllers\Register))
#4 D:\xampp\htdocs\bltprogram\system\CodeIgniter.php(316): CodeIgniter\CodeIgniter->handleRequest(NULL, Object(Config\Cache), false)
#5 D:\xampp\htdocs\bltprogram\public\index.php(45): CodeIgniter\CodeIgniter->run()
#6 {main}
CRITICAL - 2020-12-09 10:59:11 --> Undefined variable: Password
#0 D:\xampp\htdocs\bltprogram\app\Controllers\Register.php(393): CodeIgniter\Debug\Exceptions->errorHandler(8, 'Undefined varia...', 'D:\\xampp\\htdocs...', 393, Array)
#1 D:\xampp\htdocs\bltprogram\system\CodeIgniter.php(922): App\Controllers\Register->UpdateProfile()
#2 D:\xampp\htdocs\bltprogram\system\CodeIgniter.php(408): CodeIgniter\CodeIgniter->runController(Object(App\Controllers\Register))
#3 D:\xampp\htdocs\bltprogram\system\CodeIgniter.php(316): CodeIgniter\CodeIgniter->handleRequest(NULL, Object(Config\Cache), false)
#4 D:\xampp\htdocs\bltprogram\public\index.php(45): CodeIgniter\CodeIgniter->run()
#5 {main}
CRITICAL - 2020-12-09 10:59:11 --> Uncaught ErrorException: print_r(): Property access is not allowed yet in D:\xampp\htdocs\bltprogram\app\Views\errors\html\error_exception.php:100
Stack trace:
#0 [internal function]: CodeIgniter\Debug\Exceptions->errorHandler(2, 'print_r(): Prop...', 'D:\\xampp\\htdocs...', 100, Array)
#1 D:\xampp\htdocs\bltprogram\app\Views\errors\html\error_exception.php(100): print_r(Array, true)
#2 D:\xampp\htdocs\bltprogram\system\Debug\Exceptions.php(308): include('D:\\xampp\\htdocs...')
#3 D:\xampp\htdocs\bltprogram\system\Debug\Exceptions.php(174): CodeIgniter\Debug\Exceptions->render(Object(ErrorException), 500)
#4 [internal function]: CodeIgniter\Debug\Exceptions->exceptionHandler(Object(ErrorException))
#5 {main}
  thrown
#0 [internal function]: CodeIgniter\Debug\Exceptions->shutdownHandler()
#1 {main}
CRITICAL - 2020-12-09 11:01:20 --> The original file is not a valid file.
#0 D:\xampp\htdocs\bltprogram\system\HTTP\Files\UploadedFile.php(172): CodeIgniter\HTTP\Exceptions\HTTPException::forInvalidFile()
#1 D:\xampp\htdocs\bltprogram\app\Controllers\Register.php(379): CodeIgniter\HTTP\Files\UploadedFile->move('D:/xampp/htdocs...', '1607533280_b71b...')
#2 D:\xampp\htdocs\bltprogram\system\CodeIgniter.php(922): App\Controllers\Register->UpdateProfile()
#3 D:\xampp\htdocs\bltprogram\system\CodeIgniter.php(408): CodeIgniter\CodeIgniter->runController(Object(App\Controllers\Register))
#4 D:\xampp\htdocs\bltprogram\system\CodeIgniter.php(316): CodeIgniter\CodeIgniter->handleRequest(NULL, Object(Config\Cache), false)
#5 D:\xampp\htdocs\bltprogram\public\index.php(45): CodeIgniter\CodeIgniter->run()
#6 {main}
CRITICAL - 2020-12-09 11:01:59 --> The original file is not a valid file.
#0 D:\xampp\htdocs\bltprogram\system\HTTP\Files\UploadedFile.php(172): CodeIgniter\HTTP\Exceptions\HTTPException::forInvalidFile()
#1 D:\xampp\htdocs\bltprogram\app\Controllers\Register.php(379): CodeIgniter\HTTP\Files\UploadedFile->move('D:/xampp/htdocs...', '1607533319_f527...')
#2 D:\xampp\htdocs\bltprogram\system\CodeIgniter.php(922): App\Controllers\Register->UpdateProfile()
#3 D:\xampp\htdocs\bltprogram\system\CodeIgniter.php(408): CodeIgniter\CodeIgniter->runController(Object(App\Controllers\Register))
#4 D:\xampp\htdocs\bltprogram\system\CodeIgniter.php(316): CodeIgniter\CodeIgniter->handleRequest(NULL, Object(Config\Cache), false)
#5 D:\xampp\htdocs\bltprogram\public\index.php(45): CodeIgniter\CodeIgniter->run()
#6 {main}
CRITICAL - 2020-12-09 11:02:34 --> Undefined variable: Password
#0 D:\xampp\htdocs\bltprogram\app\Controllers\Register.php(393): CodeIgniter\Debug\Exceptions->errorHandler(8, 'Undefined varia...', 'D:\\xampp\\htdocs...', 393, Array)
#1 D:\xampp\htdocs\bltprogram\system\CodeIgniter.php(922): App\Controllers\Register->UpdateProfile()
#2 D:\xampp\htdocs\bltprogram\system\CodeIgniter.php(408): CodeIgniter\CodeIgniter->runController(Object(App\Controllers\Register))
#3 D:\xampp\htdocs\bltprogram\system\CodeIgniter.php(316): CodeIgniter\CodeIgniter->handleRequest(NULL, Object(Config\Cache), false)
#4 D:\xampp\htdocs\bltprogram\public\index.php(45): CodeIgniter\CodeIgniter->run()
#5 {main}
CRITICAL - 2020-12-09 11:02:34 --> Uncaught ErrorException: print_r(): Property access is not allowed yet in D:\xampp\htdocs\bltprogram\app\Views\errors\html\error_exception.php:100
Stack trace:
#0 [internal function]: CodeIgniter\Debug\Exceptions->errorHandler(2, 'print_r(): Prop...', 'D:\\xampp\\htdocs...', 100, Array)
#1 D:\xampp\htdocs\bltprogram\app\Views\errors\html\error_exception.php(100): print_r(Array, true)
#2 D:\xampp\htdocs\bltprogram\system\Debug\Exceptions.php(308): include('D:\\xampp\\htdocs...')
#3 D:\xampp\htdocs\bltprogram\system\Debug\Exceptions.php(174): CodeIgniter\Debug\Exceptions->render(Object(ErrorException), 500)
#4 [internal function]: CodeIgniter\Debug\Exceptions->exceptionHandler(Object(ErrorException))
#5 {main}
  thrown
#0 [internal function]: CodeIgniter\Debug\Exceptions->shutdownHandler()
#1 {main}
CRITICAL - 2020-12-09 11:03:01 --> Undefined variable: Password
#0 D:\xampp\htdocs\bltprogram\app\Controllers\Register.php(393): CodeIgniter\Debug\Exceptions->errorHandler(8, 'Undefined varia...', 'D:\\xampp\\htdocs...', 393, Array)
#1 D:\xampp\htdocs\bltprogram\system\CodeIgniter.php(922): App\Controllers\Register->UpdateProfile()
#2 D:\xampp\htdocs\bltprogram\system\CodeIgniter.php(408): CodeIgniter\CodeIgniter->runController(Object(App\Controllers\Register))
#3 D:\xampp\htdocs\bltprogram\system\CodeIgniter.php(316): CodeIgniter\CodeIgniter->handleRequest(NULL, Object(Config\Cache), false)
#4 D:\xampp\htdocs\bltprogram\public\index.php(45): CodeIgniter\CodeIgniter->run()
#5 {main}
CRITICAL - 2020-12-09 11:03:01 --> Uncaught ErrorException: print_r(): Property access is not allowed yet in D:\xampp\htdocs\bltprogram\app\Views\errors\html\error_exception.php:100
Stack trace:
#0 [internal function]: CodeIgniter\Debug\Exceptions->errorHandler(2, 'print_r(): Prop...', 'D:\\xampp\\htdocs...', 100, Array)
#1 D:\xampp\htdocs\bltprogram\app\Views\errors\html\error_exception.php(100): print_r(Array, true)
#2 D:\xampp\htdocs\bltprogram\system\Debug\Exceptions.php(308): include('D:\\xampp\\htdocs...')
#3 D:\xampp\htdocs\bltprogram\system\Debug\Exceptions.php(174): CodeIgniter\Debug\Exceptions->render(Object(ErrorException), 500)
#4 [internal function]: CodeIgniter\Debug\Exceptions->exceptionHandler(Object(ErrorException))
#5 {main}
  thrown
#0 [internal function]: CodeIgniter\Debug\Exceptions->shutdownHandler()
#1 {main}
CRITICAL - 2020-12-09 11:05:28 --> Undefined variable: Password
#0 D:\xampp\htdocs\bltprogram\app\Controllers\Register.php(393): CodeIgniter\Debug\Exceptions->errorHandler(8, 'Undefined varia...', 'D:\\xampp\\htdocs...', 393, Array)
#1 D:\xampp\htdocs\bltprogram\system\CodeIgniter.php(922): App\Controllers\Register->UpdateProfile()
#2 D:\xampp\htdocs\bltprogram\system\CodeIgniter.php(408): CodeIgniter\CodeIgniter->runController(Object(App\Controllers\Register))
#3 D:\xampp\htdocs\bltprogram\system\CodeIgniter.php(316): CodeIgniter\CodeIgniter->handleRequest(NULL, Object(Config\Cache), false)
#4 D:\xampp\htdocs\bltprogram\public\index.php(45): CodeIgniter\CodeIgniter->run()
#5 {main}
CRITICAL - 2020-12-09 11:05:28 --> Uncaught ErrorException: print_r(): Property access is not allowed yet in D:\xampp\htdocs\bltprogram\app\Views\errors\html\error_exception.php:100
Stack trace:
#0 [internal function]: CodeIgniter\Debug\Exceptions->errorHandler(2, 'print_r(): Prop...', 'D:\\xampp\\htdocs...', 100, Array)
#1 D:\xampp\htdocs\bltprogram\app\Views\errors\html\error_exception.php(100): print_r(Array, true)
#2 D:\xampp\htdocs\bltprogram\system\Debug\Exceptions.php(308): include('D:\\xampp\\htdocs...')
#3 D:\xampp\htdocs\bltprogram\system\Debug\Exceptions.php(174): CodeIgniter\Debug\Exceptions->render(Object(ErrorException), 500)
#4 [internal function]: CodeIgniter\Debug\Exceptions->exceptionHandler(Object(ErrorException))
#5 {main}
  thrown
#0 [internal function]: CodeIgniter\Debug\Exceptions->shutdownHandler()
#1 {main}
CRITICAL - 2020-12-09 11:16:59 --> Undefined variable: Password
#0 D:\xampp\htdocs\bltprogram\app\Controllers\Register.php(393): CodeIgniter\Debug\Exceptions->errorHandler(8, 'Undefined varia...', 'D:\\xampp\\htdocs...', 393, Array)
#1 D:\xampp\htdocs\bltprogram\system\CodeIgniter.php(922): App\Controllers\Register->UpdateProfile()
#2 D:\xampp\htdocs\bltprogram\system\CodeIgniter.php(408): CodeIgniter\CodeIgniter->runController(Object(App\Controllers\Register))
#3 D:\xampp\htdocs\bltprogram\system\CodeIgniter.php(316): CodeIgniter\CodeIgniter->handleRequest(NULL, Object(Config\Cache), false)
#4 D:\xampp\htdocs\bltprogram\public\index.php(45): CodeIgniter\CodeIgniter->run()
#5 {main}
CRITICAL - 2020-12-09 11:16:59 --> Uncaught ErrorException: print_r(): Property access is not allowed yet in D:\xampp\htdocs\bltprogram\app\Views\errors\html\error_exception.php:100
Stack trace:
#0 [internal function]: CodeIgniter\Debug\Exceptions->errorHandler(2, 'print_r(): Prop...', 'D:\\xampp\\htdocs...', 100, Array)
#1 D:\xampp\htdocs\bltprogram\app\Views\errors\html\error_exception.php(100): print_r(Array, true)
#2 D:\xampp\htdocs\bltprogram\system\Debug\Exceptions.php(308): include('D:\\xampp\\htdocs...')
#3 D:\xampp\htdocs\bltprogram\system\Debug\Exceptions.php(174): CodeIgniter\Debug\Exceptions->render(Object(ErrorException), 500)
#4 [internal function]: CodeIgniter\Debug\Exceptions->exceptionHandler(Object(ErrorException))
#5 {main}
  thrown
#0 [internal function]: CodeIgniter\Debug\Exceptions->shutdownHandler()
#1 {main}
CRITICAL - 2020-12-09 11:18:25 --> syntax error, unexpected '/'
#0 D:\xampp\htdocs\bltprogram\system\Autoloader\Autoloader.php(296): CodeIgniter\Autoloader\Autoloader->requireFile('D:\\xampp\\htdocs...')
#1 D:\xampp\htdocs\bltprogram\system\Autoloader\Autoloader.php(258): CodeIgniter\Autoloader\Autoloader->loadInNamespace('App\\Controllers...')
#2 [internal function]: CodeIgniter\Autoloader\Autoloader->loadClass('App\\Controllers...')
#3 [internal function]: spl_autoload_call('App\\Controllers...')
#4 D:\xampp\htdocs\bltprogram\system\Database\ModelFactory.php(74): class_exists('App\\Controllers...')
#5 D:\xampp\htdocs\bltprogram\system\Database\ModelFactory.php(40): CodeIgniter\Database\ModelFactory::createClass('App\\Controllers...', NULL)
#6 D:\xampp\htdocs\bltprogram\system\Common.php(774): CodeIgniter\Database\ModelFactory::get('App\\Controllers...', true, NULL)
#7 D:\xampp\htdocs\bltprogram\app\Controllers\User.php(13): model('App\\Controllers...')
#8 D:\xampp\htdocs\bltprogram\system\CodeIgniter.php(894): App\Controllers\User->__construct()
#9 D:\xampp\htdocs\bltprogram\system\CodeIgniter.php(403): CodeIgniter\CodeIgniter->createController()
#10 D:\xampp\htdocs\bltprogram\system\CodeIgniter.php(316): CodeIgniter\CodeIgniter->handleRequest(NULL, Object(Config\Cache), false)
#11 D:\xampp\htdocs\bltprogram\public\index.php(45): CodeIgniter\CodeIgniter->run()
#12 {main}
CRITICAL - 2020-12-09 11:18:28 --> syntax error, unexpected '/'
#0 D:\xampp\htdocs\bltprogram\system\Autoloader\Autoloader.php(296): CodeIgniter\Autoloader\Autoloader->requireFile('D:\\xampp\\htdocs...')
#1 D:\xampp\htdocs\bltprogram\system\Autoloader\Autoloader.php(258): CodeIgniter\Autoloader\Autoloader->loadInNamespace('App\\Controllers...')
#2 [internal function]: CodeIgniter\Autoloader\Autoloader->loadClass('App\\Controllers...')
#3 [internal function]: spl_autoload_call('App\\Controllers...')
#4 D:\xampp\htdocs\bltprogram\system\Database\ModelFactory.php(74): class_exists('App\\Controllers...')
#5 D:\xampp\htdocs\bltprogram\system\Database\ModelFactory.php(40): CodeIgniter\Database\ModelFactory::createClass('App\\Controllers...', NULL)
#6 D:\xampp\htdocs\bltprogram\system\Common.php(774): CodeIgniter\Database\ModelFactory::get('App\\Controllers...', true, NULL)
#7 D:\xampp\htdocs\bltprogram\app\Controllers\User.php(13): model('App\\Controllers...')
#8 D:\xampp\htdocs\bltprogram\system\CodeIgniter.php(894): App\Controllers\User->__construct()
#9 D:\xampp\htdocs\bltprogram\system\CodeIgniter.php(403): CodeIgniter\CodeIgniter->createController()
#10 D:\xampp\htdocs\bltprogram\system\CodeIgniter.php(316): CodeIgniter\CodeIgniter->handleRequest(NULL, Object(Config\Cache), false)
#11 D:\xampp\htdocs\bltprogram\public\index.php(45): CodeIgniter\CodeIgniter->run()
#12 {main}
CRITICAL - 2020-12-09 11:18:36 --> syntax error, unexpected '/'
#0 D:\xampp\htdocs\bltprogram\system\Autoloader\Autoloader.php(296): CodeIgniter\Autoloader\Autoloader->requireFile('D:\\xampp\\htdocs...')
#1 D:\xampp\htdocs\bltprogram\system\Autoloader\Autoloader.php(258): CodeIgniter\Autoloader\Autoloader->loadInNamespace('App\\Controllers...')
#2 [internal function]: CodeIgniter\Autoloader\Autoloader->loadClass('App\\Controllers...')
#3 [internal function]: spl_autoload_call('App\\Controllers...')
#4 D:\xampp\htdocs\bltprogram\system\Database\ModelFactory.php(74): class_exists('App\\Controllers...')
#5 D:\xampp\htdocs\bltprogram\system\Database\ModelFactory.php(40): CodeIgniter\Database\ModelFactory::createClass('App\\Controllers...', NULL)
#6 D:\xampp\htdocs\bltprogram\system\Common.php(774): CodeIgniter\Database\ModelFactory::get('App\\Controllers...', true, NULL)
#7 D:\xampp\htdocs\bltprogram\app\Controllers\User.php(13): model('App\\Controllers...')
#8 D:\xampp\htdocs\bltprogram\system\CodeIgniter.php(894): App\Controllers\User->__construct()
#9 D:\xampp\htdocs\bltprogram\system\CodeIgniter.php(403): CodeIgniter\CodeIgniter->createController()
#10 D:\xampp\htdocs\bltprogram\system\CodeIgniter.php(316): CodeIgniter\CodeIgniter->handleRequest(NULL, Object(Config\Cache), false)
#11 D:\xampp\htdocs\bltprogram\public\index.php(45): CodeIgniter\CodeIgniter->run()
#12 {main}
CRITICAL - 2020-12-09 11:18:42 --> syntax error, unexpected '/'
#0 D:\xampp\htdocs\bltprogram\system\Autoloader\Autoloader.php(296): CodeIgniter\Autoloader\Autoloader->requireFile('D:\\xampp\\htdocs...')
#1 D:\xampp\htdocs\bltprogram\system\Autoloader\Autoloader.php(258): CodeIgniter\Autoloader\Autoloader->loadInNamespace('App\\Controllers...')
#2 [internal function]: CodeIgniter\Autoloader\Autoloader->loadClass('App\\Controllers...')
#3 [internal function]: spl_autoload_call('App\\Controllers...')
#4 D:\xampp\htdocs\bltprogram\system\Database\ModelFactory.php(74): class_exists('App\\Controllers...')
#5 D:\xampp\htdocs\bltprogram\system\Database\ModelFactory.php(40): CodeIgniter\Database\ModelFactory::createClass('App\\Controllers...', NULL)
#6 D:\xampp\htdocs\bltprogram\system\Common.php(774): CodeIgniter\Database\ModelFactory::get('App\\Controllers...', true, NULL)
#7 D:\xampp\htdocs\bltprogram\app\Controllers\User.php(13): model('App\\Controllers...')
#8 D:\xampp\htdocs\bltprogram\system\CodeIgniter.php(894): App\Controllers\User->__construct()
#9 D:\xampp\htdocs\bltprogram\system\CodeIgniter.php(403): CodeIgniter\CodeIgniter->createController()
#10 D:\xampp\htdocs\bltprogram\system\CodeIgniter.php(316): CodeIgniter\CodeIgniter->handleRequest(NULL, Object(Config\Cache), false)
#11 D:\xampp\htdocs\bltprogram\public\index.php(45): CodeIgniter\CodeIgniter->run()
#12 {main}
CRITICAL - 2020-12-09 11:19:24 --> syntax error, unexpected '/'
#0 D:\xampp\htdocs\bltprogram\system\Autoloader\Autoloader.php(296): CodeIgniter\Autoloader\Autoloader->requireFile('D:\\xampp\\htdocs...')
#1 D:\xampp\htdocs\bltprogram\system\Autoloader\Autoloader.php(258): CodeIgniter\Autoloader\Autoloader->loadInNamespace('App\\Controllers...')
#2 [internal function]: CodeIgniter\Autoloader\Autoloader->loadClass('App\\Controllers...')
#3 [internal function]: spl_autoload_call('App\\Controllers...')
#4 D:\xampp\htdocs\bltprogram\system\Database\ModelFactory.php(74): class_exists('App\\Controllers...')
#5 D:\xampp\htdocs\bltprogram\system\Database\ModelFactory.php(40): CodeIgniter\Database\ModelFactory::createClass('App\\Controllers...', NULL)
#6 D:\xampp\htdocs\bltprogram\system\Common.php(774): CodeIgniter\Database\ModelFactory::get('App\\Controllers...', true, NULL)
#7 D:\xampp\htdocs\bltprogram\app\Controllers\User.php(13): model('App\\Controllers...')
#8 D:\xampp\htdocs\bltprogram\system\CodeIgniter.php(894): App\Controllers\User->__construct()
#9 D:\xampp\htdocs\bltprogram\system\CodeIgniter.php(403): CodeIgniter\CodeIgniter->createController()
#10 D:\xampp\htdocs\bltprogram\system\CodeIgniter.php(316): CodeIgniter\CodeIgniter->handleRequest(NULL, Object(Config\Cache), false)
#11 D:\xampp\htdocs\bltprogram\public\index.php(45): CodeIgniter\CodeIgniter->run()
#12 {main}
CRITICAL - 2020-12-09 11:20:21 --> Undefined variable: Password
#0 D:\xampp\htdocs\bltprogram\app\Controllers\Register.php(393): CodeIgniter\Debug\Exceptions->errorHandler(8, 'Undefined varia...', 'D:\\xampp\\htdocs...', 393, Array)
#1 D:\xampp\htdocs\bltprogram\system\CodeIgniter.php(922): App\Controllers\Register->UpdateProfile()
#2 D:\xampp\htdocs\bltprogram\system\CodeIgniter.php(408): CodeIgniter\CodeIgniter->runController(Object(App\Controllers\Register))
#3 D:\xampp\htdocs\bltprogram\system\CodeIgniter.php(316): CodeIgniter\CodeIgniter->handleRequest(NULL, Object(Config\Cache), false)
#4 D:\xampp\htdocs\bltprogram\public\index.php(45): CodeIgniter\CodeIgniter->run()
#5 {main}
CRITICAL - 2020-12-09 11:20:21 --> Uncaught ErrorException: print_r(): Property access is not allowed yet in D:\xampp\htdocs\bltprogram\app\Views\errors\html\error_exception.php:100
Stack trace:
#0 [internal function]: CodeIgniter\Debug\Exceptions->errorHandler(2, 'print_r(): Prop...', 'D:\\xampp\\htdocs...', 100, Array)
#1 D:\xampp\htdocs\bltprogram\app\Views\errors\html\error_exception.php(100): print_r(Array, true)
#2 D:\xampp\htdocs\bltprogram\system\Debug\Exceptions.php(308): include('D:\\xampp\\htdocs...')
#3 D:\xampp\htdocs\bltprogram\system\Debug\Exceptions.php(174): CodeIgniter\Debug\Exceptions->render(Object(ErrorException), 500)
#4 [internal function]: CodeIgniter\Debug\Exceptions->exceptionHandler(Object(ErrorException))
#5 {main}
  thrown
#0 [internal function]: CodeIgniter\Debug\Exceptions->shutdownHandler()
#1 {main}
CRITICAL - 2020-12-09 11:41:48 --> Undefined property: stdClass::$NamaPekerjaan
#0 D:\xampp\htdocs\bltprogram\app\Views\User\Profile.php(376): CodeIgniter\Debug\Exceptions->errorHandler(8, 'Undefined prope...', 'D:\\xampp\\htdocs...', 376, Array)
#1 D:\xampp\htdocs\bltprogram\system\View\View.php(246): include('D:\\xampp\\htdocs...')
#2 D:\xampp\htdocs\bltprogram\system\Common.php(1119): CodeIgniter\View\View->render('User/Profile', Array, true)
#3 D:\xampp\htdocs\bltprogram\app\Controllers\User.php(185): view('User/Profile', Array)
#4 D:\xampp\htdocs\bltprogram\system\CodeIgniter.php(922): App\Controllers\User->Profile()
#5 D:\xampp\htdocs\bltprogram\system\CodeIgniter.php(408): CodeIgniter\CodeIgniter->runController(Object(App\Controllers\User))
#6 D:\xampp\htdocs\bltprogram\system\CodeIgniter.php(316): CodeIgniter\CodeIgniter->handleRequest(NULL, Object(Config\Cache), false)
#7 D:\xampp\htdocs\bltprogram\public\index.php(45): CodeIgniter\CodeIgniter->run()
#8 {main}
CRITICAL - 2020-12-09 14:19:07 --> Undefined variable: mergeKriteriaStatusKawin
#0 D:\xampp\htdocs\bltprogram\app\Controllers\Register.php(417): CodeIgniter\Debug\Exceptions->errorHandler(8, 'Undefined varia...', 'D:\\xampp\\htdocs...', 417, Array)
#1 D:\xampp\htdocs\bltprogram\system\CodeIgniter.php(922): App\Controllers\Register->UpdateProfile()
#2 D:\xampp\htdocs\bltprogram\system\CodeIgniter.php(408): CodeIgniter\CodeIgniter->runController(Object(App\Controllers\Register))
#3 D:\xampp\htdocs\bltprogram\system\CodeIgniter.php(316): CodeIgniter\CodeIgniter->handleRequest(NULL, Object(Config\Cache), false)
#4 D:\xampp\htdocs\bltprogram\public\index.php(45): CodeIgniter\CodeIgniter->run()
#5 {main}
CRITICAL - 2020-12-09 14:19:44 --> syntax error, unexpected '$db' (T_VARIABLE)
#0 D:\xampp\htdocs\bltprogram\system\Router\Router.php(195): CodeIgniter\Router\Router->autoRoute('Register/Update...')
#1 D:\xampp\htdocs\bltprogram\system\CodeIgniter.php(797): CodeIgniter\Router\Router->handle('Register/Update...')
#2 D:\xampp\htdocs\bltprogram\system\CodeIgniter.php(368): CodeIgniter\CodeIgniter->tryToRouteIt(Object(CodeIgniter\Router\RouteCollection))
#3 D:\xampp\htdocs\bltprogram\system\CodeIgniter.php(316): CodeIgniter\CodeIgniter->handleRequest(NULL, Object(Config\Cache), false)
#4 D:\xampp\htdocs\bltprogram\public\index.php(45): CodeIgniter\CodeIgniter->run()
#5 {main}
CRITICAL - 2020-12-09 14:19:49 --> syntax error, unexpected '$db' (T_VARIABLE)
#0 D:\xampp\htdocs\bltprogram\system\Autoloader\Autoloader.php(296): CodeIgniter\Autoloader\Autoloader->requireFile('D:\\xampp\\htdocs...')
#1 D:\xampp\htdocs\bltprogram\system\Autoloader\Autoloader.php(258): CodeIgniter\Autoloader\Autoloader->loadInNamespace('App\\Controllers...')
#2 [internal function]: CodeIgniter\Autoloader\Autoloader->loadClass('App\\Controllers...')
#3 [internal function]: spl_autoload_call('App\\Controllers...')
#4 D:\xampp\htdocs\bltprogram\system\Database\ModelFactory.php(74): class_exists('App\\Controllers...')
#5 D:\xampp\htdocs\bltprogram\system\Database\ModelFactory.php(40): CodeIgniter\Database\ModelFactory::createClass('App\\Controllers...', NULL)
#6 D:\xampp\htdocs\bltprogram\system\Common.php(774): CodeIgniter\Database\ModelFactory::get('App\\Controllers...', true, NULL)
#7 D:\xampp\htdocs\bltprogram\app\Controllers\User.php(13): model('App\\Controllers...')
#8 D:\xampp\htdocs\bltprogram\system\CodeIgniter.php(894): App\Controllers\User->__construct()
#9 D:\xampp\htdocs\bltprogram\system\CodeIgniter.php(403): CodeIgniter\CodeIgniter->createController()
#10 D:\xampp\htdocs\bltprogram\system\CodeIgniter.php(316): CodeIgniter\CodeIgniter->handleRequest(NULL, Object(Config\Cache), false)
#11 D:\xampp\htdocs\bltprogram\public\index.php(45): CodeIgniter\CodeIgniter->run()
#12 {main}
CRITICAL - 2020-12-09 14:19:52 --> syntax error, unexpected '$db' (T_VARIABLE)
#0 D:\xampp\htdocs\bltprogram\system\Autoloader\Autoloader.php(296): CodeIgniter\Autoloader\Autoloader->requireFile('D:\\xampp\\htdocs...')
#1 D:\xampp\htdocs\bltprogram\system\Autoloader\Autoloader.php(258): CodeIgniter\Autoloader\Autoloader->loadInNamespace('App\\Controllers...')
#2 [internal function]: CodeIgniter\Autoloader\Autoloader->loadClass('App\\Controllers...')
#3 [internal function]: spl_autoload_call('App\\Controllers...')
#4 D:\xampp\htdocs\bltprogram\system\Database\ModelFactory.php(74): class_exists('App\\Controllers...')
#5 D:\xampp\htdocs\bltprogram\system\Database\ModelFactory.php(40): CodeIgniter\Database\ModelFactory::createClass('App\\Controllers...', NULL)
#6 D:\xampp\htdocs\bltprogram\system\Common.php(774): CodeIgniter\Database\ModelFactory::get('App\\Controllers...', true, NULL)
#7 D:\xampp\htdocs\bltprogram\app\Controllers\User.php(13): model('App\\Controllers...')
#8 D:\xampp\htdocs\bltprogram\system\CodeIgniter.php(894): App\Controllers\User->__construct()
#9 D:\xampp\htdocs\bltprogram\system\CodeIgniter.php(403): CodeIgniter\CodeIgniter->createController()
#10 D:\xampp\htdocs\bltprogram\system\CodeIgniter.php(316): CodeIgniter\CodeIgniter->handleRequest(NULL, Object(Config\Cache), false)
#11 D:\xampp\htdocs\bltprogram\public\index.php(45): CodeIgniter\CodeIgniter->run()
#12 {main}
CRITICAL - 2020-12-09 14:20:09 --> Undefined variable: mergeKriteriaStatusKawin
#0 D:\xampp\htdocs\bltprogram\app\Controllers\Register.php(417): CodeIgniter\Debug\Exceptions->errorHandler(8, 'Undefined varia...', 'D:\\xampp\\htdocs...', 417, Array)
#1 D:\xampp\htdocs\bltprogram\system\CodeIgniter.php(922): App\Controllers\Register->UpdateProfile()
#2 D:\xampp\htdocs\bltprogram\system\CodeIgniter.php(408): CodeIgniter\CodeIgniter->runController(Object(App\Controllers\Register))
#3 D:\xampp\htdocs\bltprogram\system\CodeIgniter.php(316): CodeIgniter\CodeIgniter->handleRequest(NULL, Object(Config\Cache), false)
#4 D:\xampp\htdocs\bltprogram\public\index.php(45): CodeIgniter\CodeIgniter->run()
#5 {main}
CRITICAL - 2020-12-09 14:20:44 --> Undefined variable: mergeKriteriaStatusKawin
#0 D:\xampp\htdocs\bltprogram\app\Controllers\Register.php(417): CodeIgniter\Debug\Exceptions->errorHandler(8, 'Undefined varia...', 'D:\\xampp\\htdocs...', 417, Array)
#1 D:\xampp\htdocs\bltprogram\system\CodeIgniter.php(922): App\Controllers\Register->UpdateProfile()
#2 D:\xampp\htdocs\bltprogram\system\CodeIgniter.php(408): CodeIgniter\CodeIgniter->runController(Object(App\Controllers\Register))
#3 D:\xampp\htdocs\bltprogram\system\CodeIgniter.php(316): CodeIgniter\CodeIgniter->handleRequest(NULL, Object(Config\Cache), false)
#4 D:\xampp\htdocs\bltprogram\public\index.php(45): CodeIgniter\CodeIgniter->run()
#5 {main}
CRITICAL - 2020-12-09 14:22:05 --> Undefined variable: mergeKriteriaStatusKawin
#0 D:\xampp\htdocs\bltprogram\app\Controllers\Register.php(417): CodeIgniter\Debug\Exceptions->errorHandler(8, 'Undefined varia...', 'D:\\xampp\\htdocs...', 417, Array)
#1 D:\xampp\htdocs\bltprogram\system\CodeIgniter.php(922): App\Controllers\Register->UpdateProfile()
#2 D:\xampp\htdocs\bltprogram\system\CodeIgniter.php(408): CodeIgniter\CodeIgniter->runController(Object(App\Controllers\Register))
#3 D:\xampp\htdocs\bltprogram\system\CodeIgniter.php(316): CodeIgniter\CodeIgniter->handleRequest(NULL, Object(Config\Cache), false)
#4 D:\xampp\htdocs\bltprogram\public\index.php(45): CodeIgniter\CodeIgniter->run()
#5 {main}
CRITICAL - 2020-12-09 14:22:35 --> Undefined variable: mergeKriteriaStatusKawin
#0 D:\xampp\htdocs\bltprogram\app\Controllers\Register.php(417): CodeIgniter\Debug\Exceptions->errorHandler(8, 'Undefined varia...', 'D:\\xampp\\htdocs...', 417, Array)
#1 D:\xampp\htdocs\bltprogram\system\CodeIgniter.php(922): App\Controllers\Register->UpdateProfile()
#2 D:\xampp\htdocs\bltprogram\system\CodeIgniter.php(408): CodeIgniter\CodeIgniter->runController(Object(App\Controllers\Register))
#3 D:\xampp\htdocs\bltprogram\system\CodeIgniter.php(316): CodeIgniter\CodeIgniter->handleRequest(NULL, Object(Config\Cache), false)
#4 D:\xampp\htdocs\bltprogram\public\index.php(45): CodeIgniter\CodeIgniter->run()
#5 {main}
CRITICAL - 2020-12-09 14:22:42 --> Undefined variable: mergeKriteriaStatusKawin
#0 D:\xampp\htdocs\bltprogram\app\Controllers\Register.php(417): CodeIgniter\Debug\Exceptions->errorHandler(8, 'Undefined varia...', 'D:\\xampp\\htdocs...', 417, Array)
#1 D:\xampp\htdocs\bltprogram\system\CodeIgniter.php(922): App\Controllers\Register->UpdateProfile()
#2 D:\xampp\htdocs\bltprogram\system\CodeIgniter.php(408): CodeIgniter\CodeIgniter->runController(Object(App\Controllers\Register))
#3 D:\xampp\htdocs\bltprogram\system\CodeIgniter.php(316): CodeIgniter\CodeIgniter->handleRequest(NULL, Object(Config\Cache), false)
#4 D:\xampp\htdocs\bltprogram\public\index.php(45): CodeIgniter\CodeIgniter->run()
#5 {main}
CRITICAL - 2020-12-09 14:31:33 --> Undefined property: stdClass::$NewID
#0 D:\xampp\htdocs\bltprogram\app\Controllers\Register.php(136): CodeIgniter\Debug\Exceptions->errorHandler(8, 'Undefined prope...', 'D:\\xampp\\htdocs...', 136, Array)
#1 D:\xampp\htdocs\bltprogram\app\Controllers\Register.php(406): App\Controllers\Register->getGuidMySQL()
#2 D:\xampp\htdocs\bltprogram\system\CodeIgniter.php(922): App\Controllers\Register->UpdateProfile()
#3 D:\xampp\htdocs\bltprogram\system\CodeIgniter.php(408): CodeIgniter\CodeIgniter->runController(Object(App\Controllers\Register))
#4 D:\xampp\htdocs\bltprogram\system\CodeIgniter.php(316): CodeIgniter\CodeIgniter->handleRequest(NULL, Object(Config\Cache), false)
#5 D:\xampp\htdocs\bltprogram\public\index.php(45): CodeIgniter\CodeIgniter->run()
#6 {main}
CRITICAL - 2020-12-09 16:21:43 --> Undefined variable: PointPendapatanName
#0 D:\xampp\htdocs\bltprogram\app\Views\User\dashboard.php(188): CodeIgniter\Debug\Exceptions->errorHandler(8, 'Undefined varia...', 'D:\\xampp\\htdocs...', 188, Array)
#1 D:\xampp\htdocs\bltprogram\system\View\View.php(246): include('D:\\xampp\\htdocs...')
#2 D:\xampp\htdocs\bltprogram\system\Common.php(1119): CodeIgniter\View\View->render('User/dashboard', Array, true)
#3 D:\xampp\htdocs\bltprogram\app\Controllers\User.php(165): view('User/dashboard', Array)
#4 D:\xampp\htdocs\bltprogram\system\CodeIgniter.php(922): App\Controllers\User->dashboard()
#5 D:\xampp\htdocs\bltprogram\system\CodeIgniter.php(408): CodeIgniter\CodeIgniter->runController(Object(App\Controllers\User))
#6 D:\xampp\htdocs\bltprogram\system\CodeIgniter.php(316): CodeIgniter\CodeIgniter->handleRequest(NULL, Object(Config\Cache), false)
#7 D:\xampp\htdocs\bltprogram\public\index.php(45): CodeIgniter\CodeIgniter->run()
#8 {main}
CRITICAL - 2020-12-09 20:24:22 --> Invalid argument supplied for foreach()
#0 D:\xampp\htdocs\bltprogram\app\Controllers\Penduduk.php(47): CodeIgniter\Debug\Exceptions->errorHandler(2, 'Invalid argumen...', 'D:\\xampp\\htdocs...', 47, Array)
#1 D:\xampp\htdocs\bltprogram\system\CodeIgniter.php(922): App\Controllers\Penduduk->VerifiedAction()
#2 D:\xampp\htdocs\bltprogram\system\CodeIgniter.php(408): CodeIgniter\CodeIgniter->runController(Object(App\Controllers\Penduduk))
#3 D:\xampp\htdocs\bltprogram\system\CodeIgniter.php(316): CodeIgniter\CodeIgniter->handleRequest(NULL, Object(Config\Cache), false)
#4 D:\xampp\htdocs\bltprogram\public\index.php(45): CodeIgniter\CodeIgniter->run()
#5 {main}
CRITICAL - 2020-12-09 20:46:50 --> {0} route cannot be found while reverse-routing.
#0 D:\xampp\htdocs\bltprogram\system\HTTP\RedirectResponse.php(92): CodeIgniter\HTTP\Exceptions\HTTPException::forInvalidRedirectRoute('')
#1 D:\xampp\htdocs\bltprogram\system\Common.php(845): CodeIgniter\HTTP\RedirectResponse->route(false)
#2 D:\xampp\htdocs\bltprogram\app\Controllers\Penduduk.php(54): redirect('<!-- DEBUG-VIEW...')
#3 D:\xampp\htdocs\bltprogram\system\CodeIgniter.php(922): App\Controllers\Penduduk->VerifiedAction()
#4 D:\xampp\htdocs\bltprogram\system\CodeIgniter.php(408): CodeIgniter\CodeIgniter->runController(Object(App\Controllers\Penduduk))
#5 D:\xampp\htdocs\bltprogram\system\CodeIgniter.php(316): CodeIgniter\CodeIgniter->handleRequest(NULL, Object(Config\Cache), false)
#6 D:\xampp\htdocs\bltprogram\public\index.php(45): CodeIgniter\CodeIgniter->run()
#7 {main}
CRITICAL - 2020-12-09 20:48:51 --> Undefined property: App\Controllers\Penduduk::$Penduduk
#0 D:\xampp\htdocs\bltprogram\app\Controllers\Penduduk.php(54): CodeIgniter\Debug\Exceptions->errorHandler(8, 'Undefined prope...', 'D:\\xampp\\htdocs...', 54, Array)
#1 D:\xampp\htdocs\bltprogram\system\CodeIgniter.php(922): App\Controllers\Penduduk->VerifiedAction()
#2 D:\xampp\htdocs\bltprogram\system\CodeIgniter.php(408): CodeIgniter\CodeIgniter->runController(Object(App\Controllers\Penduduk))
#3 D:\xampp\htdocs\bltprogram\system\CodeIgniter.php(316): CodeIgniter\CodeIgniter->handleRequest(NULL, Object(Config\Cache), false)
#4 D:\xampp\htdocs\bltprogram\public\index.php(45): CodeIgniter\CodeIgniter->run()
#5 {main}
CRITICAL - 2020-12-09 20:48:51 --> Uncaught ErrorException: print_r(): Property access is not allowed yet in D:\xampp\htdocs\bltprogram\app\Views\errors\html\error_exception.php:100
Stack trace:
#0 [internal function]: CodeIgniter\Debug\Exceptions->errorHandler(2, 'print_r(): Prop...', 'D:\\xampp\\htdocs...', 100, Array)
#1 D:\xampp\htdocs\bltprogram\app\Views\errors\html\error_exception.php(100): print_r(Array, true)
#2 D:\xampp\htdocs\bltprogram\system\Debug\Exceptions.php(308): include('D:\\xampp\\htdocs...')
#3 D:\xampp\htdocs\bltprogram\system\Debug\Exceptions.php(174): CodeIgniter\Debug\Exceptions->render(Object(ErrorException), 500)
#4 [internal function]: CodeIgniter\Debug\Exceptions->exceptionHandler(Object(ErrorException))
#5 {main}
  thrown
#0 [internal function]: CodeIgniter\Debug\Exceptions->shutdownHandler()
#1 {main}
CRITICAL - 2020-12-09 21:16:19 --> Invalid argument supplied for foreach()
#0 D:\xampp\htdocs\bltprogram\app\Controllers\Penduduk.php(39): CodeIgniter\Debug\Exceptions->errorHandler(2, 'Invalid argumen...', 'D:\\xampp\\htdocs...', 39, Array)
#1 D:\xampp\htdocs\bltprogram\system\CodeIgniter.php(922): App\Controllers\Penduduk->VerifiedAction()
#2 D:\xampp\htdocs\bltprogram\system\CodeIgniter.php(408): CodeIgniter\CodeIgniter->runController(Object(App\Controllers\Penduduk))
#3 D:\xampp\htdocs\bltprogram\system\CodeIgniter.php(316): CodeIgniter\CodeIgniter->handleRequest(NULL, Object(Config\Cache), false)
#4 D:\xampp\htdocs\bltprogram\public\index.php(45): CodeIgniter\CodeIgniter->run()
#5 {main}
CRITICAL - 2020-12-09 21:45:45 --> Undefined property: stdClass::$NomorRW
#0 D:\xampp\htdocs\bltprogram\app\Views\Penduduk\index.php(46): CodeIgniter\Debug\Exceptions->errorHandler(8, 'Undefined prope...', 'D:\\xampp\\htdocs...', 46, Array)
#1 D:\xampp\htdocs\bltprogram\system\View\View.php(246): include('D:\\xampp\\htdocs...')
#2 D:\xampp\htdocs\bltprogram\system\Common.php(1119): CodeIgniter\View\View->render('Penduduk/index', Array, true)
#3 D:\xampp\htdocs\bltprogram\app\Controllers\Penduduk.php(30): view('Penduduk/index', Array)
#4 D:\xampp\htdocs\bltprogram\system\CodeIgniter.php(922): App\Controllers\Penduduk->index()
#5 D:\xampp\htdocs\bltprogram\system\CodeIgniter.php(408): CodeIgniter\CodeIgniter->runController(Object(App\Controllers\Penduduk))
#6 D:\xampp\htdocs\bltprogram\system\CodeIgniter.php(316): CodeIgniter\CodeIgniter->handleRequest(NULL, Object(Config\Cache), false)
#7 D:\xampp\htdocs\bltprogram\public\index.php(45): CodeIgniter\CodeIgniter->run()
#8 {main}
CRITICAL - 2020-12-09 22:08:41 --> syntax error, unexpected '->' (T_OBJECT_OPERATOR)
#0 D:\xampp\htdocs\bltprogram\system\Router\Router.php(195): CodeIgniter\Router\Router->autoRoute('User/Profile')
#1 D:\xampp\htdocs\bltprogram\system\CodeIgniter.php(797): CodeIgniter\Router\Router->handle('User/Profile')
#2 D:\xampp\htdocs\bltprogram\system\CodeIgniter.php(368): CodeIgniter\CodeIgniter->tryToRouteIt(Object(CodeIgniter\Router\RouteCollection))
#3 D:\xampp\htdocs\bltprogram\system\CodeIgniter.php(316): CodeIgniter\CodeIgniter->handleRequest(NULL, Object(Config\Cache), false)
#4 D:\xampp\htdocs\bltprogram\public\index.php(45): CodeIgniter\CodeIgniter->run()
#5 {main}
CRITICAL - 2020-12-09 22:19:25 --> Call to undefined method App\Controllers\User::getUserByUserID()
#0 D:\xampp\htdocs\bltprogram\system\CodeIgniter.php(922): App\Controllers\User->ChangePassword()
#1 D:\xampp\htdocs\bltprogram\system\CodeIgniter.php(408): CodeIgniter\CodeIgniter->runController(Object(App\Controllers\User))
#2 D:\xampp\htdocs\bltprogram\system\CodeIgniter.php(316): CodeIgniter\CodeIgniter->handleRequest(NULL, Object(Config\Cache), false)
#3 D:\xampp\htdocs\bltprogram\public\index.php(45): CodeIgniter\CodeIgniter->run()
#4 {main}
CRITICAL - 2020-12-09 22:19:33 --> Call to undefined method App\Controllers\User::getUserByUserID()
#0 D:\xampp\htdocs\bltprogram\system\CodeIgniter.php(922): App\Controllers\User->ChangePassword()
#1 D:\xampp\htdocs\bltprogram\system\CodeIgniter.php(408): CodeIgniter\CodeIgniter->runController(Object(App\Controllers\User))
#2 D:\xampp\htdocs\bltprogram\system\CodeIgniter.php(316): CodeIgniter\CodeIgniter->handleRequest(NULL, Object(Config\Cache), false)
#3 D:\xampp\htdocs\bltprogram\public\index.php(45): CodeIgniter\CodeIgniter->run()
#4 {main}
CRITICAL - 2020-12-09 22:19:57 --> Call to undefined method App\Controllers\User::getUserByUserID()
#0 D:\xampp\htdocs\bltprogram\system\CodeIgniter.php(922): App\Controllers\User->ChangePassword()
#1 D:\xampp\htdocs\bltprogram\system\CodeIgniter.php(408): CodeIgniter\CodeIgniter->runController(Object(App\Controllers\User))
#2 D:\xampp\htdocs\bltprogram\system\CodeIgniter.php(316): CodeIgniter\CodeIgniter->handleRequest(NULL, Object(Config\Cache), false)
#3 D:\xampp\htdocs\bltprogram\public\index.php(45): CodeIgniter\CodeIgniter->run()
#4 {main}
CRITICAL - 2020-12-09 22:20:43 --> Call to undefined method App\Controllers\User::getUserByUserID()
#0 D:\xampp\htdocs\bltprogram\system\CodeIgniter.php(922): App\Controllers\User->ChangePassword()
#1 D:\xampp\htdocs\bltprogram\system\CodeIgniter.php(408): CodeIgniter\CodeIgniter->runController(Object(App\Controllers\User))
#2 D:\xampp\htdocs\bltprogram\system\CodeIgniter.php(316): CodeIgniter\CodeIgniter->handleRequest(NULL, Object(Config\Cache), false)
#3 D:\xampp\htdocs\bltprogram\public\index.php(45): CodeIgniter\CodeIgniter->run()
#4 {main}
CRITICAL - 2020-12-09 23:41:36 --> Call to undefined method App\Controllers\MasterProgram::getKecamatan()
#0 D:\xampp\htdocs\bltprogram\system\CodeIgniter.php(922): App\Controllers\MasterProgram->index()
#1 D:\xampp\htdocs\bltprogram\system\CodeIgniter.php(408): CodeIgniter\CodeIgniter->runController(Object(App\Controllers\MasterProgram))
#2 D:\xampp\htdocs\bltprogram\system\CodeIgniter.php(316): CodeIgniter\CodeIgniter->handleRequest(NULL, Object(Config\Cache), false)
#3 D:\xampp\htdocs\bltprogram\public\index.php(45): CodeIgniter\CodeIgniter->run()
#4 {main}
CRITICAL - 2020-12-09 23:44:20 --> Call to undefined method App\Controllers\MasterProgram::registerControllergetKecamatan()
#0 D:\xampp\htdocs\bltprogram\system\CodeIgniter.php(922): App\Controllers\MasterProgram->index()
#1 D:\xampp\htdocs\bltprogram\system\CodeIgniter.php(408): CodeIgniter\CodeIgniter->runController(Object(App\Controllers\MasterProgram))
#2 D:\xampp\htdocs\bltprogram\system\CodeIgniter.php(316): CodeIgniter\CodeIgniter->handleRequest(NULL, Object(Config\Cache), false)
#3 D:\xampp\htdocs\bltprogram\public\index.php(45): CodeIgniter\CodeIgniter->run()
#4 {main}
CRITICAL - 2020-12-09 23:44:38 --> Call to a member function getKecamatan() on null
#0 D:\xampp\htdocs\bltprogram\system\CodeIgniter.php(922): App\Controllers\MasterProgram->index()
#1 D:\xampp\htdocs\bltprogram\system\CodeIgniter.php(408): CodeIgniter\CodeIgniter->runController(Object(App\Controllers\MasterProgram))
#2 D:\xampp\htdocs\bltprogram\system\CodeIgniter.php(316): CodeIgniter\CodeIgniter->handleRequest(NULL, Object(Config\Cache), false)
#3 D:\xampp\htdocs\bltprogram\public\index.php(45): CodeIgniter\CodeIgniter->run()
#4 {main}
CRITICAL - 2020-12-09 23:46:00 --> Call to a member function getKecamatan() on null
#0 D:\xampp\htdocs\bltprogram\system\CodeIgniter.php(922): App\Controllers\MasterProgram->index()
#1 D:\xampp\htdocs\bltprogram\system\CodeIgniter.php(408): CodeIgniter\CodeIgniter->runController(Object(App\Controllers\MasterProgram))
#2 D:\xampp\htdocs\bltprogram\system\CodeIgniter.php(316): CodeIgniter\CodeIgniter->handleRequest(NULL, Object(Config\Cache), false)
#3 D:\xampp\htdocs\bltprogram\public\index.php(45): CodeIgniter\CodeIgniter->run()
#4 {main}
CRITICAL - 2020-12-09 23:46:01 --> Call to a member function getKecamatan() on null
#0 D:\xampp\htdocs\bltprogram\system\CodeIgniter.php(922): App\Controllers\MasterProgram->index()
#1 D:\xampp\htdocs\bltprogram\system\CodeIgniter.php(408): CodeIgniter\CodeIgniter->runController(Object(App\Controllers\MasterProgram))
#2 D:\xampp\htdocs\bltprogram\system\CodeIgniter.php(316): CodeIgniter\CodeIgniter->handleRequest(NULL, Object(Config\Cache), false)
#3 D:\xampp\htdocs\bltprogram\public\index.php(45): CodeIgniter\CodeIgniter->run()
#4 {main}
CRITICAL - 2020-12-09 23:46:01 --> Call to a member function getKecamatan() on null
#0 D:\xampp\htdocs\bltprogram\system\CodeIgniter.php(922): App\Controllers\MasterProgram->index()
#1 D:\xampp\htdocs\bltprogram\system\CodeIgniter.php(408): CodeIgniter\CodeIgniter->runController(Object(App\Controllers\MasterProgram))
#2 D:\xampp\htdocs\bltprogram\system\CodeIgniter.php(316): CodeIgniter\CodeIgniter->handleRequest(NULL, Object(Config\Cache), false)
#3 D:\xampp\htdocs\bltprogram\public\index.php(45): CodeIgniter\CodeIgniter->run()
#4 {main}
CRITICAL - 2020-12-09 23:46:01 --> Call to a member function getKecamatan() on null
#0 D:\xampp\htdocs\bltprogram\system\CodeIgniter.php(922): App\Controllers\MasterProgram->index()
#1 D:\xampp\htdocs\bltprogram\system\CodeIgniter.php(408): CodeIgniter\CodeIgniter->runController(Object(App\Controllers\MasterProgram))
#2 D:\xampp\htdocs\bltprogram\system\CodeIgniter.php(316): CodeIgniter\CodeIgniter->handleRequest(NULL, Object(Config\Cache), false)
#3 D:\xampp\htdocs\bltprogram\public\index.php(45): CodeIgniter\CodeIgniter->run()
#4 {main}
CRITICAL - 2020-12-09 23:46:49 --> Undefined variable: query
#0 D:\xampp\htdocs\bltprogram\app\Controllers\MasterProgram.php(26): CodeIgniter\Debug\Exceptions->errorHandler(8, 'Undefined varia...', 'D:\\xampp\\htdocs...', 26, Array)
#1 D:\xampp\htdocs\bltprogram\system\CodeIgniter.php(922): App\Controllers\MasterProgram->index()
#2 D:\xampp\htdocs\bltprogram\system\CodeIgniter.php(408): CodeIgniter\CodeIgniter->runController(Object(App\Controllers\MasterProgram))
#3 D:\xampp\htdocs\bltprogram\system\CodeIgniter.php(316): CodeIgniter\CodeIgniter->handleRequest(NULL, Object(Config\Cache), false)
#4 D:\xampp\htdocs\bltprogram\public\index.php(45): CodeIgniter\CodeIgniter->run()
#5 {main}
