CRITICAL - 2020-12-07 10:54:02 --> Invalid file: {0}
#0 D:\xampp\htdocs\bltprogram\system\View\View.php(228): CodeIgniter\Exceptions\FrameworkException::forInvalidFile('Login/index.php')
#1 D:\xampp\htdocs\bltprogram\system\Common.php(1119): CodeIgniter\View\View->render('Login/index', Array, true)
#2 D:\xampp\htdocs\bltprogram\app\Controllers\Home.php(18): view('Login/index')
#3 D:\xampp\htdocs\bltprogram\system\CodeIgniter.php(922): App\Controllers\Home->index()
#4 D:\xampp\htdocs\bltprogram\system\CodeIgniter.php(408): CodeIgniter\CodeIgniter->runController(Object(App\Controllers\Home))
#5 D:\xampp\htdocs\bltprogram\system\CodeIgniter.php(316): CodeIgniter\CodeIgniter->handleRequest(NULL, Object(Config\Cache), false)
#6 D:\xampp\htdocs\bltprogram\public\index.php(45): CodeIgniter\CodeIgniter->run()
#7 {main}
CRITICAL - 2020-12-07 11:31:54 --> Undefined variable: inputTandaTangan
#0 D:\xampp\htdocs\bltprogram\app\Controllers\Register.php(225): CodeIgniter\Debug\Exceptions->errorHandler(8, 'Undefined varia...', 'D:\\xampp\\htdocs...', 225, Array)
#1 D:\xampp\htdocs\bltprogram\system\CodeIgniter.php(922): App\Controllers\Register->SimpanRegister()
#2 D:\xampp\htdocs\bltprogram\system\CodeIgniter.php(408): CodeIgniter\CodeIgniter->runController(Object(App\Controllers\Register))
#3 D:\xampp\htdocs\bltprogram\system\CodeIgniter.php(316): CodeIgniter\CodeIgniter->handleRequest(NULL, Object(Config\Cache), false)
#4 D:\xampp\htdocs\bltprogram\public\index.php(45): CodeIgniter\CodeIgniter->run()
#5 {main}
CRITICAL - 2020-12-07 11:31:54 --> Uncaught ErrorException: print_r(): Property access is not allowed yet in D:\xampp\htdocs\bltprogram\app\Views\errors\html\error_exception.php:100
Stack trace:
#0 [internal function]: CodeIgniter\Debug\Exceptions->errorHandler(2, 'print_r(): Prop...', 'D:\\xampp\\htdocs...', 100, Array)
#1 D:\xampp\htdocs\bltprogram\app\Views\errors\html\error_exception.php(100): print_r(Array, true)
#2 D:\xampp\htdocs\bltprogram\system\Debug\Exceptions.php(308): include('D:\\xampp\\htdocs...')
#3 D:\xampp\htdocs\bltprogram\system\Debug\Exceptions.php(174): CodeIgniter\Debug\Exceptions->render(Object(ErrorException), 500)
#4 [internal function]: CodeIgniter\Debug\Exceptions->exceptionHandler(Object(ErrorException))
#5 {main}
  thrown
#0 [internal function]: CodeIgniter\Debug\Exceptions->shutdownHandler()
#1 {main}
CRITICAL - 2020-12-07 11:34:46 --> The uploaded file has already been moved.
#0 D:\xampp\htdocs\bltprogram\system\HTTP\Files\UploadedFile.php(167): CodeIgniter\HTTP\Exceptions\HTTPException::forAlreadyMoved()
#1 D:\xampp\htdocs\bltprogram\app\Controllers\Register.php(236): CodeIgniter\HTTP\Files\UploadedFile->move('D:/xampp/htdocs...', '1607362486_220d...')
#2 D:\xampp\htdocs\bltprogram\system\CodeIgniter.php(922): App\Controllers\Register->SimpanRegister()
#3 D:\xampp\htdocs\bltprogram\system\CodeIgniter.php(408): CodeIgniter\CodeIgniter->runController(Object(App\Controllers\Register))
#4 D:\xampp\htdocs\bltprogram\system\CodeIgniter.php(316): CodeIgniter\CodeIgniter->handleRequest(NULL, Object(Config\Cache), false)
#5 D:\xampp\htdocs\bltprogram\public\index.php(45): CodeIgniter\CodeIgniter->run()
#6 {main}
CRITICAL - 2020-12-07 11:36:32 --> The uploaded file has already been moved.
#0 D:\xampp\htdocs\bltprogram\system\HTTP\Files\UploadedFile.php(167): CodeIgniter\HTTP\Exceptions\HTTPException::forAlreadyMoved()
#1 D:\xampp\htdocs\bltprogram\app\Controllers\Register.php(236): CodeIgniter\HTTP\Files\UploadedFile->move('D:/xampp/htdocs...', '1607362592_d2b6...')
#2 D:\xampp\htdocs\bltprogram\system\CodeIgniter.php(922): App\Controllers\Register->SimpanRegister()
#3 D:\xampp\htdocs\bltprogram\system\CodeIgniter.php(408): CodeIgniter\CodeIgniter->runController(Object(App\Controllers\Register))
#4 D:\xampp\htdocs\bltprogram\system\CodeIgniter.php(316): CodeIgniter\CodeIgniter->handleRequest(NULL, Object(Config\Cache), false)
#5 D:\xampp\htdocs\bltprogram\public\index.php(45): CodeIgniter\CodeIgniter->run()
#6 {main}
CRITICAL - 2020-12-07 11:37:05 --> The uploaded file has already been moved.
#0 D:\xampp\htdocs\bltprogram\system\HTTP\Files\UploadedFile.php(167): CodeIgniter\HTTP\Exceptions\HTTPException::forAlreadyMoved()
#1 D:\xampp\htdocs\bltprogram\app\Controllers\Register.php(236): CodeIgniter\HTTP\Files\UploadedFile->move('D:/xampp/htdocs...', '1607362625_17cd...')
#2 D:\xampp\htdocs\bltprogram\system\CodeIgniter.php(922): App\Controllers\Register->SimpanRegister()
#3 D:\xampp\htdocs\bltprogram\system\CodeIgniter.php(408): CodeIgniter\CodeIgniter->runController(Object(App\Controllers\Register))
#4 D:\xampp\htdocs\bltprogram\system\CodeIgniter.php(316): CodeIgniter\CodeIgniter->handleRequest(NULL, Object(Config\Cache), false)
#5 D:\xampp\htdocs\bltprogram\public\index.php(45): CodeIgniter\CodeIgniter->run()
#6 {main}
CRITICAL - 2020-12-07 11:40:51 --> The uploaded file has already been moved.
#0 D:\xampp\htdocs\bltprogram\system\HTTP\Files\UploadedFile.php(167): CodeIgniter\HTTP\Exceptions\HTTPException::forAlreadyMoved()
#1 D:\xampp\htdocs\bltprogram\app\Controllers\Register.php(238): CodeIgniter\HTTP\Files\UploadedFile->move('D:/xampp/htdocs...', '1607362851_774d...')
#2 D:\xampp\htdocs\bltprogram\system\CodeIgniter.php(922): App\Controllers\Register->SimpanRegister()
#3 D:\xampp\htdocs\bltprogram\system\CodeIgniter.php(408): CodeIgniter\CodeIgniter->runController(Object(App\Controllers\Register))
#4 D:\xampp\htdocs\bltprogram\system\CodeIgniter.php(316): CodeIgniter\CodeIgniter->handleRequest(NULL, Object(Config\Cache), false)
#5 D:\xampp\htdocs\bltprogram\public\index.php(45): CodeIgniter\CodeIgniter->run()
#6 {main}
CRITICAL - 2020-12-07 11:42:13 --> The uploaded file has already been moved.
#0 D:\xampp\htdocs\bltprogram\system\HTTP\Files\UploadedFile.php(167): CodeIgniter\HTTP\Exceptions\HTTPException::forAlreadyMoved()
#1 D:\xampp\htdocs\bltprogram\app\Controllers\Register.php(238): CodeIgniter\HTTP\Files\UploadedFile->move('D:/xampp/htdocs...', '1607362933_518a...')
#2 D:\xampp\htdocs\bltprogram\system\CodeIgniter.php(922): App\Controllers\Register->SimpanRegister()
#3 D:\xampp\htdocs\bltprogram\system\CodeIgniter.php(408): CodeIgniter\CodeIgniter->runController(Object(App\Controllers\Register))
#4 D:\xampp\htdocs\bltprogram\system\CodeIgniter.php(316): CodeIgniter\CodeIgniter->handleRequest(NULL, Object(Config\Cache), false)
#5 D:\xampp\htdocs\bltprogram\public\index.php(45): CodeIgniter\CodeIgniter->run()
#6 {main}
CRITICAL - 2020-12-07 11:43:33 --> The uploaded file has already been moved.
#0 D:\xampp\htdocs\bltprogram\system\HTTP\Files\UploadedFile.php(167): CodeIgniter\HTTP\Exceptions\HTTPException::forAlreadyMoved()
#1 D:\xampp\htdocs\bltprogram\app\Controllers\Register.php(238): CodeIgniter\HTTP\Files\UploadedFile->move('D:/xampp/htdocs...', '1607363013_3895...')
#2 D:\xampp\htdocs\bltprogram\system\CodeIgniter.php(922): App\Controllers\Register->SimpanRegister()
#3 D:\xampp\htdocs\bltprogram\system\CodeIgniter.php(408): CodeIgniter\CodeIgniter->runController(Object(App\Controllers\Register))
#4 D:\xampp\htdocs\bltprogram\system\CodeIgniter.php(316): CodeIgniter\CodeIgniter->handleRequest(NULL, Object(Config\Cache), false)
#5 D:\xampp\htdocs\bltprogram\public\index.php(45): CodeIgniter\CodeIgniter->run()
#6 {main}
CRITICAL - 2020-12-07 11:48:09 --> Undefined property: stdClass::$TandaTangan
#0 D:\xampp\htdocs\bltprogram\app\Views\User\dashboard.php(293): CodeIgniter\Debug\Exceptions->errorHandler(8, 'Undefined prope...', 'D:\\xampp\\htdocs...', 293, Array)
#1 D:\xampp\htdocs\bltprogram\system\View\View.php(246): include('D:\\xampp\\htdocs...')
#2 D:\xampp\htdocs\bltprogram\system\Common.php(1119): CodeIgniter\View\View->render('User/dashboard', Array, true)
#3 D:\xampp\htdocs\bltprogram\app\Controllers\User.php(149): view('User/dashboard', Array)
#4 D:\xampp\htdocs\bltprogram\system\CodeIgniter.php(922): App\Controllers\User->dashboard()
#5 D:\xampp\htdocs\bltprogram\system\CodeIgniter.php(408): CodeIgniter\CodeIgniter->runController(Object(App\Controllers\User))
#6 D:\xampp\htdocs\bltprogram\system\CodeIgniter.php(316): CodeIgniter\CodeIgniter->handleRequest(NULL, Object(Config\Cache), false)
#7 D:\xampp\htdocs\bltprogram\public\index.php(45): CodeIgniter\CodeIgniter->run()
#8 {main}
CRITICAL - 2020-12-07 11:54:42 --> Undefined property: stdClass::$TandaTangan
#0 D:\xampp\htdocs\bltprogram\app\Views\User\dashboard.php(293): CodeIgniter\Debug\Exceptions->errorHandler(8, 'Undefined prope...', 'D:\\xampp\\htdocs...', 293, Array)
#1 D:\xampp\htdocs\bltprogram\system\View\View.php(246): include('D:\\xampp\\htdocs...')
#2 D:\xampp\htdocs\bltprogram\system\Common.php(1119): CodeIgniter\View\View->render('User/dashboard', Array, true)
#3 D:\xampp\htdocs\bltprogram\app\Controllers\User.php(149): view('User/dashboard', Array)
#4 D:\xampp\htdocs\bltprogram\system\CodeIgniter.php(922): App\Controllers\User->dashboard()
#5 D:\xampp\htdocs\bltprogram\system\CodeIgniter.php(408): CodeIgniter\CodeIgniter->runController(Object(App\Controllers\User))
#6 D:\xampp\htdocs\bltprogram\system\CodeIgniter.php(316): CodeIgniter\CodeIgniter->handleRequest(NULL, Object(Config\Cache), false)
#7 D:\xampp\htdocs\bltprogram\public\index.php(45): CodeIgniter\CodeIgniter->run()
#8 {main}
